[92m2022-05-08 17:09:45 I/main: Starting mirai-console...[0m[m
[92m2022-05-08 17:09:46 I/main: Backend: version 2.11.0-M1, built on 2022-03-08 20:34:54.[0m[m
[92m2022-05-08 17:09:46 I/main: Frontend Terminal: version 2.11.0-M1, provided by Mamoe Technologies[0m[m
[92m2022-05-08 17:09:46 I/main: Welcome to visit https://mirai.mamoe.net/[0m[m
[91m2022-05-08 17:09:46 W/stderr: SLF4J: Failed to load class "org.slf4j.impl.StaticLoggerBinder".[0m[m
[91m2022-05-08 17:09:46 W/stderr: SLF4J: Defaulting to no-operation (NOP) logger implementation[0m[m
[91m2022-05-08 17:09:46 W/stderr: SLF4J: See http://www.slf4j.org/codes.html#StaticLoggerBinder for further details.[0m[m
[92m2022-05-08 17:09:46 I/plugin: Successfully loaded plugin Chat Command v0.5.0[0m[m
[92m2022-05-08 17:09:46 I/plugin: Successfully loaded plugin MCL Addon v1.2.2[0m[m
[92m2022-05-08 17:09:46 I/plugin: Successfully loaded plugin net.mamoe.mirai-api-http v2.4.0[0m[m
[92m2022-05-08 17:09:46 I/plugin: Successfully loaded plugin Drift Bottle v1.9.0[0m[m
[92m2022-05-08 17:09:46 I/net.mamoe.mirai-login-solver-selenium: Loading mirai-login-solver-selenium v1.0-dev-12[0m[m
[92m2022-05-08 17:09:46 I/WindowHelperJvm: Mirai æ­£åœ¨ä½¿ç”¨æ¡Œé¢ç¯å¢ƒ. å¦‚é‡åˆ°éªŒè¯ç å°†ä¼šå¼¹å‡ºå¯¹è¯æ¡†. å¯æ·»åŠ  JVM å±æ€§ `mirai.no-desktop` ä»¥å…³é—­.[0m[m
[92m2022-05-08 17:09:46 I/WindowHelperJvm: Mirai is using desktop. Captcha will be thrown by window popup. You can add `mirai.no-desktop` to JVM properties (-Dmirai.no-desktop) to disable it.[0m[m
[92m2022-05-08 17:09:47 I/stdout: Line:     ProgId    REG_SZ    ChromeHTML, b64:ICAgIFByb2dJZCAgICBSRUdfU1ogICAgQ2hyb21lSFRNTA==[0m[m
[92m2022-05-08 17:09:47 I/stdout: List: [, ProgId, REG_SZ, ChromeHTML][0m[m
[92m2022-05-08 17:09:47 I/stdout: Line:     name    REG_SZ    Google Chrome, b64:ICAgIG5hbWUgICAgUkVHX1NaICAgIEdvb2dsZSBDaHJvbWU=[0m[m
[92m2022-05-08 17:09:47 I/stdout: List: [, name, REG_SZ, Google Chrome][0m[m
[92m2022-05-08 17:09:47 I/stdout: Line:     pv    REG_SZ    101.0.4951.54, b64:ICAgIHB2ICAgIFJFR19TWiAgICAxMDEuMC40OTUxLjU0[0m[m
[92m2022-05-08 17:09:47 I/stdout: List: [, pv, REG_SZ, 101.0.4951.54][0m[m
[92m2022-05-08 17:09:47 I/stdout: [2022-05-08 17:09:47 MxLib Selenium - Chrome] Running on ä¸­å›½-å¤§é™†[0m[m
[92m2022-05-08 17:09:47 I/stdout: [2022-05-08 17:09:47 MxLib Selenium - Chrome] Using taoboo mirror default[0m[m
[92m2022-05-08 17:09:47 I/stdout: [2022-05-08 17:09:47 MxLib Selenium - Chrome] MxLib will download chrome driver from http://npm.taobao.org/mirrors/chromedriver/[0m[m
[92m2022-05-08 17:09:47 I/stdout: [2022-05-08 17:09:47 MxLib Selenium - Chrome] Change it with `-Dmxlib.selenium.chrome.mirror=.....` vm option[0m[m
[92m2022-05-08 17:09:47 I/stdout: [2022-05-08 17:09:47 MxLib Selenium - Chrome] Or disable it with `-Dmxlib.selenium.chrome.no-mirror`[0m[m
[92m2022-05-08 17:09:47 I/plugin: Successfully loaded plugin net.mamoe.mirai-login-solver-selenium v1.0-dev-12[0m[m
[92m2022-05-08 17:09:47 I/main: Prepared built-in commands: autoLogin, help, login, logout, permission, status, stop[0m[m
[92m2022-05-08 17:09:47 I/MCL Addon: iTXTech MCL Version: 1.2.2-60c67fb[0m[m
[92m2022-05-08 17:09:47 I/Mirai HTTP API: ********************************************************[0m[m
[92m2022-05-08 17:09:48 I/http adapter: >>> [http adapter] is listening at http://127.0.0.1:8080[0m[m
[92m2022-05-08 17:09:48 I/ws adapter: >>> [ws adapter] is listening at ws://127.0.0.1:8080[0m[m
[92m2022-05-08 17:09:48 I/Mirai HTTP API: Http api server is running with verifyKey: 114514233[0m[m
[92m2022-05-08 17:09:48 I/Mirai HTTP API: adaptors: [http,ws][0m[m
[92m2022-05-08 17:09:48 I/Mirai HTTP API: ********************************************************[0m[m
[92m2022-05-08 17:09:48 I/Drift Bottle: Plugin loaded[0m[m
[92m2022-05-08 17:09:48 I/main: 5 plugin(s) enabled.[0m[m
[92m2022-05-08 17:09:48 I/main: Auto-login 2810704613[0m[m
[91m2022-05-08 17:09:48 W/stderr: ERROR StatusLogger Log4j2 could not find a logging implementation. Please add log4j-core to the classpath. Using SimpleLogger to log to the console...[0m[m
[92m2022-05-08 17:09:51 I/Bot.2810704613: Loaded account secrets from local cache.[0m[m
[92m2022-05-08 17:09:52 I/Bot.2810704613: Saved account secrets to local cache for fast login.[0m[m
[92m2022-05-08 17:09:52 I/Bot.2810704613: Login successful.[0m[m
[0m2022-05-08 17:09:53 V/Bot.2810704613: Event: BotOnlineEvent(bot=Bot(2810704613))[0m[m
[92m2022-05-08 17:09:53 I/Bot.2810704613: Bot login successful.[0m[m
[92m2022-05-08 17:09:53 I/main: mirai-console started successfully.[0m[m
[0m2022-05-08 17:09:59 V/Bot.2810704613: [Miraiéå®˜æ–¹å¼€å‘ç¾¤(780718903)] Python-èŒæ–°ä¹Ÿè¦åŠªåŠ›å˜å¼º(2691325401) -> äººå·²ç»éº»äº†[0m[m
[91m2022-05-08 17:10:02 W/console: å‚æ•°ä¸åŒ¹é…, ä½ æ˜¯å¦æƒ³æ‰§è¡Œ: 
/permission cancel <è¢«è®¸å¯äºº ID> <æƒé™ ID>    (å‚æ•°ä¸è¶³)
/permission deny <è¢«è®¸å¯äºº ID> <æƒé™ ID>    (å‚æ•°ä¸è¶³)
/permission remove <è¢«è®¸å¯äºº ID> <æƒé™ ID>    (å‚æ•°ä¸è¶³)
/permission cancelAll <è¢«è®¸å¯äºº ID> <æƒé™ ID>    (å‚æ•°ä¸è¶³)
/permission denyAll <è¢«è®¸å¯äºº ID> <æƒé™ ID>    (å‚æ•°ä¸è¶³)
/permission removeAll <è¢«è®¸å¯äºº ID> <æƒé™ ID>    (å‚æ•°ä¸è¶³)
/permission listPermissions    (å‚æ•°ä¸è¶³)
/permission lp    (å‚æ•°ä¸è¶³)
/permission permit <è¢«è®¸å¯äºº ID> <æƒé™ ID>    (å‚æ•°ä¸è¶³)
/permission grant <è¢«è®¸å¯äºº ID> <æƒé™ ID>    (å‚æ•°ä¸è¶³)
/permission add <è¢«è®¸å¯äºº ID> <æƒé™ ID>    (å‚æ•°ä¸è¶³)
/permission permittedPermissions <è¢«è®¸å¯äºº ID> [åŒ…æ‹¬é‡å¤]    (å‚æ•°ä¸è¶³)
/permission pp <è¢«è®¸å¯äºº ID> [åŒ…æ‹¬é‡å¤]    (å‚æ•°ä¸è¶³)
/permission grantedPermissions <è¢«è®¸å¯äºº ID> [åŒ…æ‹¬é‡å¤]    (å‚æ•°ä¸è¶³)
/permission gp <è¢«è®¸å¯äºº ID> [åŒ…æ‹¬é‡å¤]    (å‚æ•°ä¸è¶³)[0m[m
[0m2022-05-08 17:12:48 V/Bot.2810704613: Event: BotOfflineEvent.Active(bot=Bot(2810704613), cause=kotlinx.coroutines.JobCancellationException: Job was cancelled; job=SupervisorJobImpl{Cancelling}@1c692fd0, reconnect=false)[0m[m
[92m2022-05-08 17:12:48 I/Bot.2810704613: Bot cancelled: Job was cancelled[0m[m
