[92m2022-05-08 16:41:56 I/main: Starting mirai-console...[0m[m
[92m2022-05-08 16:41:58 I/main: Backend: version 2.11.0-M1, built on 2022-03-08 20:34:54.[0m[m
[92m2022-05-08 16:41:58 I/main: Frontend Terminal: version 2.11.0-M1, provided by Mamoe Technologies[0m[m
[92m2022-05-08 16:41:58 I/main: Welcome to visit https://mirai.mamoe.net/[0m[m
[91m2022-05-08 16:41:58 W/stderr: SLF4J: Failed to load class "org.slf4j.impl.StaticLoggerBinder".[0m[m
[91m2022-05-08 16:41:58 W/stderr: SLF4J: Defaulting to no-operation (NOP) logger implementation[0m[m
[91m2022-05-08 16:41:58 W/stderr: SLF4J: See http://www.slf4j.org/codes.html#StaticLoggerBinder for further details.[0m[m
[92m2022-05-08 16:41:59 I/JvmPluginLoader: ç§»åŠ¨ Chat Command v0.5.0 çš„æ•°æ®æ–‡ä»¶ç›®å½•(C:\Users\Administrator\Desktop\mirai2.0\mcl\config\Chat Command)åˆ° C:\Users\Administrator\Desktop\mirai2.0\mcl\config\net.mamoe.mirai.console.chat-command[0m[m
[92m2022-05-08 16:41:59 I/JvmPluginLoader: ç§»åŠ¨ Chat Command v0.5.0 çš„æ•°æ®æ–‡ä»¶ç›®å½•(C:\Users\Administrator\Desktop\mirai2.0\mcl\config\Chat Command)åˆ° C:\Users\Administrator\Desktop\mirai2.0\mcl\config\net.mamoe.mirai.console.chat-command å®Œæˆ[0m[m
[92m2022-05-08 16:41:59 I/plugin: Successfully loaded plugin Chat Command v0.5.0[0m[m
[92m2022-05-08 16:41:59 I/plugin: Successfully loaded plugin MCL Addon v1.2.2[0m[m
[92m2022-05-08 16:41:59 I/plugin: Successfully loaded plugin net.mamoe.mirai-api-http v2.4.0[0m[m
[92m2022-05-08 16:41:59 I/net.mamoe.mirai-login-solver-selenium: Loading mirai-login-solver-selenium v1.0-dev-12[0m[m
[92m2022-05-08 16:41:59 I/WindowHelperJvm: Mirai æ­£åœ¨ä½¿ç”¨æ¡Œé¢ç¯å¢ƒ. å¦‚é‡åˆ°éªŒè¯ç å°†ä¼šå¼¹å‡ºå¯¹è¯æ¡†. å¯æ·»åŠ  JVM å±æ€§ `mirai.no-desktop` ä»¥å…³é—­.[0m[m
[92m2022-05-08 16:41:59 I/WindowHelperJvm: Mirai is using desktop. Captcha will be thrown by window popup. You can add `mirai.no-desktop` to JVM properties (-Dmirai.no-desktop) to disable it.[0m[m
[92m2022-05-08 16:42:00 I/stdout: Line:     ProgId    REG_SZ    ChromeHTML, b64:ICAgIFByb2dJZCAgICBSRUdfU1ogICAgQ2hyb21lSFRNTA==[0m[m
[92m2022-05-08 16:42:00 I/stdout: List: [, ProgId, REG_SZ, ChromeHTML][0m[m
[92m2022-05-08 16:42:00 I/stdout: Line:     name    REG_SZ    Google Chrome, b64:ICAgIG5hbWUgICAgUkVHX1NaICAgIEdvb2dsZSBDaHJvbWU=[0m[m
[92m2022-05-08 16:42:00 I/stdout: List: [, name, REG_SZ, Google Chrome][0m[m
[92m2022-05-08 16:42:00 I/stdout: Line:     opv    REG_SZ    100.0.4896.127, b64:ICAgIG9wdiAgICBSRUdfU1ogICAgMTAwLjAuNDg5Ni4xMjc=[0m[m
[92m2022-05-08 16:42:00 I/stdout: List: [, opv, REG_SZ, 100.0.4896.127][0m[m
[92m2022-05-08 16:42:00 I/stdout: Line:     pv    REG_SZ    101.0.4951.54, b64:ICAgIHB2ICAgIFJFR19TWiAgICAxMDEuMC40OTUxLjU0[0m[m
[92m2022-05-08 16:42:00 I/stdout: List: [, pv, REG_SZ, 101.0.4951.54][0m[m
[92m2022-05-08 16:42:00 I/stdout: [2022-05-08 16:42:00 MxLib Selenium - Chrome] Running on ä¸­å›½-å¤§é™†[0m[m
[92m2022-05-08 16:42:00 I/stdout: [2022-05-08 16:42:00 MxLib Selenium - Chrome] Using taoboo mirror default[0m[m
[92m2022-05-08 16:42:00 I/stdout: [2022-05-08 16:42:00 MxLib Selenium - Chrome] MxLib will download chrome driver from http://npm.taobao.org/mirrors/chromedriver/[0m[m
[92m2022-05-08 16:42:00 I/stdout: [2022-05-08 16:42:00 MxLib Selenium - Chrome] Change it with `-Dmxlib.selenium.chrome.mirror=.....` vm option[0m[m
[92m2022-05-08 16:42:00 I/stdout: [2022-05-08 16:42:00 MxLib Selenium - Chrome] Or disable it with `-Dmxlib.selenium.chrome.no-mirror`[0m[m
[92m2022-05-08 16:42:00 I/plugin: Successfully loaded plugin net.mamoe.mirai-login-solver-selenium v1.0-dev-12[0m[m
[92m2022-05-08 16:42:01 I/main: Prepared built-in commands: autoLogin, help, login, logout, permission, status, stop[0m[m
[92m2022-05-08 16:42:01 I/MCL Addon: iTXTech MCL Version: 1.2.2-60c67fb[0m[m
[92m2022-05-08 16:42:01 I/Mirai HTTP API: ********************************************************[0m[m
[92m2022-05-08 16:42:02 I/http adapter: >>> [http adapter] is listening at http://127.0.0.1:8080[0m[m
[92m2022-05-08 16:42:02 I/ws adapter: >>> [ws adapter] is listening at ws://127.0.0.1:8080[0m[m
[92m2022-05-08 16:42:02 I/Mirai HTTP API: Http api server is running with verifyKey: 114514233[0m[m
[92m2022-05-08 16:42:02 I/Mirai HTTP API: adaptors: [http,ws][0m[m
[92m2022-05-08 16:42:02 I/Mirai HTTP API: ********************************************************[0m[m
[92m2022-05-08 16:42:02 I/main: 4 plugin(s) enabled.[0m[m
[92m2022-05-08 16:42:02 I/main: Auto-login 2810704613[0m[m
[91m2022-05-08 16:42:03 W/stderr: ERROR StatusLogger Log4j2 could not find a logging implementation. Please add log4j-core to the classpath. Using SimpleLogger to log to the console...[0m[m
[92m2022-05-08 16:42:05 I/Bot.2810704613: Loaded account secrets from local cache.[0m[m
[92m2022-05-08 16:42:06 I/Bot.2810704613: Saved account secrets to local cache for fast login.[0m[m
[92m2022-05-08 16:42:06 I/Bot.2810704613: Login successful.[0m[m
[0m2022-05-08 16:42:08 V/Bot.2810704613: Event: BotOnlineEvent(bot=Bot(2810704613))[0m[m
[92m2022-05-08 16:42:08 I/Bot.2810704613: Bot login successful.[0m[m
[92m2022-05-08 16:42:08 I/main: mirai-console started successfully.[0m[m
[0m2022-05-08 16:42:11 V/Bot.2810704613: [å†¬ç°æ¡é˜²è„±å‘æ²»ç–—ä¸­å¿ƒ(743201352)] æŸæ—¶æ©™(1163675107) -> æ›´æ–°äº†ä¸ªä¾èµ–[0m[m
[0m2022-05-08 16:42:35 V/Bot.2810704613: [å†¬ç°æ¡é˜²è„±å‘æ²»ç–—ä¸­å¿ƒ(743201352)] æŸæ—¶æ©™(1163675107) -> [mirai:at:2810704613] å¿«è¯´ æµ‹è¯•[0m[m
[0m2022-05-08 16:42:37 V/Bot.2810704613: Group(743201352) <- èƒ½ä¸èƒ½è®©æˆ‘ä¼‘æ¯ä¸‹å–å£æ°´å†è¯´å•Šï¼Ÿ[0m[m
[0m2022-05-08 16:43:42 V/Bot.2810704613: [å†¬ç°æ¡é˜²è„±å‘æ²»ç–—ä¸­å¿ƒ(743201352)] å°å°å°å°è’‹(1523314624) -> [mirai:at:2810704613] å¿«è¯´ test[0m[m
[0m2022-05-08 16:43:43 V/Bot.2810704613: Group(743201352) <- å­˜åœ¨è¿è§„å­—ç¬¦ï¼Œè½¬æ¢å¤±è´¥[0m[m
[0m2022-05-08 16:44:04 V/Bot.2810704613: [Rç¤¾æ´åŠ©äº¤æµç¾¤(778365357)] äºŒåˆºèˆè‹è”äºº(2352484318) -> [mirai:image:{F9A09815-CE10-EB76-58F3-55D3C79C38FB}.jpg][0m[m
[0m2022-05-08 16:44:04 V/Bot.2810704613: [Rç¤¾æ´åŠ©äº¤æµç¾¤(778365357)] äºŒåˆºèˆè‹è”äºº(2352484318) -> è¿™æ˜¯æ—æªç½¢ï¼ˆå…¨æ¼ï¼‰[0m[m
[0m2022-05-08 16:44:04 V/Bot.2810704613: [å†¬ç°æ¡é˜²è„±å‘æ²»ç–—ä¸­å¿ƒ(743201352)] æŸæ—¶æ©™(1163675107) -> [mirai:at:2810704613] å¿«è¯´ æˆ‘è¯´ä¸äº†è‹±æ–‡[0m[m
[0m2022-05-08 16:44:07 V/Bot.2810704613: Group(743201352) <- [mirai:audio:147B921CCF170D8C0487289B517079BC.amr][0m[m
[0m2022-05-08 16:44:17 V/Bot.2810704613: [å†¬ç°æ¡é˜²è„±å‘æ²»ç–—ä¸­å¿ƒ(743201352)] UN1C0DE(245127712) -> @æ©™èŒèŒ å¿«è¯´ test[0m[m
[0m2022-05-08 16:44:21 V/Bot.2810704613: Event: GroupRecall(bot=Bot(2810704613), authorId=245127712, messageIds=[336069], messageInternalIds=[752684877], messageTime=1651999457, operator=NormalMember(245127712), group=Group(743201352), author=NormalMember(245127712))[0m[m
[0m2022-05-08 16:44:27 V/Bot.2810704613: [å†¬ç°æ¡é˜²è„±å‘æ²»ç–—ä¸­å¿ƒ(743201352)] UN1C0DE(245127712) -> [mirai:at:2810704613] å¿«è¯´ å•Šå“ˆå“ˆ[0m[m
[0m2022-05-08 16:44:29 V/Bot.2810704613: Group(743201352) <- [mirai:audio:326BB759EB60C626CF27D4791D46F0B1.amr][0m[m
[0m2022-05-08 16:44:36 V/Bot.2810704613: [å†¬ç°æ¡é˜²è„±å‘æ²»ç–—ä¸­å¿ƒ(743201352)] å°å°å°å°è’‹(1523314624) -> [mirai:at:2810704613] å¿«è¯´ æˆ‘å¤ªåºŸç‰©äº†[0m[m
[0m2022-05-08 16:44:37 V/Bot.2810704613: Group(743201352) <- èƒ½ä¸èƒ½è®©æˆ‘ä¼‘æ¯ä¸‹å–å£æ°´å†è¯´å•Šï¼Ÿ[0m[m
[0m2022-05-08 16:44:51 V/Bot.2810704613: [å†¬ç°æ¡é˜²è„±å‘æ²»ç–—ä¸­å¿ƒ(743201352)] å°å°å°å°è’‹(1523314624) -> [mirai:at:2810704613] å¿«è¯´ æˆ‘å¤ªåºŸç‰©äº†[0m[m
[0m2022-05-08 16:44:52 V/Bot.2810704613: [å†¬ç°æ¡é˜²è„±å‘æ²»ç–—ä¸­å¿ƒ(743201352)] ä»åŒ–-å¾¡å‚å¤æµ”-é«˜ä¸€-åºŸç‰©(2260388415) -> è¿™æ˜¯æœºå™¨äººï¼Ÿ[0m[m
[0m2022-05-08 16:44:53 V/Bot.2810704613: Group(743201352) <- [mirai:audio:6B5E321380A303D8473BC2E5C63CEC16.amr][0m[m
[0m2022-05-08 16:45:06 V/Bot.2810704613: [å†¬ç°æ¡é˜²è„±å‘æ²»ç–—ä¸­å¿ƒ(743201352)] æŸæ—¶æ©™(1163675107) -> ä¸è‡ªä¿¡çš„[0m[m
[0m2022-05-08 16:45:08 V/Bot.2810704613: Event: GroupRecall(bot=Bot(2810704613), authorId=1163675107, messageIds=[336077], messageInternalIds=[802063397], messageTime=1651999506, operator=NormalMember(1163675107), group=Group(743201352), author=NormalMember(1163675107))[0m[m
[0m2022-05-08 16:45:11 V/Bot.2810704613: [å†¬ç°æ¡é˜²è„±å‘æ²»ç–—ä¸­å¿ƒ(743201352)] æŸæ—¶æ©™(1163675107) -> ä¸çŸ¥é“[0m[m
[0m2022-05-08 16:45:14 V/Bot.2810704613: [å†¬ç°æ¡é˜²è„±å‘æ²»ç–—ä¸­å¿ƒ(743201352)] æŸæ—¶æ©™(1163675107) -> å¯èƒ½æ˜¯å§[0m[m
[0m2022-05-08 16:45:53 V/Bot.2810704613: [å†¬ç°æ¡é˜²è„±å‘æ²»ç–—ä¸­å¿ƒ(743201352)] å°å°å°å°è’‹(1523314624) -> [mirai:at:1163675107] è¿™ä¸ªAIç”¨çš„æ˜¯ä»€ä¹ˆå£°æºåº“[0m[m
[0m2022-05-08 16:46:09 V/Bot.2810704613: [å†¬ç°æ¡é˜²è„±å‘æ²»ç–—ä¸­å¿ƒ(743201352)] æŸæ—¶æ©™(1163675107) -> é˜¿æ¢“[0m[m
[0m2022-05-08 16:46:33 V/Bot.2810704613: [å†¬ç°æ¡é˜²è„±å‘æ²»ç–—ä¸­å¿ƒ(743201352)] Kanno(812137533) -> [mirai:image:{39A55632-2A65-46AC-73CA-D3CBCE6872B7}.jpg][0m[m
[0m2022-05-08 16:47:06 V/Bot.2810704613: [å†¬ç°æ¡é˜²è„±å‘æ²»ç–—ä¸­å¿ƒ(743201352)] å°å°å°å°è’‹(1523314624) -> å»ºè®®å˜‰ç„¶ï¼ˆï¼Ÿ[0m[m
[0m2022-05-08 16:47:14 V/Bot.2810704613: [å†¬ç°æ¡é˜²è„±å‘æ²»ç–—ä¸­å¿ƒ(743201352)] Kanno(812137533) -> ï¼Ÿ[0m[m
[0m2022-05-08 16:47:18 V/Bot.2810704613: [å†¬ç°æ¡é˜²è„±å‘æ²»ç–—ä¸­å¿ƒ(743201352)] Kanno(812137533) -> æˆ‘å»ºè®®ä¸çœŸ[0m[m
[0m2022-05-08 16:47:59 V/Bot.2810704613: [å†¬ç°æ¡é˜²è„±å‘æ²»ç–—ä¸­å¿ƒ(743201352)] ä¸€ä¸ªåœ†å„¿åœˆ(2389451262) -> çç é¡¶é’ˆ[0m[m
[0m2022-05-08 16:50:03 V/Bot.2810704613: [Realityæ¸¸æˆå¼€å‘ä¼šå‘˜ç¾¤(453553841)] ãƒ†ã‚£ã‚ªèŒèŒ(1246336370) -> [mirai:image:{F8CB79D7-E9E7-5E78-8623-30E570202EA9}.gif][0m[m
[0m2022-05-08 16:54:21 V/Bot.2810704613: [å†¬ç°æ¡é˜²è„±å‘æ²»ç–—ä¸­å¿ƒ(743201352)] æ—å¤•ï¼ˆæ˜¯ä¸ªç”·å­©å­è°¢è°¢ï¼‰(648771302) -> 4.12 bAG:/ ã€Šå¤§ç‰‡3ã€‹%æ‹çˆ± %è„±å• %èŠå¤©  https://v.douyin.com/FAwe9Ce/ å¤åˆ¶æ­¤é“¾æ¥ï¼Œæ‰“å¼€DouéŸ³æœç´¢ï¼Œç›´æ¥è§‚çœ‹è§†é¢‘ï¼[0m[m
[0m2022-05-08 16:54:21 V/Bot.2810704613: Group(743201352) <- ç½‘ç«™é“¾æ¥è§£æby èŒèŒ \n\nhttps://v.douyin.com/FAwe9Ce/\nã€æ ‡é¢˜ã€‘æŠ–éŸ³\nã€å…³é”®å­—ã€‘æŠ–éŸ³\næŠ–éŸ³-è®°å½•ç¾å¥½ç”Ÿæ´»çš„è§†é¢‘å¹³å°[0m[m
[0m2022-05-08 16:54:33 V/Bot.2810704613: [å†¬ç°æ¡é˜²è„±å‘æ²»ç–—ä¸­å¿ƒ(743201352)] æ—å¤•ï¼ˆæ˜¯ä¸ªç”·å­©å­è°¢è°¢ï¼‰(648771302) -> æ‹çˆ±æ•™å­¦æ¥äº†å—·[0m[m
[0m2022-05-08 17:00:02 V/Bot.2810704613: Group(453553841) <- [mirai:image:{D466C116-CDD2-FC6C-6FAA-959B45F7D7FC}.png]æ©™èŒèŒæŠ¥æ—¶:2022-05-08 17:00:00\näººç”Ÿè‹¥åªå¦‚åˆè§ï¼Œä½•äº‹ç§‹é£æ‚²ç”»æ‰‡\nfrom:çº³å…°æ€§å¾·ã€Šæœ¨å…°è¯Â·æ‹Ÿå¤å†³ç»è¯æŸ¬å‹ã€‹[0m[m
[0m2022-05-08 17:05:55 V/Bot.2810704613: [Miraiéå®˜æ–¹å¼€å‘ç¾¤(780718903)] CursoR_å…‰æ ‡ - Python / Node.js(2779581071) -> nnd[0m[m
[0m2022-05-08 17:06:04 V/Bot.2810704613: [Miraiéå®˜æ–¹å¼€å‘ç¾¤(780718903)] CursoR_å…‰æ ‡ - Python / Node.js(2779581071) -> è¾¾æ—é¡¿ç®¡æ­£è´Ÿæ¥åäº†[0m[m
[0m2022-05-08 17:06:09 V/Bot.2810704613: [Miraiéå®˜æ–¹å¼€å‘ç¾¤(780718903)] CursoR_å…‰æ ‡ - Python / Node.js(2779581071) -> æˆ‘è¿˜è¯´æ€ä¹ˆä¸€è‚¡ç„¦å‘³[0m[m
[0m2022-05-08 17:06:19 V/Bot.2810704613: [Miraiéå®˜æ–¹å¼€å‘ç¾¤(780718903)] CursoR_å…‰æ ‡ - Python / Node.js(2779581071) -> ç¿»è¿‡æ¥ä¸€çœ‹é”¡éƒ½åŒ–äº†[0m[m
[0m2022-05-08 17:06:22 V/Bot.2810704613: [Miraiéå®˜æ–¹å¼€å‘ç¾¤(780718903)] CursoR_å…‰æ ‡ - Python / Node.js(2779581071) -> [mirai:image:{915ED727-33CB-D731-D063-5F736C028439}.jpg][0m[m
