[0m2023-04-22 12:49:08 V/Net 1163675107: Invalidate caches because hash file not available.[0m
[0m2023-04-22 12:49:08 V/Net 1163675107: No server list cached.[0m
[92m2023-04-22 12:49:08 I/Net 1163675107: ECDH key is invalid, start to fetch ecdh public key from server.[0m
[92m2023-04-22 12:49:08 I/Net 1163675107: Successfully fetched ecdh public key from server.[0m
[0m2023-04-22 12:49:08 V/Net 1163675107: Send: wtlogin.login(9:password-login)[0m
[0m2023-04-22 12:49:09 V/Net 1163675107: Recv: wtlogin.login[0m
[0m2023-04-22 12:49:36 V/Net 1163675107: Send: wtlogin.login(2:submit-slider)[0m
[0m2023-04-22 12:49:36 V/Net 1163675107: Recv: wtlogin.login[0m
[0m2023-04-22 12:49:43 V/Net 1163675107: Send: wtlogin.login(8:request-sms)[0m
[0m2023-04-22 12:49:44 V/Net 1163675107: Recv: wtlogin.login[0m
[0m2023-04-22 12:49:56 V/Net 1163675107: Send: wtlogin.login(7:submit-sms)[0m
[0m2023-04-22 12:49:56 V/Net 1163675107: Recv: wtlogin.login[0m
[0m2023-04-22 12:49:57 V/Net 1163675107: Send: StatSvc.register(online)[0m
[92m2023-04-22 12:49:57 I/Net 1163675107: Server time updated, serverTime: 1682138997, diff: 0ms=0.0s[0m
[0m2023-04-22 12:49:57 V/Net 1163675107: Recv: StatSvc.register[0m
[0m2023-04-22 12:49:57 V/Net 1163675107: No BdhSession cache[0m
[92m2023-04-22 12:49:57 I/Net 1163675107: Syncing friend message history...[0m
[92m2023-04-22 12:49:57 I/Net 1163675107: Start loading friendGroup list...[0m
[0m2023-04-22 12:49:57 V/Net 1163675107: Send: friendlist.getFriendGroupList(friendlist.getFriendGroupList)[0m
[0m2023-04-22 12:49:57 V/Net 1163675107: Send: StatSvc.GetDevLoginInfo(StatSvc.GetDevLoginInfo)[0m
[92m2023-04-22 12:49:57 I/Net 1163675107: Start loading friend list...[0m
[0m2023-04-22 12:49:57 V/Net 1163675107: Send: friendlist.getFriendGroupList(friendlist.getFriendGroupList)[0m
[92m2023-04-22 12:49:57 I/Net 1163675107: Start loading stranger list...[0m
[0m2023-04-22 12:49:57 V/Net 1163675107: Recv: StatSvc.GetDevLoginInfo[0m
[0m2023-04-22 12:49:57 V/Net 1163675107: Send: OidbSvc.0x5d2_0(OidbSvc.0x5d2_0)[0m
[92m2023-04-22 12:49:57 I/Net 1163675107: Online OtherClients: GIA-AN00(MOBILE), LAPTOP-23VV4MNI(WINDOWS)[0m
[0m2023-04-22 12:49:58 V/Net 1163675107: Send: OidbSvc.0x496(OidbSvc.0x496)[0m
[0m2023-04-22 12:49:58 V/Net 1163675107: Recv: friendlist.getFriendGroupList[0m
[0m2023-04-22 12:49:58 V/Net 1163675107: Loading friend list: 150/462[0m
[0m2023-04-22 12:49:58 V/Net 1163675107: Send: friendlist.getFriendGroupList(friendlist.getFriendGroupList)[0m
[0m2023-04-22 12:49:58 V/Net 1163675107: Recv: OidbSvc.0x5d2_0[0m
[92m2023-04-22 12:49:58 I/Net 1163675107: Successfully loaded stranger list: 6 in total[0m
[0m2023-04-22 12:49:58 V/Net 1163675107: Recv: OidbSvc.0x496[0m
[92m2023-04-22 12:49:58 I/Net 1163675107: Start loading group list...[0m
[0m2023-04-22 12:49:59 V/Net 1163675107: Recv: friendlist.getFriendGroupList[0m
[0m2023-04-22 12:49:59 V/Net 1163675107: Loading friend list: 300/462[0m
[0m2023-04-22 12:49:59 V/Net 1163675107: Send: friendlist.getFriendGroupList(friendlist.getFriendGroupList)[0m
[0m2023-04-22 12:49:59 V/Net 1163675107: Send: friendlist.GetTroopListReqV2(friendlist.GetTroopListReqV2)[0m
[0m2023-04-22 12:49:59 V/Net 1163675107: Recv: friendlist.getFriendGroupList[0m
[0m2023-04-22 12:49:59 V/Net 1163675107: Recv: friendlist.GetTroopListReqV2[0m
[0m2023-04-22 12:49:59 V/Net 1163675107: Loading friend list: 450/462[0m
[0m2023-04-22 12:49:59 V/Net 1163675107: Send: friendlist.getFriendGroupList(friendlist.getFriendGroupList)[0m
[0m2023-04-22 12:49:59 V/Net 1163675107: Recv: friendlist.getFriendGroupList[0m
[0m2023-04-22 12:49:59 V/Net 1163675107: Loading friend list: 462/462[0m
[92m2023-04-22 12:49:59 I/Net 1163675107: Successfully loaded friend list: 462 in total[0m
[0m2023-04-22 12:49:59 V/Net 1163675107: Send: friendlist.GetTroopMemberListReq(friendlist.GetTroopMemberListReq)[0m
[0m2023-04-22 12:49:59 V/Net 1163675107: Send: friendlist.GetTroopMemberListReq(friendlist.GetTroopMemberListReq)[0m
[0m2023-04-22 12:49:59 V/Net 1163675107: Send: friendlist.GetTroopMemberListReq(friendlist.GetTroopMemberListReq)[0m
[0m2023-04-22 12:49:59 V/Net 1163675107: Send: friendlist.GetTroopMemberListReq(friendlist.GetTroopMemberListReq)[0m
[0m2023-04-22 12:49:59 V/Net 1163675107: Send: friendlist.GetTroopMemberListReq(friendlist.GetTroopMemberListReq)[0m
[0m2023-04-22 12:49:59 V/Net 1163675107: Send: friendlist.GetTroopMemberListReq(friendlist.GetTroopMemberListReq)[0m
[0m2023-04-22 12:49:59 V/Net 1163675107: Send: friendlist.GetTroopMemberListReq(friendlist.GetTroopMemberListReq)[0m
[0m2023-04-22 12:49:59 V/Net 1163675107: Send: friendlist.GetTroopMemberListReq(friendlist.GetTroopMemberListReq)[0m
[0m2023-04-22 12:49:59 V/Net 1163675107: Send: friendlist.GetTroopMemberListReq(friendlist.GetTroopMemberListReq)[0m
[0m2023-04-22 12:49:59 V/Net 1163675107: Send: friendlist.GetTroopMemberListReq(friendlist.GetTroopMemberListReq)[0m
[0m2023-04-22 12:49:59 V/Net 1163675107: Send: friendlist.GetTroopMemberListReq(friendlist.GetTroopMemberListReq)[0m
[0m2023-04-22 12:49:59 V/Net 1163675107: Send: friendlist.GetTroopMemberListReq(friendlist.GetTroopMemberListReq)[0m
[0m2023-04-22 12:49:59 V/Net 1163675107: Send: friendlist.GetTroopMemberListReq(friendlist.GetTroopMemberListReq)[0m
[0m2023-04-22 12:49:59 V/Net 1163675107: Send: friendlist.GetTroopMemberListReq(friendlist.GetTroopMemberListReq)[0m
[0m2023-04-22 12:49:59 V/Net 1163675107: Send: friendlist.GetTroopMemberListReq(friendlist.GetTroopMemberListReq)[0m
[0m2023-04-22 12:49:59 V/Net 1163675107: Send: friendlist.GetTroopMemberListReq(friendlist.GetTroopMemberListReq)[0m
[0m2023-04-22 12:49:59 V/Net 1163675107: Send: friendlist.GetTroopMemberListReq(friendlist.GetTroopMemberListReq)[0m
[0m2023-04-22 12:49:59 V/Net 1163675107: Send: friendlist.GetTroopMemberListReq(friendlist.GetTroopMemberListReq)[0m
[0m2023-04-22 12:49:59 V/Net 1163675107: Send: friendlist.GetTroopMemberListReq(friendlist.GetTroopMemberListReq)[0m
[0m2023-04-22 12:49:59 V/Net 1163675107: Send: friendlist.GetTroopMemberListReq(friendlist.GetTroopMemberListReq)[0m
[0m2023-04-22 12:49:59 V/Net 1163675107: Send: friendlist.GetTroopMemberListReq(friendlist.GetTroopMemberListReq)[0m
[0m2023-04-22 12:49:59 V/Net 1163675107: Send: friendlist.GetTroopMemberListReq(friendlist.GetTroopMemberListReq)[0m
[0m2023-04-22 12:49:59 V/Net 1163675107: Send: friendlist.GetTroopMemberListReq(friendlist.GetTroopMemberListReq)[0m
[0m2023-04-22 12:49:59 V/Net 1163675107: Send: friendlist.GetTroopMemberListReq(friendlist.GetTroopMemberListReq)[0m
[0m2023-04-22 12:49:59 V/Net 1163675107: Send: friendlist.GetTroopMemberListReq(friendlist.GetTroopMemberListReq)[0m
[0m2023-04-22 12:49:59 V/Net 1163675107: Send: friendlist.GetTroopMemberListReq(friendlist.GetTroopMemberListReq)[0m
[0m2023-04-22 12:49:59 V/Net 1163675107: Send: friendlist.GetTroopMemberListReq(friendlist.GetTroopMemberListReq)[0m
[0m2023-04-22 12:49:59 V/Net 1163675107: Send: friendlist.GetTroopMemberListReq(friendlist.GetTroopMemberListReq)[0m
[0m2023-04-22 12:49:59 V/Net 1163675107: Send: friendlist.GetTroopMemberListReq(friendlist.GetTroopMemberListReq)[0m
[0m2023-04-22 12:49:59 V/Net 1163675107: Send: friendlist.GetTroopMemberListReq(friendlist.GetTroopMemberListReq)[0m
[0m2023-04-22 12:49:59 V/Net 1163675107: Recv: friendlist.GetTroopMemberListReq[0m
[0m2023-04-22 12:49:59 V/Net 1163675107: Recv: friendlist.GetTroopMemberListReq[0m
[0m2023-04-22 12:49:59 V/Net 1163675107: Recv: friendlist.GetTroopMemberListReq[0m
[0m2023-04-22 12:49:59 V/Net 1163675107: Recv: friendlist.GetTroopMemberListReq[0m
[0m2023-04-22 12:49:59 V/Net 1163675107: Recv: friendlist.GetTroopMemberListReq[0m
[0m2023-04-22 12:49:59 V/Net 1163675107: Recv: friendlist.GetTroopMemberListReq[0m
[0m2023-04-22 12:49:59 V/Net 1163675107: Recv: friendlist.GetTroopMemberListReq[0m
[0m2023-04-22 12:49:59 V/Net 1163675107: Recv: friendlist.GetTroopMemberListReq[0m
[0m2023-04-22 12:49:59 V/Net 1163675107: Recv: friendlist.GetTroopMemberListReq[0m
[0m2023-04-22 12:49:59 V/Net 1163675107: Recv: friendlist.GetTroopMemberListReq[0m
[0m2023-04-22 12:49:59 V/Net 1163675107: Recv: friendlist.GetTroopMemberListReq[0m
[0m2023-04-22 12:49:59 V/Net 1163675107: Recv: friendlist.GetTroopMemberListReq[0m
[0m2023-04-22 12:49:59 V/Net 1163675107: Recv: friendlist.GetTroopMemberListReq[0m
[0m2023-04-22 12:49:59 V/Net 1163675107: Recv: friendlist.GetTroopMemberListReq[0m
[0m2023-04-22 12:49:59 V/Net 1163675107: Recv: friendlist.GetTroopMemberListReq[0m
[0m2023-04-22 12:49:59 V/Net 1163675107: Recv: friendlist.GetTroopMemberListReq[0m
[0m2023-04-22 12:49:59 V/Net 1163675107: Recv: friendlist.GetTroopMemberListReq[0m
[0m2023-04-22 12:49:59 V/Net 1163675107: Recv: friendlist.GetTroopMemberListReq[0m
[0m2023-04-22 12:49:59 V/Net 1163675107: Recv: friendlist.GetTroopMemberListReq[0m
[0m2023-04-22 12:49:59 V/Net 1163675107: Recv: friendlist.GetTroopMemberListReq[0m
[0m2023-04-22 12:49:59 V/Net 1163675107: Recv: friendlist.GetTroopMemberListReq[0m
[0m2023-04-22 12:49:59 V/Net 1163675107: Recv: friendlist.GetTroopMemberListReq[0m
[0m2023-04-22 12:49:59 V/Net 1163675107: Recv: friendlist.GetTroopMemberListReq[0m
[0m2023-04-22 12:49:59 V/Net 1163675107: Recv: friendlist.GetTroopMemberListReq[0m
[0m2023-04-22 12:49:59 V/Net 1163675107: Recv: friendlist.GetTroopMemberListReq[0m
[0m2023-04-22 12:49:59 V/Net 1163675107: Recv: friendlist.GetTroopMemberListReq[0m
[0m2023-04-22 12:49:59 V/Net 1163675107: Recv: friendlist.GetTroopMemberListReq[0m
[0m2023-04-22 12:49:59 V/Net 1163675107: Recv: friendlist.GetTroopMemberListReq[0m
[0m2023-04-22 12:49:59 V/Net 1163675107: Recv: friendlist.GetTroopMemberListReq[0m
[0m2023-04-22 12:49:59 V/Net 1163675107: Recv: friendlist.GetTroopMemberListReq[0m
[0m2023-04-22 12:49:59 V/Net 1163675107: Send: friendlist.GetTroopMemberListReq(friendlist.GetTroopMemberListReq)[0m
[0m2023-04-22 12:49:59 V/Net 1163675107: Send: friendlist.GetTroopMemberListReq(friendlist.GetTroopMemberListReq)[0m
[0m2023-04-22 12:49:59 V/Net 1163675107: Send: friendlist.GetTroopMemberListReq(friendlist.GetTroopMemberListReq)[0m
[0m2023-04-22 12:49:59 V/Net 1163675107: Send: friendlist.GetTroopMemberListReq(friendlist.GetTroopMemberListReq)[0m
[0m2023-04-22 12:49:59 V/Net 1163675107: Send: friendlist.GetTroopMemberListReq(friendlist.GetTroopMemberListReq)[0m
[0m2023-04-22 12:49:59 V/Net 1163675107: Send: friendlist.GetTroopMemberListReq(friendlist.GetTroopMemberListReq)[0m
[0m2023-04-22 12:49:59 V/Net 1163675107: Send: friendlist.GetTroopMemberListReq(friendlist.GetTroopMemberListReq)[0m
[0m2023-04-22 12:49:59 V/Net 1163675107: Send: friendlist.GetTroopMemberListReq(friendlist.GetTroopMemberListReq)[0m
[0m2023-04-22 12:49:59 V/Net 1163675107: Send: friendlist.GetTroopMemberListReq(friendlist.GetTroopMemberListReq)[0m
[0m2023-04-22 12:49:59 V/Net 1163675107: Send: friendlist.GetTroopMemberListReq(friendlist.GetTroopMemberListReq)[0m
[0m2023-04-22 12:49:59 V/Net 1163675107: Send: friendlist.GetTroopMemberListReq(friendlist.GetTroopMemberListReq)[0m
[0m2023-04-22 12:49:59 V/Net 1163675107: Send: friendlist.GetTroopMemberListReq(friendlist.GetTroopMemberListReq)[0m
[0m2023-04-22 12:49:59 V/Net 1163675107: Send: friendlist.GetTroopMemberListReq(friendlist.GetTroopMemberListReq)[0m
[0m2023-04-22 12:49:59 V/Net 1163675107: Send: friendlist.GetTroopMemberListReq(friendlist.GetTroopMemberListReq)[0m
[0m2023-04-22 12:49:59 V/Net 1163675107: Send: friendlist.GetTroopMemberListReq(friendlist.GetTroopMemberListReq)[0m
[0m2023-04-22 12:49:59 V/Net 1163675107: Send: friendlist.GetTroopMemberListReq(friendlist.GetTroopMemberListReq)[0m
[0m2023-04-22 12:49:59 V/Net 1163675107: Send: friendlist.GetTroopMemberListReq(friendlist.GetTroopMemberListReq)[0m
[0m2023-04-22 12:49:59 V/Net 1163675107: Send: friendlist.GetTroopMemberListReq(friendlist.GetTroopMemberListReq)[0m
[0m2023-04-22 12:49:59 V/Net 1163675107: Send: friendlist.GetTroopMemberListReq(friendlist.GetTroopMemberListReq)[0m
[0m2023-04-22 12:49:59 V/Net 1163675107: Send: friendlist.GetTroopMemberListReq(friendlist.GetTroopMemberListReq)[0m
[0m2023-04-22 12:49:59 V/Net 1163675107: Send: friendlist.GetTroopMemberListReq(friendlist.GetTroopMemberListReq)[0m
[0m2023-04-22 12:49:59 V/Net 1163675107: Send: friendlist.GetTroopMemberListReq(friendlist.GetTroopMemberListReq)[0m
[0m2023-04-22 12:49:59 V/Net 1163675107: Send: friendlist.GetTroopMemberListReq(friendlist.GetTroopMemberListReq)[0m
[0m2023-04-22 12:49:59 V/Net 1163675107: Send: friendlist.GetTroopMemberListReq(friendlist.GetTroopMemberListReq)[0m
[0m2023-04-22 12:49:59 V/Net 1163675107: Send: friendlist.GetTroopMemberListReq(friendlist.GetTroopMemberListReq)[0m
[0m2023-04-22 12:49:59 V/Net 1163675107: Recv: friendlist.GetTroopMemberListReq[0m
[0m2023-04-22 12:49:59 V/Net 1163675107: Send: friendlist.GetTroopMemberListReq(friendlist.GetTroopMemberListReq)[0m
[0m2023-04-22 12:49:59 V/Net 1163675107: Send: friendlist.GetTroopMemberListReq(friendlist.GetTroopMemberListReq)[0m
[0m2023-04-22 12:49:59 V/Net 1163675107: Send: friendlist.GetTroopMemberListReq(friendlist.GetTroopMemberListReq)[0m
[0m2023-04-22 12:49:59 V/Net 1163675107: Send: friendlist.GetTroopMemberListReq(friendlist.GetTroopMemberListReq)[0m
[0m2023-04-22 12:50:00 V/Net 1163675107: Send: friendlist.GetTroopMemberListReq(friendlist.GetTroopMemberListReq)[0m
[0m2023-04-22 12:50:00 V/Net 1163675107: Send: friendlist.GetTroopMemberListReq(friendlist.GetTroopMemberListReq)[0m
[0m2023-04-22 12:50:00 V/Net 1163675107: Recv: friendlist.GetTroopMemberListReq[0m
[0m2023-04-22 12:50:00 V/Net 1163675107: Send: friendlist.GetTroopMemberListReq(friendlist.GetTroopMemberListReq)[0m
[0m2023-04-22 12:50:00 V/Net 1163675107: Recv: friendlist.GetTroopMemberListReq[0m
[0m2023-04-22 12:50:00 V/Net 1163675107: Recv: friendlist.GetTroopMemberListReq[0m
[0m2023-04-22 12:50:00 V/Net 1163675107: Recv: friendlist.GetTroopMemberListReq[0m
[0m2023-04-22 12:50:00 V/Net 1163675107: Recv: friendlist.GetTroopMemberListReq[0m
[0m2023-04-22 12:50:00 V/Net 1163675107: Recv: friendlist.GetTroopMemberListReq[0m
[0m2023-04-22 12:50:00 V/Net 1163675107: Recv: friendlist.GetTroopMemberListReq[0m
[0m2023-04-22 12:50:00 V/Net 1163675107: Recv: friendlist.GetTroopMemberListReq[0m
[0m2023-04-22 12:50:00 V/Net 1163675107: Recv: friendlist.GetTroopMemberListReq[0m
[0m2023-04-22 12:50:00 V/Net 1163675107: Recv: friendlist.GetTroopMemberListReq[0m
[0m2023-04-22 12:50:00 V/Net 1163675107: Recv: friendlist.GetTroopMemberListReq[0m
[0m2023-04-22 12:50:00 V/Net 1163675107: Recv: friendlist.GetTroopMemberListReq[0m
[0m2023-04-22 12:50:00 V/Net 1163675107: Recv: friendlist.GetTroopMemberListReq[0m
[0m2023-04-22 12:50:00 V/Net 1163675107: Recv: friendlist.GetTroopMemberListReq[0m
[0m2023-04-22 12:50:00 V/Net 1163675107: Recv: friendlist.GetTroopMemberListReq[0m
[0m2023-04-22 12:50:00 V/Net 1163675107: Recv: friendlist.GetTroopMemberListReq[0m
[0m2023-04-22 12:50:00 V/Net 1163675107: Recv: friendlist.GetTroopMemberListReq[0m
[0m2023-04-22 12:50:00 V/Net 1163675107: Recv: friendlist.GetTroopMemberListReq[0m
[0m2023-04-22 12:50:00 V/Net 1163675107: Recv: friendlist.GetTroopMemberListReq[0m
[0m2023-04-22 12:50:00 V/Net 1163675107: Send: friendlist.GetTroopMemberListReq(friendlist.GetTroopMemberListReq)[0m
[0m2023-04-22 12:50:00 V/Net 1163675107: Recv: friendlist.GetTroopMemberListReq[0m
[0m2023-04-22 12:50:00 V/Net 1163675107: Send: friendlist.GetTroopMemberListReq(friendlist.GetTroopMemberListReq)[0m
[0m2023-04-22 12:50:00 V/Net 1163675107: Recv: friendlist.GetTroopMemberListReq[0m
[0m2023-04-22 12:50:00 V/Net 1163675107: Send: friendlist.GetTroopMemberListReq(friendlist.GetTroopMemberListReq)[0m
[0m2023-04-22 12:50:00 V/Net 1163675107: Send: friendlist.GetTroopMemberListReq(friendlist.GetTroopMemberListReq)[0m
[0m2023-04-22 12:50:00 V/Net 1163675107: Send: friendlist.GetTroopMemberListReq(friendlist.GetTroopMemberListReq)[0m
[0m2023-04-22 12:50:00 V/Net 1163675107: Send: friendlist.GetTroopMemberListReq(friendlist.GetTroopMemberListReq)[0m
[0m2023-04-22 12:50:00 V/Net 1163675107: Recv: friendlist.GetTroopMemberListReq[0m
[0m2023-04-22 12:50:00 V/Net 1163675107: Send: friendlist.GetTroopMemberListReq(friendlist.GetTroopMemberListReq)[0m
[0m2023-04-22 12:50:00 V/Net 1163675107: Send: friendlist.GetTroopMemberListReq(friendlist.GetTroopMemberListReq)[0m
[0m2023-04-22 12:50:00 V/Net 1163675107: Recv: friendlist.GetTroopMemberListReq[0m
[0m2023-04-22 12:50:00 V/Net 1163675107: Recv: friendlist.GetTroopMemberListReq[0m
[0m2023-04-22 12:50:00 V/Net 1163675107: Recv: friendlist.GetTroopMemberListReq[0m
[0m2023-04-22 12:50:00 V/Net 1163675107: Recv: friendlist.GetTroopMemberListReq[0m
[0m2023-04-22 12:50:00 V/Net 1163675107: Recv: friendlist.GetTroopMemberListReq[0m
[0m2023-04-22 12:50:00 V/Net 1163675107: Send: friendlist.GetTroopMemberListReq(friendlist.GetTroopMemberListReq)[0m
[0m2023-04-22 12:50:00 V/Net 1163675107: Send: friendlist.GetTroopMemberListReq(friendlist.GetTroopMemberListReq)[0m
[0m2023-04-22 12:50:00 V/Net 1163675107: Send: friendlist.GetTroopMemberListReq(friendlist.GetTroopMemberListReq)[0m
[0m2023-04-22 12:50:00 V/Net 1163675107: Send: friendlist.GetTroopMemberListReq(friendlist.GetTroopMemberListReq)[0m
[0m2023-04-22 12:50:00 V/Net 1163675107: Recv: friendlist.GetTroopMemberListReq[0m
[0m2023-04-22 12:50:00 V/Net 1163675107: Send: friendlist.GetTroopMemberListReq(friendlist.GetTroopMemberListReq)[0m
[0m2023-04-22 12:50:00 V/Net 1163675107: Send: friendlist.GetTroopMemberListReq(friendlist.GetTroopMemberListReq)[0m
[0m2023-04-22 12:50:00 V/Net 1163675107: Send: friendlist.GetTroopMemberListReq(friendlist.GetTroopMemberListReq)[0m
[0m2023-04-22 12:50:00 V/Net 1163675107: Recv: friendlist.GetTroopMemberListReq[0m
[0m2023-04-22 12:50:00 V/Net 1163675107: Recv: friendlist.GetTroopMemberListReq[0m
[0m2023-04-22 12:50:00 V/Net 1163675107: Recv: friendlist.GetTroopMemberListReq[0m
[0m2023-04-22 12:50:00 V/Net 1163675107: Send: friendlist.GetTroopMemberListReq(friendlist.GetTroopMemberListReq)[0m
[0m2023-04-22 12:50:00 V/Net 1163675107: Send: friendlist.GetTroopMemberListReq(friendlist.GetTroopMemberListReq)[0m
[0m2023-04-22 12:50:00 V/Net 1163675107: Send: friendlist.GetTroopMemberListReq(friendlist.GetTroopMemberListReq)[0m
[0m2023-04-22 12:50:00 V/Net 1163675107: Send: friendlist.GetTroopMemberListReq(friendlist.GetTroopMemberListReq)[0m
[0m2023-04-22 12:50:00 V/Net 1163675107: Send: friendlist.GetTroopMemberListReq(friendlist.GetTroopMemberListReq)[0m
[0m2023-04-22 12:50:00 V/Net 1163675107: Send: friendlist.GetTroopMemberListReq(friendlist.GetTroopMemberListReq)[0m
[0m2023-04-22 12:50:00 V/Net 1163675107: Server list: 42.81.192.158:80, msfwifi.3g.qq.com:8080, 163.177.30.225:80, 120.232.130.74:443, 113.96.18.205:8080, 114.222.113.249:14000.[0m
[0m2023-04-22 12:50:00 V/Net 1163675107: No BdhSession to save to cache[0m
[0m2023-04-22 12:50:00 V/Net 1163675107: Saving server list to cache[0m
[0m2023-04-22 12:50:00 V/Net 1163675107: Send: friendlist.GetTroopMemberListReq(friendlist.GetTroopMemberListReq)[0m
[0m2023-04-22 12:50:00 V/Net 1163675107: Send: friendlist.GetTroopMemberListReq(friendlist.GetTroopMemberListReq)[0m
[0m2023-04-22 12:50:00 V/Net 1163675107: Send: friendlist.GetTroopMemberListReq(friendlist.GetTroopMemberListReq)[0m
[0m2023-04-22 12:50:00 V/Net 1163675107: Send: friendlist.GetTroopMemberListReq(friendlist.GetTroopMemberListReq)[0m
[0m2023-04-22 12:50:00 V/Net 1163675107: Send: ConfigPushSvc.PushResp(ConfigPushSvc.PushResp)[0m
[0m2023-04-22 12:50:00 V/Net 1163675107: Recv: ConfigPushSvc.PushReq[0m
[0m2023-04-22 12:50:00 V/Net 1163675107: Send: friendlist.GetTroopMemberListReq(friendlist.GetTroopMemberListReq)[0m
[0m2023-04-22 12:50:00 V/Net 1163675107: Send: friendlist.GetTroopMemberListReq(friendlist.GetTroopMemberListReq)[0m
[0m2023-04-22 12:50:00 V/Net 1163675107: Send: friendlist.GetTroopMemberListReq(friendlist.GetTroopMemberListReq)[0m
[0m2023-04-22 12:50:00 V/Net 1163675107: Send: friendlist.GetTroopMemberListReq(friendlist.GetTroopMemberListReq)[0m
[0m2023-04-22 12:50:00 V/Net 1163675107: Send: friendlist.GetTroopMemberListReq(friendlist.GetTroopMemberListReq)[0m
[0m2023-04-22 12:50:00 V/Net 1163675107: Saving bdh session to cache[0m
[0m2023-04-22 12:50:00 V/Net 1163675107: Send: ConfigPushSvc.PushResp(ConfigPushSvc.PushResp)[0m
[0m2023-04-22 12:50:00 V/Net 1163675107: Recv: ConfigPushSvc.PushReq[0m
[0m2023-04-22 12:50:00 V/Net 1163675107: Recv: friendlist.GetTroopMemberListReq[0m
[0m2023-04-22 12:50:00 V/Net 1163675107: Recv: friendlist.GetTroopMemberListReq[0m
[0m2023-04-22 12:50:00 V/Net 1163675107: Recv: friendlist.GetTroopMemberListReq[0m
[0m2023-04-22 12:50:00 V/Net 1163675107: Recv: friendlist.GetTroopMemberListReq[0m
[0m2023-04-22 12:50:00 V/Net 1163675107: Recv: friendlist.GetTroopMemberListReq[0m
[0m2023-04-22 12:50:00 V/Net 1163675107: Recv: friendlist.GetTroopMemberListReq[0m
[0m2023-04-22 12:50:00 V/Net 1163675107: Recv: friendlist.GetTroopMemberListReq[0m
[0m2023-04-22 12:50:00 V/Net 1163675107: Recv: friendlist.GetTroopMemberListReq[0m
[0m2023-04-22 12:50:00 V/Net 1163675107: Recv: friendlist.GetTroopMemberListReq[0m
[0m2023-04-22 12:50:00 V/Net 1163675107: Recv: friendlist.GetTroopMemberListReq[0m
[0m2023-04-22 12:50:00 V/Net 1163675107: Send: friendlist.GetTroopMemberListReq(friendlist.GetTroopMemberListReq)[0m
[0m2023-04-22 12:50:00 V/Net 1163675107: Recv: friendlist.GetTroopMemberListReq[0m
[0m2023-04-22 12:50:00 V/Net 1163675107: Send: friendlist.GetTroopMemberListReq(friendlist.GetTroopMemberListReq)[0m
[0m2023-04-22 12:50:00 V/Net 1163675107: Send: friendlist.GetTroopMemberListReq(friendlist.GetTroopMemberListReq)[0m
[0m2023-04-22 12:50:00 V/Net 1163675107: Send: friendlist.GetTroopMemberListReq(friendlist.GetTroopMemberListReq)[0m
[0m2023-04-22 12:50:00 V/Net 1163675107: Recv: friendlist.GetTroopMemberListReq[0m
[0m2023-04-22 12:50:00 V/Net 1163675107: Send: friendlist.GetTroopMemberListReq(friendlist.GetTroopMemberListReq)[0m
[0m2023-04-22 12:50:00 V/Net 1163675107: Send: friendlist.GetTroopMemberListReq(friendlist.GetTroopMemberListReq)[0m
[0m2023-04-22 12:50:00 V/Net 1163675107: Send: friendlist.GetTroopMemberListReq(friendlist.GetTroopMemberListReq)[0m
[0m2023-04-22 12:50:00 V/Net 1163675107: Send: friendlist.GetTroopMemberListReq(friendlist.GetTroopMemberListReq)[0m
[0m2023-04-22 12:50:00 V/Net 1163675107: Send: friendlist.GetTroopMemberListReq(friendlist.GetTroopMemberListReq)[0m
[0m2023-04-22 12:50:00 V/Net 1163675107: Send: friendlist.GetTroopMemberListReq(friendlist.GetTroopMemberListReq)[0m
[0m2023-04-22 12:50:00 V/Net 1163675107: Send: friendlist.GetTroopMemberListReq(friendlist.GetTroopMemberListReq)[0m
[0m2023-04-22 12:50:00 V/Net 1163675107: Send: friendlist.GetTroopMemberListReq(friendlist.GetTroopMemberListReq)[0m
[0m2023-04-22 12:50:00 V/Net 1163675107: Recv: friendlist.GetTroopMemberListReq[0m
[0m2023-04-22 12:50:00 V/Net 1163675107: Send: friendlist.GetTroopMemberListReq(friendlist.GetTroopMemberListReq)[0m
[0m2023-04-22 12:50:00 V/Net 1163675107: Recv: friendlist.GetTroopMemberListReq[0m
[0m2023-04-22 12:50:00 V/Net 1163675107: Recv: friendlist.GetTroopMemberListReq[0m
[0m2023-04-22 12:50:00 V/Net 1163675107: Recv: friendlist.GetTroopMemberListReq[0m
[0m2023-04-22 12:50:00 V/Net 1163675107: Recv: friendlist.GetTroopMemberListReq[0m
[0m2023-04-22 12:50:00 V/Net 1163675107: Recv: friendlist.GetTroopMemberListReq[0m
[0m2023-04-22 12:50:00 V/Net 1163675107: Recv: friendlist.GetTroopMemberListReq[0m
[0m2023-04-22 12:50:00 V/Net 1163675107: Recv: friendlist.GetTroopMemberListReq[0m
[0m2023-04-22 12:50:00 V/Net 1163675107: Send: friendlist.GetTroopMemberListReq(friendlist.GetTroopMemberListReq)[0m
[0m2023-04-22 12:50:00 V/Net 1163675107: Send: friendlist.GetTroopMemberListReq(friendlist.GetTroopMemberListReq)[0m
[0m2023-04-22 12:50:00 V/Net 1163675107: Send: friendlist.GetTroopMemberListReq(friendlist.GetTroopMemberListReq)[0m
[0m2023-04-22 12:50:00 V/Net 1163675107: Recv: friendlist.GetTroopMemberListReq[0m
[0m2023-04-22 12:50:00 V/Net 1163675107: Recv: friendlist.GetTroopMemberListReq[0m
[0m2023-04-22 12:50:00 V/Net 1163675107: Recv: friendlist.GetTroopMemberListReq[0m
[0m2023-04-22 12:50:00 V/Net 1163675107: Recv: friendlist.GetTroopMemberListReq[0m
[0m2023-04-22 12:50:00 V/Net 1163675107: Recv: friendlist.GetTroopMemberListReq[0m
[0m2023-04-22 12:50:00 V/Net 1163675107: Recv: friendlist.GetTroopMemberListReq[0m
[0m2023-04-22 12:50:00 V/Net 1163675107: Recv: friendlist.GetTroopMemberListReq[0m
[0m2023-04-22 12:50:01 V/Net 1163675107: Recv: friendlist.GetTroopMemberListReq[0m
[0m2023-04-22 12:50:01 V/Net 1163675107: Recv: friendlist.GetTroopMemberListReq[0m
[0m2023-04-22 12:50:01 V/Net 1163675107: Recv: friendlist.GetTroopMemberListReq[0m
[0m2023-04-22 12:50:01 V/Net 1163675107: Recv: friendlist.GetTroopMemberListReq[0m
[0m2023-04-22 12:50:01 V/Net 1163675107: Recv: friendlist.GetTroopMemberListReq[0m
[0m2023-04-22 12:50:01 V/Net 1163675107: Recv: friendlist.GetTroopMemberListReq[0m
[0m2023-04-22 12:50:00 V/Net 1163675107: Send: friendlist.GetTroopMemberListReq(friendlist.GetTroopMemberListReq)[0m
[0m2023-04-22 12:50:01 V/Net 1163675107: Send: friendlist.GetTroopMemberListReq(friendlist.GetTroopMemberListReq)[0m
[0m2023-04-22 12:50:01 V/Net 1163675107: Send: friendlist.GetTroopMemberListReq(friendlist.GetTroopMemberListReq)[0m
[0m2023-04-22 12:50:01 V/Net 1163675107: Send: friendlist.GetTroopMemberListReq(friendlist.GetTroopMemberListReq)[0m
[0m2023-04-22 12:50:01 V/Net 1163675107: Send: friendlist.GetTroopMemberListReq(friendlist.GetTroopMemberListReq)[0m
[0m2023-04-22 12:50:01 V/Net 1163675107: Send: friendlist.GetTroopMemberListReq(friendlist.GetTroopMemberListReq)[0m
[0m2023-04-22 12:50:01 V/Net 1163675107: Send: friendlist.GetTroopMemberListReq(friendlist.GetTroopMemberListReq)[0m
[0m2023-04-22 12:50:01 V/Net 1163675107: Send: friendlist.GetTroopMemberListReq(friendlist.GetTroopMemberListReq)[0m
[0m2023-04-22 12:50:01 V/Net 1163675107: Send: friendlist.GetTroopMemberListReq(friendlist.GetTroopMemberListReq)[0m
[0m2023-04-22 12:50:01 V/Net 1163675107: Send: friendlist.GetTroopMemberListReq(friendlist.GetTroopMemberListReq)[0m
[0m2023-04-22 12:50:01 V/Net 1163675107: Send: friendlist.GetTroopMemberListReq(friendlist.GetTroopMemberListReq)[0m
[0m2023-04-22 12:50:01 V/Net 1163675107: Send: friendlist.GetTroopMemberListReq(friendlist.GetTroopMemberListReq)[0m
[0m2023-04-22 12:50:01 V/Net 1163675107: Send: friendlist.GetTroopMemberListReq(friendlist.GetTroopMemberListReq)[0m
[0m2023-04-22 12:50:01 V/Net 1163675107: Send: friendlist.GetTroopMemberListReq(friendlist.GetTroopMemberListReq)[0m
[0m2023-04-22 12:50:01 V/Net 1163675107: Send: friendlist.GetTroopMemberListReq(friendlist.GetTroopMemberListReq)[0m
[0m2023-04-22 12:50:01 V/Net 1163675107: Send: friendlist.GetTroopMemberListReq(friendlist.GetTroopMemberListReq)[0m
[0m2023-04-22 12:50:01 V/Net 1163675107: Recv: friendlist.GetTroopMemberListReq[0m
[0m2023-04-22 12:50:01 V/Net 1163675107: Recv: friendlist.GetTroopMemberListReq[0m
[0m2023-04-22 12:50:01 V/Net 1163675107: Recv: friendlist.GetTroopMemberListReq[0m
[0m2023-04-22 12:50:01 V/Net 1163675107: Recv: friendlist.GetTroopMemberListReq[0m
[0m2023-04-22 12:50:01 V/Net 1163675107: Recv: friendlist.GetTroopMemberListReq[0m
[0m2023-04-22 12:50:01 V/Net 1163675107: Recv: friendlist.GetTroopMemberListReq[0m
[0m2023-04-22 12:50:01 V/Net 1163675107: Recv: friendlist.GetTroopMemberListReq[0m
[0m2023-04-22 12:50:01 V/Net 1163675107: Recv: friendlist.GetTroopMemberListReq[0m
[0m2023-04-22 12:50:01 V/Net 1163675107: Recv: friendlist.GetTroopMemberListReq[0m
[0m2023-04-22 12:50:01 V/Net 1163675107: Recv: friendlist.GetTroopMemberListReq[0m
[0m2023-04-22 12:50:01 V/Net 1163675107: Recv: friendlist.GetTroopMemberListReq[0m
[0m2023-04-22 12:50:01 V/Net 1163675107: Recv: friendlist.GetTroopMemberListReq[0m
[0m2023-04-22 12:50:01 V/Net 1163675107: Recv: friendlist.GetTroopMemberListReq[0m
[0m2023-04-22 12:50:01 V/Net 1163675107: Recv: friendlist.GetTroopMemberListReq[0m
[0m2023-04-22 12:50:01 V/Net 1163675107: Recv: friendlist.GetTroopMemberListReq[0m
[0m2023-04-22 12:50:01 V/Net 1163675107: Recv: friendlist.GetTroopMemberListReq[0m
[0m2023-04-22 12:50:01 V/Net 1163675107: Recv: friendlist.GetTroopMemberListReq[0m
[0m2023-04-22 12:50:01 V/Net 1163675107: Recv: friendlist.GetTroopMemberListReq[0m
[0m2023-04-22 12:50:01 V/Net 1163675107: Recv: friendlist.GetTroopMemberListReq[0m
[0m2023-04-22 12:50:01 V/Net 1163675107: Send: friendlist.GetTroopMemberListReq(friendlist.GetTroopMemberListReq)[0m
[0m2023-04-22 12:50:01 V/Net 1163675107: Recv: friendlist.GetTroopMemberListReq[0m
[0m2023-04-22 12:50:01 V/Net 1163675107: Send: friendlist.GetTroopMemberListReq(friendlist.GetTroopMemberListReq)[0m
[0m2023-04-22 12:50:01 V/Net 1163675107: Recv: friendlist.GetTroopMemberListReq[0m
[0m2023-04-22 12:50:01 V/Net 1163675107: Recv: friendlist.GetTroopMemberListReq[0m
[0m2023-04-22 12:50:01 V/Net 1163675107: Recv: friendlist.GetTroopMemberListReq[0m
[0m2023-04-22 12:50:01 V/Net 1163675107: Recv: friendlist.GetTroopMemberListReq[0m
[0m2023-04-22 12:50:01 V/Net 1163675107: Send: friendlist.GetTroopMemberListReq(friendlist.GetTroopMemberListReq)[0m
[0m2023-04-22 12:50:01 V/Net 1163675107: Send: friendlist.GetTroopMemberListReq(friendlist.GetTroopMemberListReq)[0m
[0m2023-04-22 12:50:01 V/Net 1163675107: Recv: friendlist.GetTroopMemberListReq[0m
[0m2023-04-22 12:50:01 V/Net 1163675107: Send: friendlist.GetTroopMemberListReq(friendlist.GetTroopMemberListReq)[0m
[0m2023-04-22 12:50:01 V/Net 1163675107: Send: friendlist.GetTroopMemberListReq(friendlist.GetTroopMemberListReq)[0m
[0m2023-04-22 12:50:01 V/Net 1163675107: Recv: friendlist.GetTroopMemberListReq[0m
[0m2023-04-22 12:50:01 V/Net 1163675107: Recv: friendlist.GetTroopMemberListReq[0m
[0m2023-04-22 12:50:01 V/Net 1163675107: Send: friendlist.GetTroopMemberListReq(friendlist.GetTroopMemberListReq)[0m
[0m2023-04-22 12:50:01 V/Net 1163675107: Send: friendlist.GetTroopMemberListReq(friendlist.GetTroopMemberListReq)[0m
[0m2023-04-22 12:50:01 V/Net 1163675107: Send: friendlist.GetTroopMemberListReq(friendlist.GetTroopMemberListReq)[0m
[0m2023-04-22 12:50:01 V/Net 1163675107: Send: friendlist.GetTroopMemberListReq(friendlist.GetTroopMemberListReq)[0m
[0m2023-04-22 12:50:01 V/Net 1163675107: Send: friendlist.GetTroopMemberListReq(friendlist.GetTroopMemberListReq)[0m
[0m2023-04-22 12:50:01 V/Net 1163675107: Send: friendlist.GetTroopMemberListReq(friendlist.GetTroopMemberListReq)[0m
[0m2023-04-22 12:50:01 V/Net 1163675107: Send: friendlist.GetTroopMemberListReq(friendlist.GetTroopMemberListReq)[0m
[0m2023-04-22 12:50:01 V/Net 1163675107: Send: friendlist.GetTroopMemberListReq(friendlist.GetTroopMemberListReq)[0m
[0m2023-04-22 12:50:01 V/Net 1163675107: Send: friendlist.GetTroopMemberListReq(friendlist.GetTroopMemberListReq)[0m
[0m2023-04-22 12:50:01 V/Net 1163675107: Recv: friendlist.GetTroopMemberListReq[0m
[0m2023-04-22 12:50:01 V/Net 1163675107: Recv: friendlist.GetTroopMemberListReq[0m
[0m2023-04-22 12:50:01 V/Net 1163675107: Send: friendlist.GetTroopMemberListReq(friendlist.GetTroopMemberListReq)[0m
[0m2023-04-22 12:50:01 V/Net 1163675107: Send: friendlist.GetTroopMemberListReq(friendlist.GetTroopMemberListReq)[0m
[0m2023-04-22 12:50:01 V/Net 1163675107: Send: friendlist.GetTroopMemberListReq(friendlist.GetTroopMemberListReq)[0m
[0m2023-04-22 12:50:01 V/Net 1163675107: Recv: friendlist.GetTroopMemberListReq[0m
[0m2023-04-22 12:50:01 V/Net 1163675107: Send: friendlist.GetTroopMemberListReq(friendlist.GetTroopMemberListReq)[0m
[0m2023-04-22 12:50:01 V/Net 1163675107: Recv: friendlist.GetTroopMemberListReq[0m
[0m2023-04-22 12:50:01 V/Net 1163675107: Send: friendlist.GetTroopMemberListReq(friendlist.GetTroopMemberListReq)[0m
[0m2023-04-22 12:50:01 V/Net 1163675107: Recv: friendlist.GetTroopMemberListReq[0m
[0m2023-04-22 12:50:01 V/Net 1163675107: Recv: friendlist.GetTroopMemberListReq[0m
[0m2023-04-22 12:50:01 V/Net 1163675107: Recv: friendlist.GetTroopMemberListReq[0m
[0m2023-04-22 12:50:01 V/Net 1163675107: Recv: friendlist.GetTroopMemberListReq[0m
[0m2023-04-22 12:50:01 V/Net 1163675107: Recv: friendlist.GetTroopMemberListReq[0m
[0m2023-04-22 12:50:01 V/Net 1163675107: Recv: friendlist.GetTroopMemberListReq[0m
[0m2023-04-22 12:50:01 V/Net 1163675107: Send: friendlist.GetTroopMemberListReq(friendlist.GetTroopMemberListReq)[0m
[0m2023-04-22 12:50:01 V/Net 1163675107: Send: friendlist.GetTroopMemberListReq(friendlist.GetTroopMemberListReq)[0m
[0m2023-04-22 12:50:01 V/Net 1163675107: Send: friendlist.GetTroopMemberListReq(friendlist.GetTroopMemberListReq)[0m
[0m2023-04-22 12:50:01 V/Net 1163675107: Send: friendlist.GetTroopMemberListReq(friendlist.GetTroopMemberListReq)[0m
[0m2023-04-22 12:50:01 V/Net 1163675107: Send: friendlist.GetTroopMemberListReq(friendlist.GetTroopMemberListReq)[0m
[0m2023-04-22 12:50:01 V/Net 1163675107: Recv: friendlist.GetTroopMemberListReq[0m
[0m2023-04-22 12:50:01 V/Net 1163675107: Recv: friendlist.GetTroopMemberListReq[0m
[0m2023-04-22 12:50:01 V/Net 1163675107: Send: friendlist.GetTroopMemberListReq(friendlist.GetTroopMemberListReq)[0m
[0m2023-04-22 12:50:01 V/Net 1163675107: Send: friendlist.GetTroopMemberListReq(friendlist.GetTroopMemberListReq)[0m
[0m2023-04-22 12:50:01 V/Net 1163675107: Recv: friendlist.GetTroopMemberListReq[0m
[0m2023-04-22 12:50:01 V/Net 1163675107: Recv: friendlist.GetTroopMemberListReq[0m
[0m2023-04-22 12:50:01 V/Net 1163675107: Recv: friendlist.GetTroopMemberListReq[0m
[0m2023-04-22 12:50:01 V/Net 1163675107: Recv: friendlist.GetTroopMemberListReq[0m
[0m2023-04-22 12:50:01 V/Net 1163675107: Recv: friendlist.GetTroopMemberListReq[0m
[0m2023-04-22 12:50:01 V/Net 1163675107: Recv: friendlist.GetTroopMemberListReq[0m
[0m2023-04-22 12:50:01 V/Net 1163675107: Recv: friendlist.GetTroopMemberListReq[0m
[0m2023-04-22 12:50:01 V/Net 1163675107: Recv: friendlist.GetTroopMemberListReq[0m
[0m2023-04-22 12:50:01 V/Net 1163675107: Recv: friendlist.GetTroopMemberListReq[0m
[0m2023-04-22 12:50:01 V/Net 1163675107: Send: friendlist.GetTroopMemberListReq(friendlist.GetTroopMemberListReq)[0m
[0m2023-04-22 12:50:01 V/Net 1163675107: Send: friendlist.GetTroopMemberListReq(friendlist.GetTroopMemberListReq)[0m
[0m2023-04-22 12:50:01 V/Net 1163675107: Send: friendlist.GetTroopMemberListReq(friendlist.GetTroopMemberListReq)[0m
[0m2023-04-22 12:50:01 V/Net 1163675107: Recv: friendlist.GetTroopMemberListReq[0m
[0m2023-04-22 12:50:01 V/Net 1163675107: Send: friendlist.GetTroopMemberListReq(friendlist.GetTroopMemberListReq)[0m
[0m2023-04-22 12:50:01 V/Net 1163675107: Send: friendlist.GetTroopMemberListReq(friendlist.GetTroopMemberListReq)[0m
[0m2023-04-22 12:50:01 V/Net 1163675107: Send: friendlist.GetTroopMemberListReq(friendlist.GetTroopMemberListReq)[0m
[0m2023-04-22 12:50:01 V/Net 1163675107: Send: friendlist.GetTroopMemberListReq(friendlist.GetTroopMemberListReq)[0m
[0m2023-04-22 12:50:01 V/Net 1163675107: Send: friendlist.GetTroopMemberListReq(friendlist.GetTroopMemberListReq)[0m
[0m2023-04-22 12:50:01 V/Net 1163675107: Send: friendlist.GetTroopMemberListReq(friendlist.GetTroopMemberListReq)[0m
[0m2023-04-22 12:50:01 V/Net 1163675107: Recv: friendlist.GetTroopMemberListReq[0m
[0m2023-04-22 12:50:01 V/Net 1163675107: Recv: friendlist.GetTroopMemberListReq[0m
[0m2023-04-22 12:50:01 V/Net 1163675107: Send: friendlist.GetTroopMemberListReq(friendlist.GetTroopMemberListReq)[0m
[0m2023-04-22 12:50:01 V/Net 1163675107: Recv: friendlist.GetTroopMemberListReq[0m
[0m2023-04-22 12:50:01 V/Net 1163675107: Send: friendlist.GetTroopMemberListReq(friendlist.GetTroopMemberListReq)[0m
[0m2023-04-22 12:50:01 V/Net 1163675107: Recv: friendlist.GetTroopMemberListReq[0m
[0m2023-04-22 12:50:01 V/Net 1163675107: Send: friendlist.GetTroopMemberListReq(friendlist.GetTroopMemberListReq)[0m
[0m2023-04-22 12:50:01 V/Net 1163675107: Recv: friendlist.GetTroopMemberListReq[0m
[0m2023-04-22 12:50:01 V/Net 1163675107: Recv: friendlist.GetTroopMemberListReq[0m
[0m2023-04-22 12:50:01 V/Net 1163675107: Send: friendlist.GetTroopMemberListReq(friendlist.GetTroopMemberListReq)[0m
[0m2023-04-22 12:50:01 V/Net 1163675107: Recv: friendlist.GetTroopMemberListReq[0m
[0m2023-04-22 12:50:01 V/Net 1163675107: Recv: friendlist.GetTroopMemberListReq[0m
[0m2023-04-22 12:50:01 V/Net 1163675107: Send: friendlist.GetTroopMemberListReq(friendlist.GetTroopMemberListReq)[0m
[0m2023-04-22 12:50:01 V/Net 1163675107: Recv: friendlist.GetTroopMemberListReq[0m
[0m2023-04-22 12:50:01 V/Net 1163675107: Send: friendlist.GetTroopMemberListReq(friendlist.GetTroopMemberListReq)[0m
[0m2023-04-22 12:50:01 V/Net 1163675107: Recv: friendlist.GetTroopMemberListReq[0m
[0m2023-04-22 12:50:01 V/Net 1163675107: Recv: friendlist.GetTroopMemberListReq[0m
[0m2023-04-22 12:50:01 V/Net 1163675107: Send: friendlist.GetTroopMemberListReq(friendlist.GetTroopMemberListReq)[0m
[0m2023-04-22 12:50:02 V/Net 1163675107: Recv: friendlist.GetTroopMemberListReq[0m
[0m2023-04-22 12:50:02 V/Net 1163675107: Recv: friendlist.GetTroopMemberListReq[0m
[0m2023-04-22 12:50:02 V/Net 1163675107: Recv: friendlist.GetTroopMemberListReq[0m
[0m2023-04-22 12:50:02 V/Net 1163675107: Send: friendlist.GetTroopMemberListReq(friendlist.GetTroopMemberListReq)[0m
[0m2023-04-22 12:50:02 V/Net 1163675107: Recv: friendlist.GetTroopMemberListReq[0m
[0m2023-04-22 12:50:02 V/Net 1163675107: Send: friendlist.GetTroopMemberListReq(friendlist.GetTroopMemberListReq)[0m
[0m2023-04-22 12:50:02 V/Net 1163675107: Send: friendlist.GetTroopMemberListReq(friendlist.GetTroopMemberListReq)[0m
[0m2023-04-22 12:50:02 V/Net 1163675107: Recv: friendlist.GetTroopMemberListReq[0m
[0m2023-04-22 12:50:02 V/Net 1163675107: Recv: friendlist.GetTroopMemberListReq[0m
[0m2023-04-22 12:50:02 V/Net 1163675107: Recv: friendlist.GetTroopMemberListReq[0m
[0m2023-04-22 12:50:02 V/Net 1163675107: Send: friendlist.GetTroopMemberListReq(friendlist.GetTroopMemberListReq)[0m
[0m2023-04-22 12:50:02 V/Net 1163675107: Recv: friendlist.GetTroopMemberListReq[0m
[0m2023-04-22 12:50:02 V/Net 1163675107: Send: friendlist.GetTroopMemberListReq(friendlist.GetTroopMemberListReq)[0m
[0m2023-04-22 12:50:02 V/Net 1163675107: Recv: friendlist.GetTroopMemberListReq[0m
[0m2023-04-22 12:50:02 V/Net 1163675107: Send: friendlist.GetTroopMemberListReq(friendlist.GetTroopMemberListReq)[0m
[0m2023-04-22 12:50:02 V/Net 1163675107: Recv: friendlist.GetTroopMemberListReq[0m
[0m2023-04-22 12:50:02 V/Net 1163675107: Send: friendlist.GetTroopMemberListReq(friendlist.GetTroopMemberListReq)[0m
[0m2023-04-22 12:50:02 V/Net 1163675107: Recv: friendlist.GetTroopMemberListReq[0m
[0m2023-04-22 12:50:02 V/Net 1163675107: Recv: friendlist.GetTroopMemberListReq[0m
[0m2023-04-22 12:50:02 V/Net 1163675107: Send: friendlist.GetTroopMemberListReq(friendlist.GetTroopMemberListReq)[0m
[0m2023-04-22 12:50:02 V/Net 1163675107: Recv: friendlist.GetTroopMemberListReq[0m
[0m2023-04-22 12:50:02 V/Net 1163675107: Send: friendlist.GetTroopMemberListReq(friendlist.GetTroopMemberListReq)[0m
[0m2023-04-22 12:50:02 V/Net 1163675107: Recv: friendlist.GetTroopMemberListReq[0m
[0m2023-04-22 12:50:02 V/Net 1163675107: Send: friendlist.GetTroopMemberListReq(friendlist.GetTroopMemberListReq)[0m
[0m2023-04-22 12:50:02 V/Net 1163675107: Recv: friendlist.GetTroopMemberListReq[0m
[0m2023-04-22 12:50:02 V/Net 1163675107: Recv: friendlist.GetTroopMemberListReq[0m
[0m2023-04-22 12:50:02 V/Net 1163675107: Recv: friendlist.GetTroopMemberListReq[0m
[0m2023-04-22 12:50:02 V/Net 1163675107: Recv: friendlist.GetTroopMemberListReq[0m
[0m2023-04-22 12:50:02 V/Net 1163675107: Recv: friendlist.GetTroopMemberListReq[0m
[0m2023-04-22 12:50:02 V/Net 1163675107: Send: friendlist.GetTroopMemberListReq(friendlist.GetTroopMemberListReq)[0m
[0m2023-04-22 12:50:02 V/Net 1163675107: Send: friendlist.GetTroopMemberListReq(friendlist.GetTroopMemberListReq)[0m
[0m2023-04-22 12:50:02 V/Net 1163675107: Send: friendlist.GetTroopMemberListReq(friendlist.GetTroopMemberListReq)[0m
[0m2023-04-22 12:50:02 V/Net 1163675107: Recv: friendlist.GetTroopMemberListReq[0m
[0m2023-04-22 12:50:02 V/Net 1163675107: Send: friendlist.GetTroopMemberListReq(friendlist.GetTroopMemberListReq)[0m
[0m2023-04-22 12:50:02 V/Net 1163675107: Recv: friendlist.GetTroopMemberListReq[0m
[0m2023-04-22 12:50:02 V/Net 1163675107: Send: friendlist.GetTroopMemberListReq(friendlist.GetTroopMemberListReq)[0m
[0m2023-04-22 12:50:02 V/Net 1163675107: Recv: friendlist.GetTroopMemberListReq[0m
[0m2023-04-22 12:50:02 V/Net 1163675107: Send: friendlist.GetTroopMemberListReq(friendlist.GetTroopMemberListReq)[0m
[0m2023-04-22 12:50:02 V/Net 1163675107: Recv: friendlist.GetTroopMemberListReq[0m
[0m2023-04-22 12:50:02 V/Net 1163675107: Recv: friendlist.GetTroopMemberListReq[0m
[0m2023-04-22 12:50:02 V/Net 1163675107: Recv: friendlist.GetTroopMemberListReq[0m
[0m2023-04-22 12:50:02 V/Net 1163675107: Recv: friendlist.GetTroopMemberListReq[0m
[0m2023-04-22 12:50:02 V/Net 1163675107: Send: friendlist.GetTroopMemberListReq(friendlist.GetTroopMemberListReq)[0m
[0m2023-04-22 12:50:02 V/Net 1163675107: Recv: friendlist.GetTroopMemberListReq[0m
[0m2023-04-22 12:50:02 V/Net 1163675107: Recv: friendlist.GetTroopMemberListReq[0m
[0m2023-04-22 12:50:02 V/Net 1163675107: Send: friendlist.getFriendGroupList(friendlist.getFriendGroupList)[0m
[0m2023-04-22 12:50:02 V/Net 1163675107: Recv: friendlist.GetTroopMemberListReq[0m
[92m2023-04-22 12:50:02 I/Net 1163675107: Successfully loaded group list: 67 in total.[0m
[92m2023-04-22 12:50:04 I/Net 1163675107: Syncing friend message history: Success.[0m
[93m2023-04-22 12:50:07 W/Net 1163675107: An exception was thrown during 'loading friendGroups' of Bot 1163675107. Trying to ignore the error and continue logging in...
kotlinx.coroutines.TimeoutCancellationException: Timed out waiting for 5000 ms
	at kotlinx.coroutines.TimeoutKt.TimeoutCancellationException(Timeout.kt:184)
	at kotlinx.coroutines.TimeoutCoroutine.run(Timeout.kt:154)
	at kotlinx.coroutines.EventLoopImplBase$DelayedRunnableTask.run(EventLoop.common.kt:508)
	at kotlinx.coroutines.EventLoopImplBase.processNextEvent(EventLoop.common.kt:284)
	at kotlinx.coroutines.DefaultExecutor.run(DefaultExecutor.kt:108)
	at java.base/java.lang.Thread.run(Thread.java:834)
[0m
[92m2023-04-22 12:50:07 I/Net 1163675107: Scheduled key refresh in 23h 55min 0.0s.[0m
[92m2023-04-22 12:50:07 I/Net 1163675107: Scheduled refresh login session in 19d 23h 55min 0.0s.[0m
[0m2023-04-22 12:50:37 V/Net 1163675107: Recv: StatSvc.SvcReqMSFLoginNotify[0m
[0m2023-04-22 12:51:31 V/Net 1163675107: Send: ImgStore.GroupPicUp(ImgStore.GroupPicUp)[0m
[0m2023-04-22 12:51:32 V/Net 1163675107: [Highway] Uploading group image to 106.55.123.135:14000, size=330.2 KiB[0m
[0m2023-04-22 12:51:32 V/Net 1163675107: Recv: ImgStore.GroupPicUp[0m
[0m2023-04-22 12:51:34 V/Net 1163675107: [Highway] Uploading group image: succeed at 161 KiB/s[0m
[0m2023-04-22 12:51:34 V/Net 1163675107: Send: MessageSvc.PbSendMsg(MessageSvc.PbSendMsg)[0m
[0m2023-04-22 12:51:36 V/Net 1163675107: Recv: MessageSvc.PbSendMsg[0m
[0m2023-04-22 12:52:14 V/Net 1163675107: Send: MessageSvc.PbSendMsg(MessageSvc.PbSendMsg)[0m
[0m2023-04-22 12:52:14 V/Net 1163675107: Recv: MessageSvc.PbSendMsg[0m
[0m2023-04-22 12:52:21 V/Net 1163675107: Send: MessageSvc.PbSendMsg(MessageSvc.PbSendMsg)[0m
[0m2023-04-22 12:52:21 V/Net 1163675107: Recv: MessageSvc.PbSendMsg[0m
[0m2023-04-22 12:52:37 V/Net 1163675107: Send: MessageSvc.PbSendMsg(MessageSvc.PbSendMsg)[0m
[0m2023-04-22 12:52:37 V/Net 1163675107: Recv: MessageSvc.PbSendMsg[0m
[0m2023-04-22 12:52:44 V/Net 1163675107: Send: MessageSvc.PbSendMsg(MessageSvc.PbSendMsg)[0m
[0m2023-04-22 12:52:44 V/Net 1163675107: Recv: MessageSvc.PbSendMsg[0m
[0m2023-04-22 12:52:45 V/Net 1163675107: Send: PbMessageSvc.PbMsgWithDraw(PbMsgWithDraw(friend=2810704613, seq=58919, rand=626252970, time=1682139134))[0m
[0m2023-04-22 12:52:45 V/Net 1163675107: Recv: PbMessageSvc.PbMsgWithDraw[0m
[0m2023-04-22 12:53:15 V/Net 1163675107: Send: LongConn.OffPicUp(LongConn.OffPicUp)[0m
[0m2023-04-22 12:53:16 V/Net 1163675107: Recv: LongConn.OffPicUp[0m
[0m2023-04-22 12:53:16 V/Net 1163675107: Send: LongConn.OffPicUp(LongConn.OffPicUp)[0m
[0m2023-04-22 12:53:16 V/Net 1163675107: Recv: LongConn.OffPicUp[0m
[0m2023-04-22 12:53:16 V/Net 1163675107: Send: MessageSvc.PbSendMsg(MessageSvc.PbSendMsg)[0m
[0m2023-04-22 12:53:16 V/Net 1163675107: Recv: MessageSvc.PbSendMsg[0m
[0m2023-04-22 12:55:02 V/Net 1163675107: Send: MessageSvc.PbSendMsg(MessageSvc.PbSendMsg)[0m
[0m2023-04-22 12:55:02 V/Net 1163675107: Recv: MessageSvc.PbSendMsg[0m
[0m2023-04-22 12:56:36 V/Net 1163675107: Send: MessageSvc.PbSendMsg(MessageSvc.PbSendMsg)[0m
[0m2023-04-22 12:56:37 V/Net 1163675107: Recv: MessageSvc.PbSendMsg[0m
[0m2023-04-22 12:57:00 V/Net 1163675107: Send: MessageSvc.PbSendMsg(MessageSvc.PbSendMsg)[0m
[0m2023-04-22 12:57:00 V/Net 1163675107: Recv: MessageSvc.PbSendMsg[0m
[0m2023-04-22 12:57:40 V/Net 1163675107: Send: MessageSvc.PbSendMsg(MessageSvc.PbSendMsg)[0m
[0m2023-04-22 12:57:40 V/Net 1163675107: Recv: MessageSvc.PbSendMsg[0m
[0m2023-04-22 12:58:26 V/Net 1163675107: Send: MessageSvc.PbSendMsg(MessageSvc.PbSendMsg)[0m
[0m2023-04-22 12:58:26 V/Net 1163675107: Recv: MessageSvc.PbSendMsg[0m
[0m2023-04-22 12:58:27 V/Net 1163675107: Send: ImgStore.GroupPicUp(ImgStore.GroupPicUp)[0m
[0m2023-04-22 12:58:27 V/Net 1163675107: [Highway] Uploading group image to 106.55.123.135:14000, size=683.46 KiB[0m
[0m2023-04-22 12:58:27 V/Net 1163675107: Recv: ImgStore.GroupPicUp[0m
[0m2023-04-22 12:58:31 V/Net 1163675107: [Highway] Uploading group image: succeed at 174 KiB/s[0m
[0m2023-04-22 12:58:31 V/Net 1163675107: Send: MessageSvc.PbSendMsg(MessageSvc.PbSendMsg)[0m
[0m2023-04-22 12:58:32 V/Net 1163675107: Recv: MessageSvc.PbSendMsg[0m
[0m2023-04-22 12:58:37 V/Net 1163675107: Send: ImgStore.GroupPicUp(ImgStore.GroupPicUp)[0m
[0m2023-04-22 12:58:37 V/Net 1163675107: [Highway] Uploading group image to 106.55.123.135:14000, size=351.66 KiB[0m
[0m2023-04-22 12:58:37 V/Net 1163675107: Recv: ImgStore.GroupPicUp[0m
[0m2023-04-22 12:58:39 V/Net 1163675107: [Highway] Uploading group image: succeed at 191 KiB/s[0m
[0m2023-04-22 12:58:39 V/Net 1163675107: Send: MessageSvc.PbSendMsg(MessageSvc.PbSendMsg)[0m
[0m2023-04-22 12:58:40 V/Net 1163675107: Recv: MessageSvc.PbSendMsg[0m
[0m2023-04-22 13:00:03 V/Net 1163675107: Send: ImgStore.GroupPicUp(ImgStore.GroupPicUp)[0m
[0m2023-04-22 13:00:03 V/Net 1163675107: Recv: ImgStore.GroupPicUp[0m
[0m2023-04-22 13:00:03 V/Net 1163675107: [Highway] Uploading group image to 106.55.123.135:14000, size=76.7 KiB[0m
[0m2023-04-22 13:00:04 V/Net 1163675107: [Highway] Uploading group image: succeed at 81 KiB/s[0m
[0m2023-04-22 13:00:04 V/Net 1163675107: Send: MessageSvc.PbSendMsg(MessageSvc.PbSendMsg)[0m
[0m2023-04-22 13:00:04 V/Net 1163675107: Recv: MessageSvc.PbSendMsg[0m
[0m2023-04-22 13:02:25 V/Net 1163675107: Send: MessageSvc.PbSendMsg(MessageSvc.PbSendMsg)[0m
[0m2023-04-22 13:02:25 V/Net 1163675107: Recv: MessageSvc.PbSendMsg[0m
[0m2023-04-22 13:02:34 V/Net 1163675107: Send: MessageSvc.PbSendMsg(MessageSvc.PbSendMsg)[0m
[0m2023-04-22 13:02:34 V/Net 1163675107: Recv: MessageSvc.PbSendMsg[0m
[0m2023-04-22 13:02:47 V/Net 1163675107: Send: MessageSvc.PbSendMsg(MessageSvc.PbSendMsg)[0m
[0m2023-04-22 13:02:48 V/Net 1163675107: Recv: MessageSvc.PbSendMsg[0m
[0m2023-04-22 13:02:50 V/Net 1163675107: Send: MessageSvc.PbSendMsg(MessageSvc.PbSendMsg)[0m
[0m2023-04-22 13:02:51 V/Net 1163675107: Recv: MessageSvc.PbSendMsg[0m
[0m2023-04-22 13:02:52 V/Net 1163675107: Send: OidbSvc.0xed3(OidbSvc.0xed3)[0m
[0m2023-04-22 13:02:52 V/Net 1163675107: Recv: OidbSvc.0xed3[0m
[0m2023-04-22 13:02:53 V/Net 1163675107: Send: MessageSvc.PbSendMsg(MessageSvc.PbSendMsg)[0m
[0m2023-04-22 13:02:53 V/Net 1163675107: Recv: MessageSvc.PbSendMsg[0m
[0m2023-04-22 13:02:54 V/Net 1163675107: Send: ImgStore.GroupPicUp(ImgStore.GroupPicUp)[0m
[0m2023-04-22 13:02:54 V/Net 1163675107: [Highway] Uploading group image to 106.55.123.135:14000, size=186.73 KiB[0m
[0m2023-04-22 13:02:54 V/Net 1163675107: Recv: ImgStore.GroupPicUp[0m
[0m2023-04-22 13:02:55 V/Net 1163675107: [Highway] Uploading group image: succeed at 171 KiB/s[0m
[0m2023-04-22 13:02:55 V/Net 1163675107: Send: MessageSvc.PbSendMsg(MessageSvc.PbSendMsg)[0m
[0m2023-04-22 13:02:56 V/Net 1163675107: Recv: MessageSvc.PbSendMsg[0m
[0m2023-04-22 13:03:09 V/Net 1163675107: Send: MessageSvc.PbSendMsg(MessageSvc.PbSendMsg)[0m
[0m2023-04-22 13:03:09 V/Net 1163675107: Recv: MessageSvc.PbSendMsg[0m
[0m2023-04-22 13:03:11 V/Net 1163675107: Send: MessageSvc.PbSendMsg(MessageSvc.PbSendMsg)[0m
[0m2023-04-22 13:03:11 V/Net 1163675107: Recv: MessageSvc.PbSendMsg[0m
[0m2023-04-22 13:03:12 V/Net 1163675107: Send: ImgStore.GroupPicUp(ImgStore.GroupPicUp)[0m
[0m2023-04-22 13:03:12 V/Net 1163675107: [Highway] Uploading group image to 106.55.123.135:14000, size=123.17 KiB[0m
[0m2023-04-22 13:03:12 V/Net 1163675107: Recv: ImgStore.GroupPicUp[0m
[0m2023-04-22 13:03:12 V/Net 1163675107: [Highway] Uploading group image: succeed at 163 KiB/s[0m
[0m2023-04-22 13:03:12 V/Net 1163675107: Send: MessageSvc.PbSendMsg(MessageSvc.PbSendMsg)[0m
[0m2023-04-22 13:03:13 V/Net 1163675107: Recv: MessageSvc.PbSendMsg[0m
