

=============================================================
MIRAI CONSOLE CRASH REPORT.
Console has take too long to shutdown.

TIME: 1684839477385 <2023-05-23T10:57:57.385Z>
SYSTEM: Windows Server 2012 R2 amd64 6.3
JRT:
  Java(TM) SE Runtime Environment  11.0.14
    by Oracle Corporation
SPEC:
  Java Platform API Specification 11
    by Oracle Corporation
VM:
  Java HotSpot(TM) 64-Bit Server VM 11.0.14+8-LTS-263
    by Oracle Corporation


PROCESS Working dir: C:\Users\Administrator\Desktop\mirai2.2
Console Working Dir: C:\Users\Administrator\Desktop\mirai2.2
Loaded plugins:
|- Chat Command v0.5.0
|   `- ID: net.mamoe.mirai.console.chat-command
|   `- MAIN: class net.mamoe.mirai.console.plugins.chat.command.PluginMain
|   `- FROM: C:\Users\Administrator\Desktop\mirai2.2\plugins\chat-command-0.5.1.mirai.jar
|- fix-protocol-version v1.2.0
|   `- ID: xyz.cssxsh.mirai.fix-protocol-version
|   `- AUTHOR: cssxsh
|   `- MAIN: class xyz.cssxsh.mirai.tool.FixProtocolVersionPlugin
|   `- FROM: C:\Users\Administrator\Desktop\mirai2.2\plugins\fix-protocol-version-1.2.0.mirai2.jar
|- mirai-api-http v2.8.0
|   `- ID: net.mamoe.mirai-api-http
|   `- AUTHOR: ryoii
|   `- MAIN: class net.mamoe.mirai.api.http.HttpApiPluginBase
|   `- FROM: C:\Users\Administrator\Desktop\mirai2.2\plugins\mirai-api-http-2.8.0.mirai2.jar
|- Drift Bottle v1.9.0
|   `- ID: io.github.samarium150.mirai.plugin.mirai-console-drift-bottle
|   `- AUTHOR: Samarium150
|   `- MAIN: class io.github.samarium150.mirai.plugin.driftbottle.MiraiConsoleDriftBottle
|   `- FROM: C:\Users\Administrator\Desktop\mirai2.2\plugins\mirai-console-drift-bottle-1.9.0.mirai.jar
|- mirai-login-solver-sakura v0.0.10
|   `- ID: com.kasukusakura.mlss
|   `- MAIN: class com.kasukusakura.mlss.console.ConsolePluginMain
|   `- FROM: C:\Users\Administrator\Desktop\mirai2.2\plugins\mirai-login-solver-sakura-0.0.10.mirai2.jar
|- PetPet v4.9
|   `- ID: xmmt.dituon.petpet
|   `- AUTHOR: Dituon
|   `- MAIN: class moe.dituon.petpet.plugin.Petpet
|   `- FROM: C:\Users\Administrator\Desktop\mirai2.2\plugins\petpet-4.9.mirai2.jar
|- MCL Addon v2.1.1
|   `- ID: org.itxtech.mcl.addon
|   `- AUTHOR: PeratX
|   `- MAIN: class org.itxtech.mcl.addon.PluginMain
|   `- FROM: C:\Users\Administrator\Desktop\mirai2.2\plugins\mcl-addon-2.1.1.jar



PROCESS: 4756@10_0_20_2
VM OPTIONS:


THREADS:



"main" prio=5 Id=1 on kotlinx.coroutines.BlockingCoroutine@6ea766bf
	at java.base@11.0.14/jdk.internal.misc.Unsafe.park(Native Method)
	-  waiting on kotlinx.coroutines.BlockingCoroutine@6ea766bf
	at java.base@11.0.14/java.util.concurrent.locks.LockSupport.parkNanos(LockSupport.java:234)
	at app//kotlinx.coroutines.BlockingCoroutine.joinBlocking(Builders.kt:88)
	at app//kotlinx.coroutines.BuildersKt__BuildersKt.runBlocking(Builders.kt:59)
	at app//kotlinx.coroutines.BuildersKt.runBlocking(Unknown Source)
	at app//kotlinx.coroutines.BuildersKt__BuildersKt.runBlocking$default(Builders.kt:38)
	at app//kotlinx.coroutines.BuildersKt.runBlocking$default(Unknown Source)
	at app//net.mamoe.mirai.console.terminal.MiraiConsoleTerminalLoader.main(MiraiConsoleTerminalLoader.kt:56)
	at java.base@11.0.14/jdk.internal.reflect.NativeMethodAccessorImpl.invoke0(Native Method)
	at java.base@11.0.14/jdk.internal.reflect.NativeMethodAccessorImpl.invoke(NativeMethodAccessorImpl.java:62)
	at java.base@11.0.14/jdk.internal.reflect.DelegatingMethodAccessorImpl.invoke(DelegatingMethodAccessorImpl.java:43)
	at java.base@11.0.14/java.lang.reflect.Method.invoke(Method.java:566)
	at app//org.itxtech.mcl.Utility.bootJars(Utility.java:86)
	at app//org.itxtech.mcl.Utility.bootJars(Utility.java:76)
	at app//org.itxtech.mcl.Utility.bootMirai(Utility.java:98)
	at app//org.itxtech.mcl.module.builtin.Boot.boot(Boot.java:113)
	at app//org.itxtech.mcl.module.ModuleManager.phaseBoot(ModuleManager.java:123)
	at app//org.itxtech.mcl.Loader.lambda$start$4(Loader.java:196)
	at app//org.itxtech.mcl.Loader$$Lambda$210/0x0000000100254840.run(Unknown Source)
	at app//org.itxtech.mcl.Loader.tryCatching(Loader.java:151)
	at app//org.itxtech.mcl.Loader.start(Loader.java:196)
	at app//org.itxtech.mcl.Loader.main(Loader.java:84)




"Reference Handler" daemon prio=10 Id=2
	at java.base@11.0.14/java.lang.ref.Reference.waitForReferencePendingList(Native Method)
	at java.base@11.0.14/java.lang.ref.Reference.processPendingReferences(Reference.java:241)
	at java.base@11.0.14/java.lang.ref.Reference$ReferenceHandler.run(Reference.java:213)




"Finalizer" daemon prio=8 Id=3 on java.lang.ref.ReferenceQueue$Lock@165e358d
	at java.base@11.0.14/java.lang.Object.wait(Native Method)
	-  waiting on java.lang.ref.ReferenceQueue$Lock@165e358d
	at java.base@11.0.14/java.lang.ref.ReferenceQueue.remove(ReferenceQueue.java:155)
	at java.base@11.0.14/java.lang.ref.ReferenceQueue.remove(ReferenceQueue.java:176)
	at java.base@11.0.14/java.lang.ref.Finalizer$FinalizerThread.run(Finalizer.java:170)




"Signal Dispatcher" daemon prio=9 Id=4




"Attach Listener" daemon prio=5 Id=5




"Common-Cleaner" daemon prio=8 Id=10 on java.lang.ref.ReferenceQueue$Lock@dc1f7f5
	at java.base@11.0.14/java.lang.Object.wait(Native Method)
	-  waiting on java.lang.ref.ReferenceQueue$Lock@dc1f7f5
	at java.base@11.0.14/java.lang.ref.ReferenceQueue.remove(ReferenceQueue.java:155)
	at java.base@11.0.14/jdk.internal.ref.CleanerImpl.run(CleanerImpl.java:148)
	at java.base@11.0.14/java.lang.Thread.run(Thread.java:834)
	at java.base@11.0.14/jdk.internal.misc.InnocuousThread.run(InnocuousThread.java:134)




"HttpClient-2-SelectorManager" daemon prio=5 Id=12 (in native)
	at java.base@11.0.14/sun.nio.ch.WindowsSelectorImpl$SubSelector.poll0(Native Method)
	at java.base@11.0.14/sun.nio.ch.WindowsSelectorImpl$SubSelector.poll(WindowsSelectorImpl.java:357)
	at java.base@11.0.14/sun.nio.ch.WindowsSelectorImpl.doSelect(WindowsSelectorImpl.java:182)
	at java.base@11.0.14/sun.nio.ch.SelectorImpl.lockAndDoSelect(SelectorImpl.java:124)
	-  locked sun.nio.ch.Util$2@74b94da9
	-  locked sun.nio.ch.WindowsSelectorImpl@4b9d70be
	at java.base@11.0.14/sun.nio.ch.SelectorImpl.select(SelectorImpl.java:136)
	at platform/java.net.http@11.0.14/jdk.internal.net.http.HttpClientImpl$SelectorManager.run(HttpClientImpl.java:867)




"JLine Input Daemon" daemon prio=5 Id=19 on java.lang.Object@49615867
	at java.base@11.0.14/java.lang.Object.wait(Native Method)
	-  waiting on java.lang.Object@49615867
	at java.base@11.0.14/java.lang.Object.wait(Object.java:328)
	at app//net.mamoe.mirai.console.terminal.JLineInputDaemon.run(JLineInputDaemon.kt:64)
	at java.base@11.0.14/java.lang.Thread.run(Thread.java:834)




"Mirai Console Logging#0" daemon prio=5 Id=23 on java.util.concurrent.locks.AbstractQueuedSynchronizer$ConditionObject@770b90e7
	at java.base@11.0.14/jdk.internal.misc.Unsafe.park(Native Method)
	-  waiting on java.util.concurrent.locks.AbstractQueuedSynchronizer$ConditionObject@770b90e7
	at java.base@11.0.14/java.util.concurrent.locks.LockSupport.park(LockSupport.java:194)
	at java.base@11.0.14/java.util.concurrent.locks.AbstractQueuedSynchronizer$ConditionObject.await(AbstractQueuedSynchronizer.java:2081)
	at java.base@11.0.14/java.util.concurrent.ScheduledThreadPoolExecutor$DelayedWorkQueue.take(ScheduledThreadPoolExecutor.java:1170)
	at java.base@11.0.14/java.util.concurrent.ScheduledThreadPoolExecutor$DelayedWorkQueue.take(ScheduledThreadPoolExecutor.java:899)
	at java.base@11.0.14/java.util.concurrent.ThreadPoolExecutor.getTask(ThreadPoolExecutor.java:1054)
	at java.base@11.0.14/java.util.concurrent.ThreadPoolExecutor.runWorker(ThreadPoolExecutor.java:1114)
	at java.base@11.0.14/java.util.concurrent.ThreadPoolExecutor$Worker.run(ThreadPoolExecutor.java:628)
	at java.base@11.0.14/java.lang.Thread.run(Thread.java:834)




"Mirai Console Logging#1" daemon prio=5 Id=24 on java.util.concurrent.locks.AbstractQueuedSynchronizer$ConditionObject@770b90e7
	at java.base@11.0.14/jdk.internal.misc.Unsafe.park(Native Method)
	-  waiting on java.util.concurrent.locks.AbstractQueuedSynchronizer$ConditionObject@770b90e7
	at java.base@11.0.14/java.util.concurrent.locks.LockSupport.park(LockSupport.java:194)
	at java.base@11.0.14/java.util.concurrent.locks.AbstractQueuedSynchronizer$ConditionObject.await(AbstractQueuedSynchronizer.java:2081)
	at java.base@11.0.14/java.util.concurrent.ScheduledThreadPoolExecutor$DelayedWorkQueue.take(ScheduledThreadPoolExecutor.java:1170)
	at java.base@11.0.14/java.util.concurrent.ScheduledThreadPoolExecutor$DelayedWorkQueue.take(ScheduledThreadPoolExecutor.java:899)
	at java.base@11.0.14/java.util.concurrent.ThreadPoolExecutor.getTask(ThreadPoolExecutor.java:1054)
	at java.base@11.0.14/java.util.concurrent.ThreadPoolExecutor.runWorker(ThreadPoolExecutor.java:1114)
	at java.base@11.0.14/java.util.concurrent.ThreadPoolExecutor$Worker.run(ThreadPoolExecutor.java:628)
	at java.base@11.0.14/java.lang.Thread.run(Thread.java:834)




"Mirai Console Logging#2" daemon prio=5 Id=25 on java.util.concurrent.locks.AbstractQueuedSynchronizer$ConditionObject@770b90e7
	at java.base@11.0.14/jdk.internal.misc.Unsafe.park(Native Method)
	-  waiting on java.util.concurrent.locks.AbstractQueuedSynchronizer$ConditionObject@770b90e7
	at java.base@11.0.14/java.util.concurrent.locks.LockSupport.park(LockSupport.java:194)
	at java.base@11.0.14/java.util.concurrent.locks.AbstractQueuedSynchronizer$ConditionObject.await(AbstractQueuedSynchronizer.java:2081)
	at java.base@11.0.14/java.util.concurrent.ScheduledThreadPoolExecutor$DelayedWorkQueue.take(ScheduledThreadPoolExecutor.java:1170)
	at java.base@11.0.14/java.util.concurrent.ScheduledThreadPoolExecutor$DelayedWorkQueue.take(ScheduledThreadPoolExecutor.java:899)
	at java.base@11.0.14/java.util.concurrent.ThreadPoolExecutor.getTask(ThreadPoolExecutor.java:1054)
	at java.base@11.0.14/java.util.concurrent.ThreadPoolExecutor.runWorker(ThreadPoolExecutor.java:1114)
	at java.base@11.0.14/java.util.concurrent.ThreadPoolExecutor$Worker.run(ThreadPoolExecutor.java:628)
	at java.base@11.0.14/java.lang.Thread.run(Thread.java:834)




"kotlinx.coroutines.DefaultExecutor" daemon prio=5 Id=26 on kotlinx.coroutines.DefaultExecutor@1dbee34b
	at java.base@11.0.14/jdk.internal.misc.Unsafe.park(Native Method)
	-  waiting on kotlinx.coroutines.DefaultExecutor@1dbee34b
	at java.base@11.0.14/java.util.concurrent.locks.LockSupport.parkNanos(LockSupport.java:234)
	at app//kotlinx.coroutines.DefaultExecutor.run(DefaultExecutor.kt:121)
	at java.base@11.0.14/java.lang.Thread.run(Thread.java:834)




"SakuraLoginSolverDaemon #0" daemon prio=5 Id=27 (in native)
	at java.base@11.0.14/sun.nio.ch.WindowsSelectorImpl$SubSelector.poll0(Native Method)
	at java.base@11.0.14/sun.nio.ch.WindowsSelectorImpl$SubSelector.poll(WindowsSelectorImpl.java:357)
	at java.base@11.0.14/sun.nio.ch.WindowsSelectorImpl.doSelect(WindowsSelectorImpl.java:182)
	at java.base@11.0.14/sun.nio.ch.SelectorImpl.lockAndDoSelect(SelectorImpl.java:124)
	-  locked io.netty.channel.nio.SelectedSelectionKeySet@3d0678c2
	-  locked sun.nio.ch.WindowsSelectorImpl@7e67ad65
	at java.base@11.0.14/sun.nio.ch.SelectorImpl.select(SelectorImpl.java:141)
	at mirai-login-solver-sakura-0.0.10.mirai2.jar[private]//io.netty.channel.nio.SelectedSelectionKeySetSelector.select(SelectedSelectionKeySetSelector.java:68)
	at mirai-login-solver-sakura-0.0.10.mirai2.jar[private]//io.netty.channel.nio.NioEventLoop.select(NioEventLoop.java:879)
	at mirai-login-solver-sakura-0.0.10.mirai2.jar[private]//io.netty.channel.nio.NioEventLoop.run(NioEventLoop.java:526)
	at mirai-login-solver-sakura-0.0.10.mirai2.jar[private]//io.netty.util.concurrent.SingleThreadEventExecutor$4.run(SingleThreadEventExecutor.java:997)
	at mirai-login-solver-sakura-0.0.10.mirai2.jar[private]//io.netty.util.internal.ThreadExecutorMap$2.run(ThreadExecutorMap.java:74)
	at java.base@11.0.14/java.lang.Thread.run(Thread.java:834)




"Java2D Disposer" daemon prio=10 Id=28 on java.lang.ref.ReferenceQueue$Lock@55c086e6
	at java.base@11.0.14/java.lang.Object.wait(Native Method)
	-  waiting on java.lang.ref.ReferenceQueue$Lock@55c086e6
	at java.base@11.0.14/java.lang.ref.ReferenceQueue.remove(ReferenceQueue.java:155)
	at java.base@11.0.14/java.lang.ref.ReferenceQueue.remove(ReferenceQueue.java:176)
	at java.desktop@11.0.14/sun.java2d.Disposer.run(Disposer.java:144)
	at java.base@11.0.14/java.lang.Thread.run(Thread.java:834)




"TimerQueue" daemon prio=5 Id=47 on java.util.concurrent.locks.AbstractQueuedSynchronizer$ConditionObject@31c02cf5
	at java.base@11.0.14/jdk.internal.misc.Unsafe.park(Native Method)
	-  waiting on java.util.concurrent.locks.AbstractQueuedSynchronizer$ConditionObject@31c02cf5
	at java.base@11.0.14/java.util.concurrent.locks.LockSupport.park(LockSupport.java:194)
	at java.base@11.0.14/java.util.concurrent.locks.AbstractQueuedSynchronizer$ConditionObject.await(AbstractQueuedSynchronizer.java:2081)
	at java.base@11.0.14/java.util.concurrent.DelayQueue.take(DelayQueue.java:217)
	at java.desktop@11.0.14/javax.swing.TimerQueue.run(TimerQueue.java:171)
	at java.base@11.0.14/java.lang.Thread.run(Thread.java:834)




"HttpClient-3-SelectorManager" daemon prio=5 Id=48 (in native)
	at java.base@11.0.14/sun.nio.ch.WindowsSelectorImpl$SubSelector.poll0(Native Method)
	at java.base@11.0.14/sun.nio.ch.WindowsSelectorImpl$SubSelector.poll(WindowsSelectorImpl.java:357)
	at java.base@11.0.14/sun.nio.ch.WindowsSelectorImpl.doSelect(WindowsSelectorImpl.java:182)
	at java.base@11.0.14/sun.nio.ch.SelectorImpl.lockAndDoSelect(SelectorImpl.java:124)
	-  locked sun.nio.ch.Util$2@728fa32d
	-  locked sun.nio.ch.WindowsSelectorImpl@2329ec2c
	at java.base@11.0.14/sun.nio.ch.SelectorImpl.select(SelectorImpl.java:136)
	at platform/java.net.http@11.0.14/jdk.internal.net.http.HttpClientImpl$SelectorManager.run(HttpClientImpl.java:867)




"pool-2-thread-1" prio=5 Id=86 on java.util.concurrent.locks.AbstractQueuedSynchronizer$ConditionObject@68f11804
	at java.base@11.0.14/jdk.internal.misc.Unsafe.park(Native Method)
	-  waiting on java.util.concurrent.locks.AbstractQueuedSynchronizer$ConditionObject@68f11804
	at java.base@11.0.14/java.util.concurrent.locks.LockSupport.park(LockSupport.java:194)
	at java.base@11.0.14/java.util.concurrent.locks.AbstractQueuedSynchronizer$ConditionObject.await(AbstractQueuedSynchronizer.java:2081)
	at java.base@11.0.14/java.util.concurrent.LinkedBlockingQueue.take(LinkedBlockingQueue.java:433)
	at java.base@11.0.14/java.util.concurrent.ThreadPoolExecutor.getTask(ThreadPoolExecutor.java:1054)
	at java.base@11.0.14/java.util.concurrent.ThreadPoolExecutor.runWorker(ThreadPoolExecutor.java:1114)
	at java.base@11.0.14/java.util.concurrent.ThreadPoolExecutor$Worker.run(ThreadPoolExecutor.java:628)
	at java.base@11.0.14/java.lang.Thread.run(Thread.java:834)




"pool-2-thread-2" prio=5 Id=87 on java.util.concurrent.locks.AbstractQueuedSynchronizer$ConditionObject@68f11804
	at java.base@11.0.14/jdk.internal.misc.Unsafe.park(Native Method)
	-  waiting on java.util.concurrent.locks.AbstractQueuedSynchronizer$ConditionObject@68f11804
	at java.base@11.0.14/java.util.concurrent.locks.LockSupport.park(LockSupport.java:194)
	at java.base@11.0.14/java.util.concurrent.locks.AbstractQueuedSynchronizer$ConditionObject.await(AbstractQueuedSynchronizer.java:2081)
	at java.base@11.0.14/java.util.concurrent.LinkedBlockingQueue.take(LinkedBlockingQueue.java:433)
	at java.base@11.0.14/java.util.concurrent.ThreadPoolExecutor.getTask(ThreadPoolExecutor.java:1054)
	at java.base@11.0.14/java.util.concurrent.ThreadPoolExecutor.runWorker(ThreadPoolExecutor.java:1114)
	at java.base@11.0.14/java.util.concurrent.ThreadPoolExecutor$Worker.run(ThreadPoolExecutor.java:628)
	at java.base@11.0.14/java.lang.Thread.run(Thread.java:834)




"pool-2-thread-3" prio=5 Id=88 on java.util.concurrent.locks.AbstractQueuedSynchronizer$ConditionObject@68f11804
	at java.base@11.0.14/jdk.internal.misc.Unsafe.park(Native Method)
	-  waiting on java.util.concurrent.locks.AbstractQueuedSynchronizer$ConditionObject@68f11804
	at java.base@11.0.14/java.util.concurrent.locks.LockSupport.park(LockSupport.java:194)
	at java.base@11.0.14/java.util.concurrent.locks.AbstractQueuedSynchronizer$ConditionObject.await(AbstractQueuedSynchronizer.java:2081)
	at java.base@11.0.14/java.util.concurrent.LinkedBlockingQueue.take(LinkedBlockingQueue.java:433)
	at java.base@11.0.14/java.util.concurrent.ThreadPoolExecutor.getTask(ThreadPoolExecutor.java:1054)
	at java.base@11.0.14/java.util.concurrent.ThreadPoolExecutor.runWorker(ThreadPoolExecutor.java:1114)
	at java.base@11.0.14/java.util.concurrent.ThreadPoolExecutor$Worker.run(ThreadPoolExecutor.java:628)
	at java.base@11.0.14/java.lang.Thread.run(Thread.java:834)




"Mirai ExternalResource Leak Observer Thread" daemon prio=5 Id=89
	at java.base@11.0.14/java.lang.Thread.sleep(Native Method)
	at app//net.mamoe.mirai.internal.utils.ExternalResourceLeakObserver.run(ExternalResourceLeakObserver.kt:119)
	at java.base@11.0.14/java.lang.Thread.run(Thread.java:834)




"DefaultDispatcher-worker-13" daemon prio=5 Id=16415
	at java.base@11.0.14/jdk.internal.misc.Unsafe.park(Native Method)
	at java.base@11.0.14/java.util.concurrent.locks.LockSupport.parkNanos(LockSupport.java:357)
	at app//kotlinx.coroutines.scheduling.CoroutineScheduler$Worker.park(CoroutineScheduler.kt:795)
	at app//kotlinx.coroutines.scheduling.CoroutineScheduler$Worker.tryPark(CoroutineScheduler.kt:740)
	at app//kotlinx.coroutines.scheduling.CoroutineScheduler$Worker.runWorker(CoroutineScheduler.kt:711)
	at app//kotlinx.coroutines.scheduling.CoroutineScheduler$Worker.run(CoroutineScheduler.kt:664)




"DefaultDispatcher-worker-1" daemon prio=5 Id=16515
	at java.base@11.0.14/jdk.internal.misc.Unsafe.park(Native Method)
	at java.base@11.0.14/java.util.concurrent.locks.LockSupport.parkNanos(LockSupport.java:357)
	at app//kotlinx.coroutines.scheduling.CoroutineScheduler$Worker.park(CoroutineScheduler.kt:795)
	at app//kotlinx.coroutines.scheduling.CoroutineScheduler$Worker.tryPark(CoroutineScheduler.kt:740)
	at app//kotlinx.coroutines.scheduling.CoroutineScheduler$Worker.runWorker(CoroutineScheduler.kt:711)
	at app//kotlinx.coroutines.scheduling.CoroutineScheduler$Worker.run(CoroutineScheduler.kt:664)




"DefaultDispatcher-worker-11" daemon prio=5 Id=16517
	at java.base@11.0.14/jdk.internal.misc.Unsafe.park(Native Method)
	at java.base@11.0.14/java.util.concurrent.locks.LockSupport.parkNanos(LockSupport.java:357)
	at app//kotlinx.coroutines.scheduling.CoroutineScheduler$Worker.park(CoroutineScheduler.kt:795)
	at app//kotlinx.coroutines.scheduling.CoroutineScheduler$Worker.tryPark(CoroutineScheduler.kt:740)
	at app//kotlinx.coroutines.scheduling.CoroutineScheduler$Worker.runWorker(CoroutineScheduler.kt:711)
	at app//kotlinx.coroutines.scheduling.CoroutineScheduler$Worker.run(CoroutineScheduler.kt:664)




"DefaultDispatcher-worker-10" daemon prio=5 Id=16519
	at java.base@11.0.14/jdk.internal.misc.Unsafe.park(Native Method)
	at java.base@11.0.14/java.util.concurrent.locks.LockSupport.parkNanos(LockSupport.java:357)
	at app//kotlinx.coroutines.scheduling.CoroutineScheduler$Worker.park(CoroutineScheduler.kt:795)
	at app//kotlinx.coroutines.scheduling.CoroutineScheduler$Worker.tryPark(CoroutineScheduler.kt:740)
	at app//kotlinx.coroutines.scheduling.CoroutineScheduler$Worker.runWorker(CoroutineScheduler.kt:711)
	at app//kotlinx.coroutines.scheduling.CoroutineScheduler$Worker.run(CoroutineScheduler.kt:664)




"DefaultDispatcher-worker-7" daemon prio=5 Id=16521
	at java.base@11.0.14/jdk.internal.misc.Unsafe.park(Native Method)
	at java.base@11.0.14/java.util.concurrent.locks.LockSupport.parkNanos(LockSupport.java:357)
	at app//kotlinx.coroutines.scheduling.CoroutineScheduler$Worker.park(CoroutineScheduler.kt:795)
	at app//kotlinx.coroutines.scheduling.CoroutineScheduler$Worker.tryPark(CoroutineScheduler.kt:740)
	at app//kotlinx.coroutines.scheduling.CoroutineScheduler$Worker.runWorker(CoroutineScheduler.kt:711)
	at app//kotlinx.coroutines.scheduling.CoroutineScheduler$Worker.run(CoroutineScheduler.kt:664)




"DefaultDispatcher-worker-5" daemon prio=5 Id=16523
	at java.base@11.0.14/jdk.internal.misc.Unsafe.park(Native Method)
	at java.base@11.0.14/java.util.concurrent.locks.LockSupport.parkNanos(LockSupport.java:357)
	at app//kotlinx.coroutines.scheduling.CoroutineScheduler$Worker.park(CoroutineScheduler.kt:795)
	at app//kotlinx.coroutines.scheduling.CoroutineScheduler$Worker.tryPark(CoroutineScheduler.kt:740)
	at app//kotlinx.coroutines.scheduling.CoroutineScheduler$Worker.runWorker(CoroutineScheduler.kt:711)
	at app//kotlinx.coroutines.scheduling.CoroutineScheduler$Worker.run(CoroutineScheduler.kt:664)




"DefaultDispatcher-worker-12" daemon prio=5 Id=16525
	at java.base@11.0.14/jdk.internal.misc.Unsafe.park(Native Method)
	at java.base@11.0.14/java.util.concurrent.locks.LockSupport.parkNanos(LockSupport.java:357)
	at app//kotlinx.coroutines.scheduling.CoroutineScheduler$Worker.park(CoroutineScheduler.kt:795)
	at app//kotlinx.coroutines.scheduling.CoroutineScheduler$Worker.tryPark(CoroutineScheduler.kt:740)
	at app//kotlinx.coroutines.scheduling.CoroutineScheduler$Worker.runWorker(CoroutineScheduler.kt:711)
	at app//kotlinx.coroutines.scheduling.CoroutineScheduler$Worker.run(CoroutineScheduler.kt:664)




"DefaultDispatcher-worker-6" daemon prio=5 Id=16527 on kotlin.concurrent.ThreadsKt$thread$thread$1@2e385cce
	at java.base@11.0.14/java.lang.Object.wait(Native Method)
	-  waiting on kotlin.concurrent.ThreadsKt$thread$thread$1@2e385cce
	at java.base@11.0.14/java.lang.Thread.join(Thread.java:1305)
	at java.base@11.0.14/java.lang.Thread.join(Thread.java:1379)
	at java.base@11.0.14/java.lang.ApplicationShutdownHooks.runHooks(ApplicationShutdownHooks.java:107)
	at java.base@11.0.14/java.lang.ApplicationShutdownHooks$1.run(ApplicationShutdownHooks.java:46)
	at java.base@11.0.14/java.lang.Shutdown.runHooks(Shutdown.java:130)
	at java.base@11.0.14/java.lang.Shutdown.exit(Shutdown.java:174)
	-  locked java.lang.Class@458ad742
	at java.base@11.0.14/java.lang.Runtime.exit(Runtime.java:113)
	at java.base@11.0.14/java.lang.System.exit(System.java:1750)
	at app//net.mamoe.mirai.console.terminal.MiraiConsoleTerminalLoaderKt.exitProcessAndForceHalt(MiraiConsoleTerminalLoader.kt:305)
	at app//net.mamoe.mirai.console.terminal.MiraiConsoleTerminalLoaderKt$initSignalHandler$1$5$3.invokeSuspend(MiraiConsoleTerminalLoader.kt:236)
	at app//kotlin.coroutines.jvm.internal.BaseContinuationImpl.resumeWith(ContinuationImpl.kt:33)
	at app//kotlinx.coroutines.DispatchedTask.run(DispatchedTask.kt:106)
	at app//kotlinx.coroutines.scheduling.CoroutineScheduler.runSafely(CoroutineScheduler.kt:570)
	at app//kotlinx.coroutines.scheduling.CoroutineScheduler$Worker.executeTask(CoroutineScheduler.kt:750)
	at app//kotlinx.coroutines.scheduling.CoroutineScheduler$Worker.runWorker(CoroutineScheduler.kt:677)
	at app//kotlinx.coroutines.scheduling.CoroutineScheduler$Worker.run(CoroutineScheduler.kt:664)




"DefaultDispatcher-worker-3" daemon prio=5 Id=16529
	at java.base@11.0.14/jdk.internal.misc.Unsafe.park(Native Method)
	at java.base@11.0.14/java.util.concurrent.locks.LockSupport.parkNanos(LockSupport.java:357)
	at app//kotlinx.coroutines.scheduling.CoroutineScheduler$Worker.park(CoroutineScheduler.kt:795)
	at app//kotlinx.coroutines.scheduling.CoroutineScheduler$Worker.tryPark(CoroutineScheduler.kt:740)
	at app//kotlinx.coroutines.scheduling.CoroutineScheduler$Worker.runWorker(CoroutineScheduler.kt:711)
	at app//kotlinx.coroutines.scheduling.CoroutineScheduler$Worker.run(CoroutineScheduler.kt:664)




"DefaultDispatcher-worker-20" daemon prio=5 Id=16533
	at java.base@11.0.14/jdk.internal.misc.Unsafe.park(Native Method)
	at java.base@11.0.14/java.util.concurrent.locks.LockSupport.parkNanos(LockSupport.java:357)
	at app//kotlinx.coroutines.scheduling.CoroutineScheduler$Worker.park(CoroutineScheduler.kt:795)
	at app//kotlinx.coroutines.scheduling.CoroutineScheduler$Worker.tryPark(CoroutineScheduler.kt:740)
	at app//kotlinx.coroutines.scheduling.CoroutineScheduler$Worker.runWorker(CoroutineScheduler.kt:711)
	at app//kotlinx.coroutines.scheduling.CoroutineScheduler$Worker.run(CoroutineScheduler.kt:664)




"DefaultDispatcher-worker-15" daemon prio=5 Id=16534 on me.him188.kotlin.jvm.blocking.bridge.internal.RunSuspend@5866266b
	at java.base@11.0.14/java.lang.Object.wait(Native Method)
	-  waiting on me.him188.kotlin.jvm.blocking.bridge.internal.RunSuspend@5866266b
	at java.base@11.0.14/java.lang.Object.wait(Object.java:328)
	at app//me.him188.kotlin.jvm.blocking.bridge.internal.RunSuspend.await(RunSuspend.kt:38)
	at app//me.him188.kotlin.jvm.blocking.bridge.internal.RunSuspendKt.$runSuspend$(RunSuspend.kt:19)
	at app//net.mamoe.mirai.contact.Contact.uploadImage(Contact.kt)
	at petpet-4.9.mirai2.jar//moe.dituon.petpet.plugin.PluginPetService.sendImage(PluginPetService.java:192)
	at petpet-4.9.mirai2.jar//moe.dituon.petpet.plugin.Petpet.responseMessage(Petpet.java:322)
	at petpet-4.9.mirai2.jar//moe.dituon.petpet.plugin.Petpet.onGroupMessage(Petpet.java:126)
	at petpet-4.9.mirai2.jar//moe.dituon.petpet.plugin.Petpet$$Lambda$471/0x0000000100677c40.accept(Unknown Source)
	at app//net.mamoe.mirai.event.EventChannel$subscribeAlways$2$1.invoke(EventChannel.kt:600)
	at app//net.mamoe.mirai.event.EventChannel$subscribeAlways$2$1.invoke(EventChannel.kt:600)
	at app//kotlinx.coroutines.InterruptibleKt.runInterruptibleInExpectedContext(Interruptible.kt:51)
	at app//kotlinx.coroutines.InterruptibleKt.access$runInterruptibleInExpectedContext(Interruptible.kt:1)
	at app//kotlinx.coroutines.InterruptibleKt$runInterruptible$2.invokeSuspend(Interruptible.kt:43)
	at app//kotlin.coroutines.jvm.internal.BaseContinuationImpl.resumeWith(ContinuationImpl.kt:33)
	at app//kotlinx.coroutines.DispatchedTask.run(DispatchedTask.kt:106)
	at app//kotlinx.coroutines.internal.LimitedDispatcher.run(LimitedDispatcher.kt:42)
	at app//kotlinx.coroutines.scheduling.TaskImpl.run(Tasks.kt:95)
	at app//kotlinx.coroutines.scheduling.CoroutineScheduler.runSafely(CoroutineScheduler.kt:570)
	at app//kotlinx.coroutines.scheduling.CoroutineScheduler$Worker.executeTask(CoroutineScheduler.kt:750)
	at app//kotlinx.coroutines.scheduling.CoroutineScheduler$Worker.runWorker(CoroutineScheduler.kt:677)
	at app//kotlinx.coroutines.scheduling.CoroutineScheduler$Worker.run(CoroutineScheduler.kt:664)




"DefaultDispatcher-worker-18" daemon prio=5 Id=16535
	at java.base@11.0.14/java.lang.Thread.sleep(Native Method)
	at app//net.mamoe.mirai.console.terminal.MiraiConsoleTerminalLoaderKt.exitProcessAndForceHalt$lambda-7(MiraiConsoleTerminalLoader.kt:290)
	at app//net.mamoe.mirai.console.terminal.MiraiConsoleTerminalLoaderKt$$Lambda$623/0x00000001009ddc40.run(Unknown Source)
	at app//net.mamoe.mirai.console.terminal.MiraiConsoleTerminalLoaderKt.exitProcessAndForceHalt(MiraiConsoleTerminalLoader.kt:301)
	at app//net.mamoe.mirai.console.terminal.MiraiConsoleTerminalLoaderKt$initSignalHandler$1$5$3.invokeSuspend(MiraiConsoleTerminalLoader.kt:236)
	at app//kotlin.coroutines.jvm.internal.BaseContinuationImpl.resumeWith(ContinuationImpl.kt:33)
	at app//kotlinx.coroutines.DispatchedTask.run(DispatchedTask.kt:106)
	at app//kotlinx.coroutines.scheduling.CoroutineScheduler.runSafely(CoroutineScheduler.kt:570)
	at app//kotlinx.coroutines.scheduling.CoroutineScheduler$Worker.executeTask(CoroutineScheduler.kt:750)
	at app//kotlinx.coroutines.scheduling.CoroutineScheduler$Worker.runWorker(CoroutineScheduler.kt:677)
	at app//kotlinx.coroutines.scheduling.CoroutineScheduler$Worker.run(CoroutineScheduler.kt:664)




"DefaultDispatcher-worker-2" daemon prio=5 Id=16536
	at java.base@11.0.14/jdk.internal.misc.Unsafe.park(Native Method)
	at java.base@11.0.14/java.util.concurrent.locks.LockSupport.parkNanos(LockSupport.java:357)
	at app//kotlinx.coroutines.scheduling.CoroutineScheduler$Worker.park(CoroutineScheduler.kt:795)
	at app//kotlinx.coroutines.scheduling.CoroutineScheduler$Worker.tryPark(CoroutineScheduler.kt:740)
	at app//kotlinx.coroutines.scheduling.CoroutineScheduler$Worker.runWorker(CoroutineScheduler.kt:711)
	at app//kotlinx.coroutines.scheduling.CoroutineScheduler$Worker.run(CoroutineScheduler.kt:664)




"DefaultDispatcher-worker-8" daemon prio=5 Id=16537
	at java.base@11.0.14/jdk.internal.misc.Unsafe.park(Native Method)
	at java.base@11.0.14/java.util.concurrent.locks.LockSupport.parkNanos(LockSupport.java:357)
	at app//kotlinx.coroutines.scheduling.CoroutineScheduler$Worker.park(CoroutineScheduler.kt:795)
	at app//kotlinx.coroutines.scheduling.CoroutineScheduler$Worker.tryPark(CoroutineScheduler.kt:740)
	at app//kotlinx.coroutines.scheduling.CoroutineScheduler$Worker.runWorker(CoroutineScheduler.kt:711)
	at app//kotlinx.coroutines.scheduling.CoroutineScheduler$Worker.run(CoroutineScheduler.kt:664)




"DefaultDispatcher-worker-19" daemon prio=5 Id=16538 (in native)
	at java.base@11.0.14/java.net.PlainSocketImpl.connect0(Native Method)
	at java.base@11.0.14/java.net.PlainSocketImpl.socketConnect(PlainSocketImpl.java:101)
	at java.base@11.0.14/java.net.AbstractPlainSocketImpl.doConnect(AbstractPlainSocketImpl.java:412)
	-  locked java.net.SocksSocketImpl@57ff6081
	at java.base@11.0.14/java.net.AbstractPlainSocketImpl.connectToAddress(AbstractPlainSocketImpl.java:255)
	at java.base@11.0.14/java.net.AbstractPlainSocketImpl.connect(AbstractPlainSocketImpl.java:237)
	at java.base@11.0.14/java.net.SocksSocketImpl.connect(SocksSocketImpl.java:392)
	at java.base@11.0.14/java.net.Socket.connect(Socket.java:608)
	at java.base@11.0.14/java.net.Socket.connect(Socket.java:557)
	at java.base@11.0.14/java.net.Socket.<init>(Socket.java:453)
	at java.base@11.0.14/java.net.Socket.<init>(Socket.java:230)
	at app//net.mamoe.mirai.internal.utils.PlatformSocket$connect$2.invoke(PlatformSocket.kt:91)
	at app//net.mamoe.mirai.internal.utils.PlatformSocket$connect$2.invoke(PlatformSocket.kt:90)
	at app//kotlinx.coroutines.InterruptibleKt.runInterruptibleInExpectedContext(Interruptible.kt:51)
	at app//kotlinx.coroutines.InterruptibleKt.access$runInterruptibleInExpectedContext(Interruptible.kt:1)
	at app//kotlinx.coroutines.InterruptibleKt$runInterruptible$2.invokeSuspend(Interruptible.kt:43)
	at app//kotlin.coroutines.jvm.internal.BaseContinuationImpl.resumeWith(ContinuationImpl.kt:33)
	at app//kotlinx.coroutines.DispatchedTask.run(DispatchedTask.kt:106)
	at app//kotlinx.coroutines.internal.LimitedDispatcher.run(LimitedDispatcher.kt:42)
	at app//kotlinx.coroutines.scheduling.TaskImpl.run(Tasks.kt:95)
	at app//kotlinx.coroutines.scheduling.CoroutineScheduler.runSafely(CoroutineScheduler.kt:570)
	at app//kotlinx.coroutines.scheduling.CoroutineScheduler$Worker.executeTask(CoroutineScheduler.kt:750)
	at app//kotlinx.coroutines.scheduling.CoroutineScheduler$Worker.runWorker(CoroutineScheduler.kt:677)
	at app//kotlinx.coroutines.scheduling.CoroutineScheduler$Worker.run(CoroutineScheduler.kt:664)




"DefaultDispatcher-worker-14" daemon prio=5 Id=16539
	at java.base@11.0.14/jdk.internal.misc.Unsafe.park(Native Method)
	at java.base@11.0.14/java.util.concurrent.locks.LockSupport.parkNanos(LockSupport.java:357)
	at app//kotlinx.coroutines.scheduling.CoroutineScheduler$Worker.park(CoroutineScheduler.kt:795)
	at app//kotlinx.coroutines.scheduling.CoroutineScheduler$Worker.tryPark(CoroutineScheduler.kt:740)
	at app//kotlinx.coroutines.scheduling.CoroutineScheduler$Worker.runWorker(CoroutineScheduler.kt:711)
	at app//kotlinx.coroutines.scheduling.CoroutineScheduler$Worker.run(CoroutineScheduler.kt:664)




"DefaultDispatcher-worker-21" daemon prio=5 Id=16540 (in native)
	at java.base@11.0.14/java.net.PlainSocketImpl.connect0(Native Method)
	at java.base@11.0.14/java.net.PlainSocketImpl.socketConnect(PlainSocketImpl.java:101)
	at java.base@11.0.14/java.net.AbstractPlainSocketImpl.doConnect(AbstractPlainSocketImpl.java:412)
	-  locked java.net.SocksSocketImpl@3bdbbede
	at java.base@11.0.14/java.net.AbstractPlainSocketImpl.connectToAddress(AbstractPlainSocketImpl.java:255)
	at java.base@11.0.14/java.net.AbstractPlainSocketImpl.connect(AbstractPlainSocketImpl.java:237)
	at java.base@11.0.14/java.net.SocksSocketImpl.connect(SocksSocketImpl.java:392)
	at java.base@11.0.14/java.net.Socket.connect(Socket.java:608)
	at java.base@11.0.14/java.net.Socket.connect(Socket.java:557)
	at java.base@11.0.14/java.net.Socket.<init>(Socket.java:453)
	at java.base@11.0.14/java.net.Socket.<init>(Socket.java:230)
	at app//net.mamoe.mirai.internal.utils.PlatformSocket$connect$2.invoke(PlatformSocket.kt:91)
	at app//net.mamoe.mirai.internal.utils.PlatformSocket$connect$2.invoke(PlatformSocket.kt:90)
	at app//kotlinx.coroutines.InterruptibleKt.runInterruptibleInExpectedContext(Interruptible.kt:51)
	at app//kotlinx.coroutines.InterruptibleKt.access$runInterruptibleInExpectedContext(Interruptible.kt:1)
	at app//kotlinx.coroutines.InterruptibleKt$runInterruptible$2.invokeSuspend(Interruptible.kt:43)
	at app//kotlin.coroutines.jvm.internal.BaseContinuationImpl.resumeWith(ContinuationImpl.kt:33)
	at app//kotlinx.coroutines.DispatchedTask.run(DispatchedTask.kt:106)
	at app//kotlinx.coroutines.internal.LimitedDispatcher.run(LimitedDispatcher.kt:42)
	at app//kotlinx.coroutines.scheduling.TaskImpl.run(Tasks.kt:95)
	at app//kotlinx.coroutines.scheduling.CoroutineScheduler.runSafely(CoroutineScheduler.kt:570)
	at app//kotlinx.coroutines.scheduling.CoroutineScheduler$Worker.executeTask(CoroutineScheduler.kt:750)
	at app//kotlinx.coroutines.scheduling.CoroutineScheduler$Worker.runWorker(CoroutineScheduler.kt:677)
	at app//kotlinx.coroutines.scheduling.CoroutineScheduler$Worker.run(CoroutineScheduler.kt:664)




"DefaultDispatcher-worker-4" daemon prio=5 Id=16541
	at java.base@11.0.14/jdk.internal.misc.Unsafe.park(Native Method)
	at java.base@11.0.14/java.util.concurrent.locks.LockSupport.parkNanos(LockSupport.java:357)
	at app//kotlinx.coroutines.scheduling.CoroutineScheduler$Worker.park(CoroutineScheduler.kt:795)
	at app//kotlinx.coroutines.scheduling.CoroutineScheduler$Worker.tryPark(CoroutineScheduler.kt:740)
	at app//kotlinx.coroutines.scheduling.CoroutineScheduler$Worker.runWorker(CoroutineScheduler.kt:711)
	at app//kotlinx.coroutines.scheduling.CoroutineScheduler$Worker.run(CoroutineScheduler.kt:664)




"DefaultDispatcher-worker-16" daemon prio=5 Id=16542
	at java.base@11.0.14/jdk.internal.misc.Unsafe.park(Native Method)
	at java.base@11.0.14/java.util.concurrent.locks.LockSupport.parkNanos(LockSupport.java:357)
	at app//kotlinx.coroutines.scheduling.CoroutineScheduler$Worker.park(CoroutineScheduler.kt:795)
	at app//kotlinx.coroutines.scheduling.CoroutineScheduler$Worker.tryPark(CoroutineScheduler.kt:740)
	at app//kotlinx.coroutines.scheduling.CoroutineScheduler$Worker.runWorker(CoroutineScheduler.kt:711)
	at app//kotlinx.coroutines.scheduling.CoroutineScheduler$Worker.run(CoroutineScheduler.kt:664)




"DefaultDispatcher-worker-17" daemon prio=5 Id=16543 (in native)
	at java.base@11.0.14/sun.nio.ch.WindowsSelectorImpl$SubSelector.poll0(Native Method)
	at java.base@11.0.14/sun.nio.ch.WindowsSelectorImpl$SubSelector.poll(WindowsSelectorImpl.java:357)
	at java.base@11.0.14/sun.nio.ch.WindowsSelectorImpl.doSelect(WindowsSelectorImpl.java:182)
	at java.base@11.0.14/sun.nio.ch.SelectorImpl.lockAndDoSelect(SelectorImpl.java:124)
	-  locked sun.nio.ch.Util$2@5b8aa099
	-  locked sun.nio.ch.WindowsSelectorImpl@323690fd
	at java.base@11.0.14/sun.nio.ch.SelectorImpl.select(SelectorImpl.java:136)
	at mirai-api-http-2.8.0.mirai2.jar[shared]//io.ktor.network.selector.ActorSelectorManager.select(ActorSelectorManager.kt:98)
	at mirai-api-http-2.8.0.mirai2.jar[shared]//io.ktor.network.selector.ActorSelectorManager.access$select(ActorSelectorManager.kt:18)
	at mirai-api-http-2.8.0.mirai2.jar[shared]//io.ktor.network.selector.ActorSelectorManager$select$1.invokeSuspend(ActorSelectorManager.kt)
	at app//kotlin.coroutines.jvm.internal.BaseContinuationImpl.resumeWith(ContinuationImpl.kt:33)
	at app//kotlinx.coroutines.DispatchedTask.run(DispatchedTask.kt:106)
	at app//kotlinx.coroutines.internal.LimitedDispatcher.run(LimitedDispatcher.kt:42)
	at app//kotlinx.coroutines.scheduling.TaskImpl.run(Tasks.kt:95)
	at app//kotlinx.coroutines.scheduling.CoroutineScheduler.runSafely(CoroutineScheduler.kt:570)
	at app//kotlinx.coroutines.scheduling.CoroutineScheduler$Worker.executeTask(CoroutineScheduler.kt:750)
	at app//kotlinx.coroutines.scheduling.CoroutineScheduler$Worker.runWorker(CoroutineScheduler.kt:677)
	at app//kotlinx.coroutines.scheduling.CoroutineScheduler$Worker.run(CoroutineScheduler.kt:664)




"DefaultDispatcher-worker-9" daemon prio=5 Id=16544
	at java.base@11.0.14/jdk.internal.misc.Unsafe.park(Native Method)
	at java.base@11.0.14/java.util.concurrent.locks.LockSupport.parkNanos(LockSupport.java:357)
	at app//kotlinx.coroutines.scheduling.CoroutineScheduler$Worker.park(CoroutineScheduler.kt:795)
	at app//kotlinx.coroutines.scheduling.CoroutineScheduler$Worker.tryPark(CoroutineScheduler.kt:740)
	at app//kotlinx.coroutines.scheduling.CoroutineScheduler$Worker.runWorker(CoroutineScheduler.kt:711)
	at app//kotlinx.coroutines.scheduling.CoroutineScheduler$Worker.run(CoroutineScheduler.kt:664)




"Mirai Console Signal-Shutdown Daemon #0" daemon prio=5 Id=16557 on java.util.concurrent.locks.AbstractQueuedSynchronizer$ConditionObject@1ee10552
	at java.base@11.0.14/jdk.internal.misc.Unsafe.park(Native Method)
	-  waiting on java.util.concurrent.locks.AbstractQueuedSynchronizer$ConditionObject@1ee10552
	at java.base@11.0.14/java.util.concurrent.locks.LockSupport.park(LockSupport.java:194)
	at java.base@11.0.14/java.util.concurrent.locks.AbstractQueuedSynchronizer$ConditionObject.await(AbstractQueuedSynchronizer.java:2081)
	at java.base@11.0.14/java.util.concurrent.LinkedBlockingQueue.take(LinkedBlockingQueue.java:433)
	at java.base@11.0.14/java.util.concurrent.ThreadPoolExecutor.getTask(ThreadPoolExecutor.java:1054)
	at java.base@11.0.14/java.util.concurrent.ThreadPoolExecutor.runWorker(ThreadPoolExecutor.java:1114)
	at java.base@11.0.14/java.util.concurrent.ThreadPoolExecutor$Worker.run(ThreadPoolExecutor.java:628)
	at java.base@11.0.14/java.lang.Thread.run(Thread.java:834)




"Mirai Console Signal-Shutdown Daemon #1" daemon prio=5 Id=16558 on java.util.concurrent.locks.AbstractQueuedSynchronizer$ConditionObject@1ee10552
	at java.base@11.0.14/jdk.internal.misc.Unsafe.park(Native Method)
	-  waiting on java.util.concurrent.locks.AbstractQueuedSynchronizer$ConditionObject@1ee10552
	at java.base@11.0.14/java.util.concurrent.locks.LockSupport.park(LockSupport.java:194)
	at java.base@11.0.14/java.util.concurrent.locks.AbstractQueuedSynchronizer$ConditionObject.await(AbstractQueuedSynchronizer.java:2081)
	at java.base@11.0.14/java.util.concurrent.LinkedBlockingQueue.take(LinkedBlockingQueue.java:433)
	at java.base@11.0.14/java.util.concurrent.ThreadPoolExecutor.getTask(ThreadPoolExecutor.java:1054)
	at java.base@11.0.14/java.util.concurrent.ThreadPoolExecutor.runWorker(ThreadPoolExecutor.java:1114)
	at java.base@11.0.14/java.util.concurrent.ThreadPoolExecutor$Worker.run(ThreadPoolExecutor.java:628)
	at java.base@11.0.14/java.lang.Thread.run(Thread.java:834)




"Mirai Console Shutdown Daemon #0" daemon prio=5 Id=16559
	at java.base@11.0.14/java.lang.Thread.sleep(Native Method)
	at app//net.mamoe.mirai.console.internal.shutdown.ShutdownDaemon.listen(ShutdownDaemon.kt:273)
	at app//net.mamoe.mirai.console.internal.shutdown.ShutdownDaemon.start$lambda-0(ShutdownDaemon.kt:100)
	at app//net.mamoe.mirai.console.internal.shutdown.ShutdownDaemon$$Lambda$622/0x00000001006eb840.run(Unknown Source)
	at java.base@11.0.14/java.util.concurrent.ThreadPoolExecutor.runWorker(ThreadPoolExecutor.java:1128)
	at java.base@11.0.14/java.util.concurrent.ThreadPoolExecutor$Worker.run(ThreadPoolExecutor.java:628)
	at java.base@11.0.14/java.lang.Thread.run(Thread.java:834)




"Mirai Console Shutdown Daemon #1" daemon prio=5 Id=16560 on java.util.concurrent.locks.AbstractQueuedSynchronizer$ConditionObject@78aa651e
	at java.base@11.0.14/jdk.internal.misc.Unsafe.park(Native Method)
	-  waiting on java.util.concurrent.locks.AbstractQueuedSynchronizer$ConditionObject@78aa651e
	at java.base@11.0.14/java.util.concurrent.locks.LockSupport.park(LockSupport.java:194)
	at java.base@11.0.14/java.util.concurrent.locks.AbstractQueuedSynchronizer$ConditionObject.await(AbstractQueuedSynchronizer.java:2081)
	at java.base@11.0.14/java.util.concurrent.LinkedBlockingQueue.take(LinkedBlockingQueue.java:433)
	at java.base@11.0.14/java.util.concurrent.ThreadPoolExecutor.getTask(ThreadPoolExecutor.java:1054)
	at java.base@11.0.14/java.util.concurrent.ThreadPoolExecutor.runWorker(ThreadPoolExecutor.java:1114)
	at java.base@11.0.14/java.util.concurrent.ThreadPoolExecutor$Worker.run(ThreadPoolExecutor.java:628)
	at java.base@11.0.14/java.lang.Thread.run(Thread.java:834)




"Mirai Console Force Halt Daemon" daemon prio=5 Id=16565
	at java.management@11.0.14/sun.management.ThreadImpl.dumpThreads0(Native Method)
	at java.management@11.0.14/sun.management.ThreadImpl.dumpAllThreads(ThreadImpl.java:521)
	at java.management@11.0.14/sun.management.ThreadImpl.dumpAllThreads(ThreadImpl.java:509)
	at app//net.mamoe.mirai.console.internal.shutdown.ShutdownDaemon$dumpCrashReport$2.a(ShutdownDaemon.kt:189)
	at app//net.mamoe.mirai.console.internal.shutdown.ShutdownDaemon.dumpCrashReport(ShutdownDaemon.kt:235)
	at app//net.mamoe.mirai.console.terminal.MiraiConsoleTerminalLoaderKt.exitProcessAndForceHalt$lambda-7(MiraiConsoleTerminalLoader.kt:291)
	at app//net.mamoe.mirai.console.terminal.MiraiConsoleTerminalLoaderKt$$Lambda$623/0x00000001009ddc40.run(Unknown Source)
	at java.base@11.0.14/java.lang.Thread.run(Thread.java:834)




"Mirai Console Shutdown Hook" prio=5 Id=15 on kotlinx.coroutines.BlockingCoroutine@76aa8cfa
	at java.base@11.0.14/jdk.internal.misc.Unsafe.park(Native Method)
	-  waiting on kotlinx.coroutines.BlockingCoroutine@76aa8cfa
	at java.base@11.0.14/java.util.concurrent.locks.LockSupport.parkNanos(LockSupport.java:234)
	at app//kotlinx.coroutines.BlockingCoroutine.joinBlocking(Builders.kt:88)
	at app//kotlinx.coroutines.BuildersKt__BuildersKt.runBlocking(Builders.kt:59)
	at app//kotlinx.coroutines.BuildersKt.runBlocking(Unknown Source)
	at app//kotlinx.coroutines.BuildersKt__BuildersKt.runBlocking$default(Builders.kt:38)
	at app//kotlinx.coroutines.BuildersKt.runBlocking$default(Unknown Source)
	at app//net.mamoe.mirai.console.MiraiConsoleImplementation$Companion$1.invoke(MiraiConsoleImplementation.kt:452)
	at app//net.mamoe.mirai.console.MiraiConsoleImplementation$Companion$1.invoke(MiraiConsoleImplementation.kt:450)
	at app//kotlin.concurrent.ThreadsKt$thread$thread$1.run(Thread.kt:30)




"Mirai Console Signal-Shutdown Daemon #2" daemon prio=5 Id=16571
	at java.base@11.0.14/java.lang.Thread.sleep(Native Method)
	at app//net.mamoe.mirai.console.terminal.MiraiConsoleTerminalLoaderKt.exitProcessAndForceHalt$lambda-7(MiraiConsoleTerminalLoader.kt:290)
	at app//net.mamoe.mirai.console.terminal.MiraiConsoleTerminalLoaderKt$$Lambda$623/0x00000001009ddc40.run(Unknown Source)
	at app//net.mamoe.mirai.console.terminal.MiraiConsoleTerminalLoaderKt.exitProcessAndForceHalt(MiraiConsoleTerminalLoader.kt:301)
	at app//net.mamoe.mirai.console.terminal.MiraiConsoleTerminalLoaderKt$initSignalHandler$1$7.invokeSuspend(MiraiConsoleTerminalLoader.kt:264)
	at app//kotlin.coroutines.jvm.internal.BaseContinuationImpl.resumeWith(ContinuationImpl.kt:33)
	at app//kotlinx.coroutines.DispatchedTask.run(DispatchedTask.kt:106)
	at java.base@11.0.14/java.util.concurrent.ThreadPoolExecutor.runWorker(ThreadPoolExecutor.java:1128)
	at java.base@11.0.14/java.util.concurrent.ThreadPoolExecutor$Worker.run(ThreadPoolExecutor.java:628)
	at java.base@11.0.14/java.lang.Thread.run(Thread.java:834)




