[0m2023-03-06 00:00:02 V/: Send: ImgStore.GroupPicUp(ImgStore.GroupPicUp)[0m
[0m2023-03-06 00:00:02 V/: Recv: ImgStore.GroupPicUp[0m
[0m2023-03-06 00:00:02 V/: Send: MessageSvc.PbSendMsg(MessageSvc.PbSendMsg)[0m
[0m2023-03-06 00:00:03 V/: Recv: MessageSvc.PbSendMsg[0m
[0m2023-03-06 01:17:50 V/: Send: ImgStore.GroupPicUp(ImgStore.GroupPicUp)[0m
[0m2023-03-06 01:17:50 V/: Recv: ImgStore.GroupPicUp[0m
[0m2023-03-06 01:17:50 V/: [Highway] Uploading group image to 157.148.45.90:80, size=200.6 KiB[0m
[0m2023-03-06 01:17:51 V/: [Highway] Uploading group image: succeed at 162 KiB/s[0m
[0m2023-03-06 01:17:51 V/: Send: MessageSvc.PbSendMsg(MessageSvc.PbSendMsg)[0m
[0m2023-03-06 01:17:52 V/: Recv: MessageSvc.PbSendMsg[0m
[0m2023-03-06 07:00:00 V/: Send: MessageSvc.PbSendMsg(MessageSvc.PbSendMsg)[0m
[0m2023-03-06 07:00:00 V/: Send: MessageSvc.PbSendMsg(MessageSvc.PbSendMsg)[0m
[0m2023-03-06 07:00:01 V/: Recv: MessageSvc.PbSendMsg[0m
[0m2023-03-06 07:00:01 V/: Recv: MessageSvc.PbSendMsg[0m
[0m2023-03-06 07:00:02 V/: Send: ImgStore.GroupPicUp(ImgStore.GroupPicUp)[0m
[0m2023-03-06 07:00:02 V/: Recv: ImgStore.GroupPicUp[0m
[0m2023-03-06 07:00:02 V/: Send: MessageSvc.PbSendMsg(MessageSvc.PbSendMsg)[0m
[0m2023-03-06 07:00:02 V/: Recv: MessageSvc.PbSendMsg[0m
[0m2023-03-06 08:00:01 V/: Send: ImgStore.GroupPicUp(ImgStore.GroupPicUp)[0m
[0m2023-03-06 08:00:01 V/: Send: ImgStore.GroupPicUp(ImgStore.GroupPicUp)[0m
[0m2023-03-06 08:00:01 V/: Recv: ImgStore.GroupPicUp[0m
[0m2023-03-06 08:00:01 V/: Send: MessageSvc.PbSendMsg(MessageSvc.PbSendMsg)[0m
[0m2023-03-06 08:00:01 V/: Recv: ImgStore.GroupPicUp[0m
[0m2023-03-06 08:00:01 V/: Send: MessageSvc.PbSendMsg(MessageSvc.PbSendMsg)[0m
[0m2023-03-06 08:00:01 V/: Recv: MessageSvc.PbSendMsg[0m
[0m2023-03-06 08:00:01 V/: Recv: MessageSvc.PbSendMsg[0m
[0m2023-03-06 08:00:02 V/: Send: ImgStore.GroupPicUp(ImgStore.GroupPicUp)[0m
[0m2023-03-06 08:00:02 V/: Recv: ImgStore.GroupPicUp[0m
[0m2023-03-06 08:00:02 V/: Send: MessageSvc.PbSendMsg(MessageSvc.PbSendMsg)[0m
[0m2023-03-06 08:00:02 V/: Recv: MessageSvc.PbSendMsg[0m
[0m2023-03-06 08:00:40 V/: Send: ImgStore.GroupPicUp(ImgStore.GroupPicUp)[0m
[0m2023-03-06 08:00:40 V/: Recv: ImgStore.GroupPicUp[0m
[0m2023-03-06 08:00:40 V/: [Highway] Uploading group image to 157.148.45.90:80, size=21.72 KiB[0m
[0m2023-03-06 08:00:40 V/: [Highway] Uploading group image: succeed at 98 KiB/s[0m
[0m2023-03-06 08:00:40 V/: Send: ImgStore.GroupPicUp(ImgStore.GroupPicUp)[0m
[0m2023-03-06 08:00:41 V/: Recv: ImgStore.GroupPicUp[0m
[0m2023-03-06 08:00:41 V/: Send: MessageSvc.PbSendMsg(MessageSvc.PbSendMsg)[0m
[0m2023-03-06 08:00:41 V/: Recv: MessageSvc.PbSendMsg[0m
[0m2023-03-06 08:16:39 V/: Send: MessageSvc.PbSendMsg(MessageSvc.PbSendMsg)[0m
[0m2023-03-06 08:16:40 V/: Recv: MessageSvc.PbSendMsg[0m
[0m2023-03-06 08:17:57 V/: Send: ImgStore.GroupPicUp(ImgStore.GroupPicUp)[0m
[0m2023-03-06 08:17:57 V/: Recv: ImgStore.GroupPicUp[0m
[0m2023-03-06 08:17:57 V/: Send: ImgStore.GroupPicUp(ImgStore.GroupPicUp)[0m
[0m2023-03-06 08:17:57 V/: Recv: ImgStore.GroupPicUp[0m
[0m2023-03-06 08:17:57 V/: Send: MessageSvc.PbSendMsg(MessageSvc.PbSendMsg)[0m
[0m2023-03-06 08:17:58 V/: Recv: MessageSvc.PbSendMsg[0m
[0m2023-03-06 08:35:08 V/: Send: ImgStore.GroupPicUp(ImgStore.GroupPicUp)[0m
[0m2023-03-06 08:35:08 V/: Recv: ImgStore.GroupPicUp[0m
[0m2023-03-06 08:35:08 V/: Send: ImgStore.GroupPicUp(ImgStore.GroupPicUp)[0m
[0m2023-03-06 08:35:08 V/: Recv: ImgStore.GroupPicUp[0m
[0m2023-03-06 08:35:08 V/: Send: MessageSvc.PbSendMsg(MessageSvc.PbSendMsg)[0m
[0m2023-03-06 08:35:08 V/: Recv: MessageSvc.PbSendMsg[0m
[0m2023-03-06 09:00:02 V/: Send: ImgStore.GroupPicUp(ImgStore.GroupPicUp)[0m
[0m2023-03-06 09:00:02 V/: Recv: ImgStore.GroupPicUp[0m
[0m2023-03-06 09:00:02 V/: Send: MessageSvc.PbSendMsg(MessageSvc.PbSendMsg)[0m
[0m2023-03-06 09:00:02 V/: Recv: MessageSvc.PbSendMsg[0m
[0m2023-03-06 09:03:13 V/: Send: ImgStore.GroupPicUp(ImgStore.GroupPicUp)[0m
[0m2023-03-06 09:03:13 V/: Recv: ImgStore.GroupPicUp[0m
[0m2023-03-06 09:03:13 V/: Send: ImgStore.GroupPicUp(ImgStore.GroupPicUp)[0m
[0m2023-03-06 09:03:13 V/: Recv: ImgStore.GroupPicUp[0m
[0m2023-03-06 09:03:13 V/: Send: MessageSvc.PbSendMsg(MessageSvc.PbSendMsg)[0m
[0m2023-03-06 09:03:13 V/: Recv: MessageSvc.PbSendMsg[0m
[0m2023-03-06 09:05:33 V/: Send: MessageSvc.PbSendMsg(MessageSvc.PbSendMsg)[0m
[0m2023-03-06 09:05:33 V/: Recv: MessageSvc.PbSendMsg[0m
[0m2023-03-06 09:05:40 V/: Send: MessageSvc.PbSendMsg(MessageSvc.PbSendMsg)[0m
[0m2023-03-06 09:05:41 V/: Recv: MessageSvc.PbSendMsg[0m
[0m2023-03-06 09:05:47 V/: Send: ImgStore.GroupPicUp(ImgStore.GroupPicUp)[0m
[0m2023-03-06 09:05:47 V/: Recv: ImgStore.GroupPicUp[0m
[0m2023-03-06 09:05:47 V/: Send: ImgStore.GroupPicUp(ImgStore.GroupPicUp)[0m
[0m2023-03-06 09:05:47 V/: Recv: ImgStore.GroupPicUp[0m
[0m2023-03-06 09:05:47 V/: Send: MessageSvc.PbSendMsg(MessageSvc.PbSendMsg)[0m
[0m2023-03-06 09:05:48 V/: Recv: MessageSvc.PbSendMsg[0m
[0m2023-03-06 09:08:19 V/: Send: MessageSvc.PbSendMsg(MessageSvc.PbSendMsg)[0m
[0m2023-03-06 09:08:19 V/: Recv: MessageSvc.PbSendMsg[0m
[0m2023-03-06 09:15:54 V/: Send: MessageSvc.PbSendMsg(MessageSvc.PbSendMsg)[0m
[0m2023-03-06 09:15:54 V/: Recv: MessageSvc.PbSendMsg[0m
[0m2023-03-06 09:15:58 V/: Send: PbMessageSvc.PbMsgWithDraw(PbMsgWithDraw(group=453553841, seq=664308, rand=540455843))[0m
[0m2023-03-06 09:15:58 V/: Recv: PbMessageSvc.PbMsgWithDraw[0m
[0m2023-03-06 09:16:00 V/: Send: MessageSvc.PbSendMsg(MessageSvc.PbSendMsg)[0m
[0m2023-03-06 09:16:00 V/: Recv: MessageSvc.PbSendMsg[0m
[0m2023-03-06 09:16:48 V/: Send: ImgStore.GroupPicUp(ImgStore.GroupPicUp)[0m
[0m2023-03-06 09:16:48 V/: Recv: ImgStore.GroupPicUp[0m
[0m2023-03-06 09:16:48 V/: [Highway] Uploading group image to 157.148.45.90:80, size=7.58 KiB[0m
[0m2023-03-06 09:16:48 V/: [Highway] Uploading group image: succeed at 47 KiB/s[0m
[0m2023-03-06 09:16:48 V/: Send: ImgStore.GroupPicUp(ImgStore.GroupPicUp)[0m
[0m2023-03-06 09:16:49 V/: Recv: ImgStore.GroupPicUp[0m
[0m2023-03-06 09:16:49 V/: Send: MessageSvc.PbSendMsg(MessageSvc.PbSendMsg)[0m
[0m2023-03-06 09:16:49 V/: Recv: MessageSvc.PbSendMsg[0m
[0m2023-03-06 09:33:15 V/: Send: ImgStore.GroupPicUp(ImgStore.GroupPicUp)[0m
[0m2023-03-06 09:33:15 V/: Recv: ImgStore.GroupPicUp[0m
[0m2023-03-06 09:33:15 V/: Send: ImgStore.GroupPicUp(ImgStore.GroupPicUp)[0m
[0m2023-03-06 09:33:15 V/: Recv: ImgStore.GroupPicUp[0m
[0m2023-03-06 09:33:15 V/: Send: MessageSvc.PbSendMsg(MessageSvc.PbSendMsg)[0m
[0m2023-03-06 09:33:16 V/: Recv: MessageSvc.PbSendMsg[0m
[0m2023-03-06 09:33:25 V/: Send: ImgStore.GroupPicUp(ImgStore.GroupPicUp)[0m
[0m2023-03-06 09:33:25 V/: Recv: ImgStore.GroupPicUp[0m
[0m2023-03-06 09:33:25 V/: Send: ImgStore.GroupPicUp(ImgStore.GroupPicUp)[0m
[0m2023-03-06 09:33:25 V/: Recv: ImgStore.GroupPicUp[0m
[0m2023-03-06 09:33:25 V/: Send: MessageSvc.PbSendMsg(MessageSvc.PbSendMsg)[0m
[0m2023-03-06 09:33:26 V/: Recv: MessageSvc.PbSendMsg[0m
[0m2023-03-06 09:35:42 V/: Send: MessageSvc.PbSendMsg(MessageSvc.PbSendMsg)[0m
[0m2023-03-06 09:35:42 V/: Recv: MessageSvc.PbSendMsg[0m
[0m2023-03-06 09:36:26 V/: Send: MessageSvc.PbSendMsg(MessageSvc.PbSendMsg)[0m
[0m2023-03-06 09:36:26 V/: Recv: MessageSvc.PbSendMsg[0m
[0m2023-03-06 09:36:32 V/: Send: PbMessageSvc.PbMsgWithDraw(PbMsgWithDraw(group=453553841, seq=664328, rand=746881480))[0m
[0m2023-03-06 09:36:32 V/: Recv: PbMessageSvc.PbMsgWithDraw[0m
[0m2023-03-06 09:36:34 V/: Send: MessageSvc.PbSendMsg(MessageSvc.PbSendMsg)[0m
[0m2023-03-06 09:36:34 V/: Recv: MessageSvc.PbSendMsg[0m
[0m2023-03-06 10:00:02 V/: Send: ImgStore.GroupPicUp(ImgStore.GroupPicUp)[0m
[0m2023-03-06 10:00:02 V/: Recv: ImgStore.GroupPicUp[0m
[0m2023-03-06 10:00:02 V/: Send: MessageSvc.PbSendMsg(MessageSvc.PbSendMsg)[0m
[0m2023-03-06 10:00:02 V/: Recv: MessageSvc.PbSendMsg[0m
[0m2023-03-06 10:34:40 V/: Send: MessageSvc.PbSendMsg(MessageSvc.PbSendMsg)[0m
[0m2023-03-06 10:34:41 V/: Recv: MessageSvc.PbSendMsg[0m
[0m2023-03-06 10:36:05 V/: Send: MessageSvc.PbSendMsg(MessageSvc.PbSendMsg)[0m
[0m2023-03-06 10:36:05 V/: Recv: MessageSvc.PbSendMsg[0m
[0m2023-03-06 10:51:14 V/: Send: ImgStore.GroupPicUp(ImgStore.GroupPicUp)[0m
[0m2023-03-06 10:51:14 V/: Recv: ImgStore.GroupPicUp[0m
[0m2023-03-06 10:51:14 V/: [Highway] Uploading group image to 157.148.45.90:80, size=210.63 KiB[0m
[0m2023-03-06 10:51:17 V/: [Highway] Uploading group image: succeed at 68 KiB/s[0m
[0m2023-03-06 10:51:17 V/: Send: MessageSvc.PbSendMsg(MessageSvc.PbSendMsg)[0m
[0m2023-03-06 10:51:18 V/: Recv: MessageSvc.PbSendMsg[0m
[0m2023-03-06 11:00:02 V/: Send: ImgStore.GroupPicUp(ImgStore.GroupPicUp)[0m
[0m2023-03-06 11:00:02 V/: Recv: ImgStore.GroupPicUp[0m
[0m2023-03-06 11:00:02 V/: Send: MessageSvc.PbSendMsg(MessageSvc.PbSendMsg)[0m
[0m2023-03-06 11:00:02 V/: Recv: MessageSvc.PbSendMsg[0m
[0m2023-03-06 11:00:47 V/: Send: ImgStore.GroupPicUp(ImgStore.GroupPicUp)[0m
[0m2023-03-06 11:00:47 V/: Recv: ImgStore.GroupPicUp[0m
[0m2023-03-06 11:00:47 V/: Send: ImgStore.GroupPicUp(ImgStore.GroupPicUp)[0m
[0m2023-03-06 11:00:47 V/: Recv: ImgStore.GroupPicUp[0m
[0m2023-03-06 11:00:48 V/: Send: MessageSvc.PbSendMsg(MessageSvc.PbSendMsg)[0m
[0m2023-03-06 11:00:48 V/: Recv: MessageSvc.PbSendMsg[0m
[0m2023-03-06 11:55:40 V/: Send: MessageSvc.PbSendMsg(MessageSvc.PbSendMsg)[0m
[0m2023-03-06 11:55:40 V/: Recv: MessageSvc.PbSendMsg[0m
[0m2023-03-06 12:00:02 V/: Send: ImgStore.GroupPicUp(ImgStore.GroupPicUp)[0m
[0m2023-03-06 12:00:02 V/: Recv: ImgStore.GroupPicUp[0m
[0m2023-03-06 12:00:02 V/: Send: MessageSvc.PbSendMsg(MessageSvc.PbSendMsg)[0m
[0m2023-03-06 12:00:02 V/: Recv: MessageSvc.PbSendMsg[0m
[0m2023-03-06 13:00:01 V/: Send: ImgStore.GroupPicUp(ImgStore.GroupPicUp)[0m
[0m2023-03-06 13:00:01 V/: Recv: ImgStore.GroupPicUp[0m
[0m2023-03-06 13:00:01 V/: Send: MessageSvc.PbSendMsg(MessageSvc.PbSendMsg)[0m
[0m2023-03-06 13:00:02 V/: Recv: MessageSvc.PbSendMsg[0m
[0m2023-03-06 14:00:02 V/: Send: ImgStore.GroupPicUp(ImgStore.GroupPicUp)[0m
[0m2023-03-06 14:00:02 V/: Recv: ImgStore.GroupPicUp[0m
[0m2023-03-06 14:00:02 V/: Send: MessageSvc.PbSendMsg(MessageSvc.PbSendMsg)[0m
[0m2023-03-06 14:00:02 V/: Recv: MessageSvc.PbSendMsg[0m
[0m2023-03-06 15:00:02 V/: Send: ImgStore.GroupPicUp(ImgStore.GroupPicUp)[0m
[0m2023-03-06 15:00:02 V/: Recv: ImgStore.GroupPicUp[0m
[0m2023-03-06 15:00:02 V/: Send: MessageSvc.PbSendMsg(MessageSvc.PbSendMsg)[0m
[0m2023-03-06 15:00:03 V/: Recv: MessageSvc.PbSendMsg[0m
[0m2023-03-06 15:56:18 V/: Send: ImgStore.GroupPicUp(ImgStore.GroupPicUp)[0m
[0m2023-03-06 15:56:18 V/: Recv: ImgStore.GroupPicUp[0m
[0m2023-03-06 15:56:18 V/: Send: MessageSvc.PbSendMsg(MessageSvc.PbSendMsg)[0m
[0m2023-03-06 15:56:19 V/: Recv: MessageSvc.PbSendMsg[0m
[0m2023-03-06 16:00:01 V/: Send: ImgStore.GroupPicUp(ImgStore.GroupPicUp)[0m
[0m2023-03-06 16:00:01 V/: Recv: ImgStore.GroupPicUp[0m
[0m2023-03-06 16:00:01 V/: Send: MessageSvc.PbSendMsg(MessageSvc.PbSendMsg)[0m
[0m2023-03-06 16:00:02 V/: Recv: MessageSvc.PbSendMsg[0m
[0m2023-03-06 16:20:41 V/: Send: MultiMsg.ApplyDown(MultiMsg.ApplyDown)[0m
[0m2023-03-06 16:20:41 V/: Recv: MultiMsg.ApplyDown[0m
[0m2023-03-06 16:20:41 V/: [Http] Downloading forward message from https://ssl.htdata.qq.com:443[0m
[0m2023-03-06 16:20:41 V/: [Http] Downloading forward message: succeed[0m
[0m2023-03-06 17:00:01 V/: Send: ImgStore.GroupPicUp(ImgStore.GroupPicUp)[0m
[0m2023-03-06 17:00:02 V/: Recv: ImgStore.GroupPicUp[0m
[0m2023-03-06 17:00:02 V/: Send: MessageSvc.PbSendMsg(MessageSvc.PbSendMsg)[0m
[0m2023-03-06 17:00:02 V/: Recv: MessageSvc.PbSendMsg[0m
[0m2023-03-06 17:05:25 V/: Send: MessageSvc.PbSendMsg(MessageSvc.PbSendMsg)[0m
[0m2023-03-06 17:05:25 V/: Recv: MessageSvc.PbSendMsg[0m
[0m2023-03-06 17:24:39 V/: Send: MessageSvc.PbSendMsg(MessageSvc.PbSendMsg)[0m
[0m2023-03-06 17:24:40 V/: Recv: MessageSvc.PbSendMsg[0m
[0m2023-03-06 17:25:03 V/: Send: MessageSvc.PbSendMsg(MessageSvc.PbSendMsg)[0m
[0m2023-03-06 17:25:03 V/: Recv: MessageSvc.PbSendMsg[0m
[0m2023-03-06 17:41:39 V/: Send: MessageSvc.PbSendMsg(MessageSvc.PbSendMsg)[0m
[0m2023-03-06 17:41:39 V/: Recv: MessageSvc.PbSendMsg[0m
[0m2023-03-06 18:00:03 V/: Send: ImgStore.GroupPicUp(ImgStore.GroupPicUp)[0m
[0m2023-03-06 18:00:04 V/: Recv: ImgStore.GroupPicUp[0m
[0m2023-03-06 18:00:04 V/: Send: MessageSvc.PbSendMsg(MessageSvc.PbSendMsg)[0m
[0m2023-03-06 18:00:04 V/: Recv: MessageSvc.PbSendMsg[0m
[0m2023-03-06 18:09:36 V/: Send: MessageSvc.PbSendMsg(MessageSvc.PbSendMsg)[0m
[0m2023-03-06 18:09:36 V/: Recv: MessageSvc.PbSendMsg[0m
[0m2023-03-06 19:00:01 V/: Send: ImgStore.GroupPicUp(ImgStore.GroupPicUp)[0m
[0m2023-03-06 19:00:01 V/: Recv: ImgStore.GroupPicUp[0m
[0m2023-03-06 19:00:01 V/: Send: MessageSvc.PbSendMsg(MessageSvc.PbSendMsg)[0m
[0m2023-03-06 19:00:02 V/: Recv: MessageSvc.PbSendMsg[0m
[0m2023-03-06 19:00:50 V/: Send: MessageSvc.PbSendMsg(MessageSvc.PbSendMsg)[0m
[0m2023-03-06 19:00:51 V/: Recv: MessageSvc.PbSendMsg[0m
[0m2023-03-06 19:01:13 V/: Send: MessageSvc.PbSendMsg(MessageSvc.PbSendMsg)[0m
[0m2023-03-06 19:01:13 V/: Recv: MessageSvc.PbSendMsg[0m
[0m2023-03-06 19:20:46 V/: Send: wtlogin.exchange_emp(15:refresh-keys)[0m
[0m2023-03-06 19:20:46 V/: Recv: wtlogin.exchange_emp[0m
[92m2023-03-06 19:20:46 I/: Scheduled key refresh in 23h 55min 0.0s.[0m
[0m2023-03-06 19:36:43 V/: Send: MessageSvc.PbSendMsg(MessageSvc.PbSendMsg)[0m
[0m2023-03-06 19:36:43 V/: Recv: MessageSvc.PbSendMsg[0m
[0m2023-03-06 19:38:00 V/: Send: ImgStore.GroupPicUp(ImgStore.GroupPicUp)[0m
[0m2023-03-06 19:38:00 V/: Recv: ImgStore.GroupPicUp[0m
[0m2023-03-06 19:38:00 V/: Send: ImgStore.GroupPicUp(ImgStore.GroupPicUp)[0m
[0m2023-03-06 19:38:00 V/: Recv: ImgStore.GroupPicUp[0m
[0m2023-03-06 19:38:00 V/: Send: MessageSvc.PbSendMsg(MessageSvc.PbSendMsg)[0m
[0m2023-03-06 19:38:01 V/: Recv: MessageSvc.PbSendMsg[0m
[0m2023-03-06 19:38:59 V/: Send: MessageSvc.PbSendMsg(MessageSvc.PbSendMsg)[0m
[0m2023-03-06 19:38:59 V/: Recv: MessageSvc.PbSendMsg[0m
[0m2023-03-06 19:43:34 V/: Send: ImgStore.GroupPicUp(ImgStore.GroupPicUp)[0m
[0m2023-03-06 19:43:34 V/: Recv: ImgStore.GroupPicUp[0m
[0m2023-03-06 19:43:34 V/: Send: ImgStore.GroupPicUp(ImgStore.GroupPicUp)[0m
[0m2023-03-06 19:43:35 V/: Recv: ImgStore.GroupPicUp[0m
[0m2023-03-06 19:43:35 V/: Send: MessageSvc.PbSendMsg(MessageSvc.PbSendMsg)[0m
[0m2023-03-06 19:43:35 V/: Recv: MessageSvc.PbSendMsg[0m
[0m2023-03-06 20:00:01 V/: Send: ImgStore.GroupPicUp(ImgStore.GroupPicUp)[0m
[0m2023-03-06 20:00:01 V/: Recv: ImgStore.GroupPicUp[0m
[0m2023-03-06 20:00:01 V/: Send: MessageSvc.PbSendMsg(MessageSvc.PbSendMsg)[0m
[0m2023-03-06 20:00:02 V/: Recv: MessageSvc.PbSendMsg[0m
[0m2023-03-06 20:23:40 V/: Send: MessageSvc.PbSendMsg(MessageSvc.PbSendMsg)[0m
[0m2023-03-06 20:23:40 V/: Recv: OnlinePush.PbPushTransMsg[0m
[0m2023-03-06 20:23:41 V/: Recv: MessageSvc.PbSendMsg[0m
[0m2023-03-06 20:27:58 V/: Send: ImgStore.GroupPicUp(ImgStore.GroupPicUp)[0m
[0m2023-03-06 20:27:58 V/: [Highway] Uploading group image to 157.148.45.90:80, size=17.17 KiB[0m
[0m2023-03-06 20:27:58 V/: Recv: ImgStore.GroupPicUp[0m
[0m2023-03-06 20:27:59 V/: [Highway] Uploading group image: succeed at 27 KiB/s[0m
[0m2023-03-06 20:27:59 V/: Send: MessageSvc.PbSendMsg(MessageSvc.PbSendMsg)[0m
[0m2023-03-06 20:27:59 V/: Recv: MessageSvc.PbSendMsg[0m
[0m2023-03-06 20:28:20 V/: Send: ImgStore.GroupPicUp(ImgStore.GroupPicUp)[0m
[0m2023-03-06 20:28:20 V/: [Highway] Uploading group image to 157.148.45.90:80, size=22.66 KiB[0m
[0m2023-03-06 20:28:20 V/: Recv: ImgStore.GroupPicUp[0m
[0m2023-03-06 20:28:21 V/: [Highway] Uploading group image: succeed at 41 KiB/s[0m
[0m2023-03-06 20:28:21 V/: Send: MessageSvc.PbSendMsg(MessageSvc.PbSendMsg)[0m
[0m2023-03-06 20:28:21 V/: Recv: MessageSvc.PbSendMsg[0m
[0m2023-03-06 21:00:02 V/: Send: ImgStore.GroupPicUp(ImgStore.GroupPicUp)[0m
[0m2023-03-06 21:00:02 V/: Recv: ImgStore.GroupPicUp[0m
[0m2023-03-06 21:00:02 V/: Send: MessageSvc.PbSendMsg(MessageSvc.PbSendMsg)[0m
[0m2023-03-06 21:00:03 V/: Recv: MessageSvc.PbSendMsg[0m
[0m2023-03-06 21:34:33 V/: Send: StatSvc.register(offline)[0m
[0m2023-03-06 21:34:53 V/Net 2810704613: Validated caches.[0m
[0m2023-03-06 21:34:53 V/Net 2810704613: Loading server list from cache.[0m
[0m2023-03-06 21:34:53 V/Net 2810704613: Server list: 120.232.31.239:443, 157.148.54.28:80, 123.151.54.180:80, msfwifi.3g.qq.com:8080, 222.94.109.78:14000, 113.96.18.253:8080.[0m
[92m2023-03-06 21:34:53 I/Net 2810704613: ECDH key is invalid, start to fetch ecdh public key from server.[0m
[92m2023-03-06 21:34:54 I/Net 2810704613: Successfully fetched ecdh public key from server.[0m
[0m2023-03-06 21:34:54 V/Net 2810704613: Send: wtlogin.exchange_emp(10:fast-login)[0m
[0m2023-03-06 21:34:54 V/Net 2810704613: Recv: wtlogin.exchange_emp[0m
[0m2023-03-06 21:34:54 V/Net 2810704613: Send: StatSvc.register(online)[0m
[92m2023-03-06 21:34:54 I/Net 2810704613: Server time updated, serverTime: 1678109694, diff: 0ms=0.0s[0m
[0m2023-03-06 21:34:54 V/Net 2810704613: Recv: StatSvc.register[0m
[0m2023-03-06 21:34:54 V/Net 2810704613: Loading BdhSession from cache file[0m
[92m2023-03-06 21:34:54 I/Net 2810704613: Start loading friendGroup list...[0m
[0m2023-03-06 21:34:54 V/Net 2810704613: Send: friendlist.getFriendGroupList(friendlist.getFriendGroupList)[0m
[92m2023-03-06 21:34:54 I/Net 2810704613: Syncing friend message history...[0m
[0m2023-03-06 21:34:54 V/Net 2810704613: Send: StatSvc.GetDevLoginInfo(StatSvc.GetDevLoginInfo)[0m
[92m2023-03-06 21:34:54 I/Net 2810704613: Start loading friend list...[0m
[0m2023-03-06 21:34:54 V/Net 2810704613: Send: friendlist.getFriendGroupList(friendlist.getFriendGroupList)[0m
[0m2023-03-06 21:34:54 V/Net 2810704613: Send: OidbSvc.0x496(OidbSvc.0x496)[0m
[92m2023-03-06 21:34:54 I/Net 2810704613: Start loading stranger list...[0m
[0m2023-03-06 21:34:54 V/Net 2810704613: Send: OidbSvc.0x5d2_0(OidbSvc.0x5d2_0)[0m
[0m2023-03-06 21:34:54 V/Net 2810704613: Recv: OidbSvc.0x496[0m
[92m2023-03-06 21:34:54 I/Net 2810704613: Start loading group list...[0m
[0m2023-03-06 21:34:54 V/Net 2810704613: Send: friendlist.GetTroopListReqV2(friendlist.GetTroopListReqV2)[0m
[0m2023-03-06 21:34:54 V/Net 2810704613: Recv: StatSvc.GetDevLoginInfo[0m
[0m2023-03-06 21:34:55 V/Net 2810704613: Recv: friendlist.getFriendGroupList[0m
[0m2023-03-06 21:34:55 V/Net 2810704613: Recv: OidbSvc.0x5d2_0[0m
[0m2023-03-06 21:34:55 V/Net 2810704613: Recv: friendlist.getFriendGroupList[0m
[0m2023-03-06 21:34:55 V/Net 2810704613: Recv: friendlist.GetTroopListReqV2[0m
[92m2023-03-06 21:34:55 I/Net 2810704613: No OtherClient online.[0m
[0m2023-03-06 21:34:55 V/Net 2810704613: Loading friendGroup list: 4/4[0m
[92m2023-03-06 21:34:55 I/Net 2810704613: Successfully loaded friendGroup list: 4 in total[0m
[92m2023-03-06 21:34:55 I/Net 2810704613: Successfully loaded stranger list: 10 in total[0m
[0m2023-03-06 21:34:55 V/Net 2810704613: Loading friend list: 35/35[0m
[92m2023-03-06 21:34:55 I/Net 2810704613: Successfully loaded friend list: 35 in total[0m
[0m2023-03-06 21:34:55 V/Net 2810704613: Send: friendlist.GetTroopMemberListReq(friendlist.GetTroopMemberListReq)[0m
[0m2023-03-06 21:34:55 V/Net 2810704613: Send: friendlist.GetTroopMemberListReq(friendlist.GetTroopMemberListReq)[0m
[0m2023-03-06 21:34:55 V/Net 2810704613: Send: friendlist.GetTroopMemberListReq(friendlist.GetTroopMemberListReq)[0m
[0m2023-03-06 21:34:55 V/Net 2810704613: Send: friendlist.GetTroopMemberListReq(friendlist.GetTroopMemberListReq)[0m
[0m2023-03-06 21:34:55 V/Net 2810704613: Send: friendlist.GetTroopMemberListReq(friendlist.GetTroopMemberListReq)[0m
[0m2023-03-06 21:34:55 V/Net 2810704613: Send: friendlist.GetTroopMemberListReq(friendlist.GetTroopMemberListReq)[0m
[0m2023-03-06 21:34:55 V/Net 2810704613: Send: friendlist.GetTroopMemberListReq(friendlist.GetTroopMemberListReq)[0m
[0m2023-03-06 21:34:55 V/Net 2810704613: Send: friendlist.GetTroopMemberListReq(friendlist.GetTroopMemberListReq)[0m
[0m2023-03-06 21:34:55 V/Net 2810704613: Send: friendlist.GetTroopMemberListReq(friendlist.GetTroopMemberListReq)[0m
[0m2023-03-06 21:34:55 V/Net 2810704613: Send: friendlist.GetTroopMemberListReq(friendlist.GetTroopMemberListReq)[0m
[0m2023-03-06 21:34:55 V/Net 2810704613: Send: friendlist.GetTroopMemberListReq(friendlist.GetTroopMemberListReq)[0m
[0m2023-03-06 21:34:55 V/Net 2810704613: Send: friendlist.GetTroopMemberListReq(friendlist.GetTroopMemberListReq)[0m
[0m2023-03-06 21:34:55 V/Net 2810704613: Send: friendlist.GetTroopMemberListReq(friendlist.GetTroopMemberListReq)[0m
[0m2023-03-06 21:34:55 V/Net 2810704613: Send: friendlist.GetTroopMemberListReq(friendlist.GetTroopMemberListReq)[0m
[0m2023-03-06 21:34:55 V/Net 2810704613: Send: friendlist.GetTroopMemberListReq(friendlist.GetTroopMemberListReq)[0m
[0m2023-03-06 21:34:55 V/Net 2810704613: Send: friendlist.GetTroopMemberListReq(friendlist.GetTroopMemberListReq)[0m
[0m2023-03-06 21:34:55 V/Net 2810704613: Recv: friendlist.GetTroopMemberListReq[0m
[0m2023-03-06 21:34:55 V/Net 2810704613: Recv: friendlist.GetTroopMemberListReq[0m
[0m2023-03-06 21:34:55 V/Net 2810704613: Recv: friendlist.GetTroopMemberListReq[0m
[0m2023-03-06 21:34:55 V/Net 2810704613: Recv: friendlist.GetTroopMemberListReq[0m
[0m2023-03-06 21:34:55 V/Net 2810704613: Recv: friendlist.GetTroopMemberListReq[0m
[0m2023-03-06 21:34:55 V/Net 2810704613: Recv: friendlist.GetTroopMemberListReq[0m
[0m2023-03-06 21:34:55 V/Net 2810704613: Recv: friendlist.GetTroopMemberListReq[0m
[0m2023-03-06 21:34:55 V/Net 2810704613: Recv: friendlist.GetTroopMemberListReq[0m
[0m2023-03-06 21:34:55 V/Net 2810704613: Recv: friendlist.GetTroopMemberListReq[0m
[0m2023-03-06 21:34:55 V/Net 2810704613: Recv: friendlist.GetTroopMemberListReq[0m
[0m2023-03-06 21:34:55 V/Net 2810704613: Recv: friendlist.GetTroopMemberListReq[0m
[0m2023-03-06 21:34:55 V/Net 2810704613: Recv: friendlist.GetTroopMemberListReq[0m
[0m2023-03-06 21:34:55 V/Net 2810704613: Recv: friendlist.GetTroopMemberListReq[0m
[0m2023-03-06 21:34:55 V/Net 2810704613: Recv: friendlist.GetTroopMemberListReq[0m
[0m2023-03-06 21:34:55 V/Net 2810704613: Recv: friendlist.GetTroopMemberListReq[0m
[0m2023-03-06 21:34:55 V/Net 2810704613: Send: friendlist.GetTroopMemberListReq(friendlist.GetTroopMemberListReq)[0m
[92m2023-03-06 21:34:55 I/Net 2810704613: Syncing friend message history: Success.[0m
[0m2023-03-06 21:34:55 V/Net 2810704613: Send: friendlist.GetTroopMemberListReq(friendlist.GetTroopMemberListReq)[0m
[0m2023-03-06 21:34:55 V/Net 2810704613: Send: friendlist.GetTroopMemberListReq(friendlist.GetTroopMemberListReq)[0m
[0m2023-03-06 21:34:55 V/Net 2810704613: Recv: friendlist.GetTroopMemberListReq[0m
[0m2023-03-06 21:34:55 V/Net 2810704613: Send: friendlist.GetTroopMemberListReq(friendlist.GetTroopMemberListReq)[0m
[0m2023-03-06 21:34:55 V/Net 2810704613: Recv: friendlist.GetTroopMemberListReq[0m
[0m2023-03-06 21:34:55 V/Net 2810704613: Send: friendlist.GetTroopMemberListReq(friendlist.GetTroopMemberListReq)[0m
[0m2023-03-06 21:34:55 V/Net 2810704613: Recv: friendlist.GetTroopMemberListReq[0m
[0m2023-03-06 21:34:55 V/Net 2810704613: Recv: friendlist.GetTroopMemberListReq[0m
[0m2023-03-06 21:34:55 V/Net 2810704613: Recv: friendlist.GetTroopMemberListReq[0m
[0m2023-03-06 21:34:55 V/Net 2810704613: Send: friendlist.GetTroopMemberListReq(friendlist.GetTroopMemberListReq)[0m
[0m2023-03-06 21:34:55 V/Net 2810704613: Recv: friendlist.GetTroopMemberListReq[0m
[0m2023-03-06 21:34:55 V/Net 2810704613: Send: friendlist.GetTroopMemberListReq(friendlist.GetTroopMemberListReq)[0m
[0m2023-03-06 21:34:56 V/Net 2810704613: Recv: friendlist.GetTroopMemberListReq[0m
[0m2023-03-06 21:34:56 V/Net 2810704613: Recv: friendlist.GetTroopMemberListReq[0m
[0m2023-03-06 21:34:56 V/Net 2810704613: Send: friendlist.GetTroopMemberListReq(friendlist.GetTroopMemberListReq)[0m
[0m2023-03-06 21:34:56 V/Net 2810704613: Recv: friendlist.GetTroopMemberListReq[0m
[92m2023-03-06 21:34:56 I/Net 2810704613: Successfully loaded group list: 16 in total.[0m
[92m2023-03-06 21:34:56 I/Net 2810704613: Scheduled key refresh in 23h 55min 0.0s.[0m
[92m2023-03-06 21:34:56 I/Net 2810704613: Scheduled refresh login session in 19d 23h 55min 0.0s.[0m
[0m2023-03-06 21:34:57 V/Net 2810704613: Server list: 120.232.69.190:443, 42.81.183.253:80, 157.148.54.73:80, msfwifi.3g.qq.com:8080, 183.47.98.25:8080, 222.94.109.183:14000.[0m
[0m2023-03-06 21:34:57 V/Net 2810704613: Saving bdh session to cache[0m
[0m2023-03-06 21:34:57 V/Net 2810704613: Saving server list to cache[0m
[0m2023-03-06 21:34:57 V/Net 2810704613: Send: ConfigPushSvc.PushResp(ConfigPushSvc.PushResp)[0m
[0m2023-03-06 21:34:57 V/Net 2810704613: Recv: ConfigPushSvc.PushReq[0m
[0m2023-03-06 21:34:57 V/Net 2810704613: Saving bdh session to cache[0m
[0m2023-03-06 21:34:57 V/Net 2810704613: Send: ConfigPushSvc.PushResp(ConfigPushSvc.PushResp)[0m
[0m2023-03-06 21:34:57 V/Net 2810704613: Recv: ConfigPushSvc.PushReq[0m
[0m2023-03-06 21:35:13 V/Net 2810704613: Send: MessageSvc.PbSendMsg(MessageSvc.PbSendMsg)[0m
[0m2023-03-06 21:35:13 V/Net 2810704613: Recv: MessageSvc.PbSendMsg[0m
[0m2023-03-06 22:00:15 V/Net 2810704613: Send: ImgStore.GroupPicUp(ImgStore.GroupPicUp)[0m
[0m2023-03-06 22:00:16 V/Net 2810704613: Recv: ImgStore.GroupPicUp[0m
[0m2023-03-06 22:00:16 V/Net 2810704613: Send: MessageSvc.PbSendMsg(MessageSvc.PbSendMsg)[0m
[0m2023-03-06 22:00:16 V/Net 2810704613: Recv: MessageSvc.PbSendMsg[0m
[0m2023-03-06 23:00:02 V/Net 2810704613: Send: ImgStore.GroupPicUp(ImgStore.GroupPicUp)[0m
[0m2023-03-06 23:00:02 V/Net 2810704613: Recv: ImgStore.GroupPicUp[0m
[0m2023-03-06 23:00:02 V/Net 2810704613: Send: MessageSvc.PbSendMsg(MessageSvc.PbSendMsg)[0m
[0m2023-03-06 23:00:03 V/Net 2810704613: Recv: MessageSvc.PbSendMsg[0m
