[0m2023-10-20 00:00:03 V/: Send: ImgStore.GroupPicUp(ImgStore.GroupPicUp)[0m
[0m2023-10-20 00:00:03 V/: Recv: ImgStore.GroupPicUp[0m
[0m2023-10-20 00:00:03 V/: Send: MessageSvc.PbSendMsg(MessageSvc.PbSendMsg)[0m
[0m2023-10-20 00:00:03 V/: Recv: MessageSvc.PbSendMsg[0m
[0m2023-10-20 00:29:22 V/: Send: ImgStore.GroupPicUp(ImgStore.GroupPicUp)[0m
[0m2023-10-20 00:29:23 V/: Recv: ImgStore.GroupPicUp[0m
[0m2023-10-20 00:29:23 V/: [Highway] Uploading group image to 106.55.123.135:14000, size=195.95 KiB[0m
[0m2023-10-20 00:29:24 V/: [Highway] Uploading group image: succeed at 149 KiB/s[0m
[0m2023-10-20 00:29:24 V/: Send: MessageSvc.PbSendMsg(MessageSvc.PbSendMsg)[0m
[0m2023-10-20 00:29:24 V/: Recv: MessageSvc.PbSendMsg[0m
[0m2023-10-20 01:40:54 V/: Send: MessageSvc.PbSendMsg(MessageSvc.PbSendMsg)[0m
[0m2023-10-20 01:40:55 V/: Recv: MessageSvc.PbSendMsg[0m
[0m2023-10-20 07:00:00 V/: Send: MessageSvc.PbSendMsg(MessageSvc.PbSendMsg)[0m
[0m2023-10-20 07:00:00 V/: Recv: MessageSvc.PbSendMsg[0m
[0m2023-10-20 07:00:01 V/: Send: ImgStore.GroupPicUp(ImgStore.GroupPicUp)[0m
[0m2023-10-20 07:00:01 V/: Recv: ImgStore.GroupPicUp[0m
[0m2023-10-20 07:00:01 V/: Send: MessageSvc.PbSendMsg(MessageSvc.PbSendMsg)[0m
[0m2023-10-20 07:00:01 V/: Recv: MessageSvc.PbSendMsg[0m
[0m2023-10-20 08:00:01 V/: Send: ImgStore.GroupPicUp(ImgStore.GroupPicUp)[0m
[0m2023-10-20 08:00:01 V/: Recv: ImgStore.GroupPicUp[0m
[0m2023-10-20 08:00:01 V/: Send: MessageSvc.PbSendMsg(MessageSvc.PbSendMsg)[0m
[0m2023-10-20 08:00:01 V/: Recv: MessageSvc.PbSendMsg[0m
[0m2023-10-20 08:00:02 V/: Send: ImgStore.GroupPicUp(ImgStore.GroupPicUp)[0m
[0m2023-10-20 08:00:02 V/: Recv: ImgStore.GroupPicUp[0m
[0m2023-10-20 08:00:02 V/: Send: MessageSvc.PbSendMsg(MessageSvc.PbSendMsg)[0m
[0m2023-10-20 08:00:03 V/: Recv: MessageSvc.PbSendMsg[0m
[0m2023-10-20 08:53:35 V/: Send: ImgStore.GroupPicUp(ImgStore.GroupPicUp)[0m
[0m2023-10-20 08:53:35 V/: Recv: ImgStore.GroupPicUp[0m
[0m2023-10-20 08:53:35 V/: Send: ImgStore.GroupPicUp(ImgStore.GroupPicUp)[0m
[0m2023-10-20 08:53:35 V/: Recv: ImgStore.GroupPicUp[0m
[0m2023-10-20 08:53:35 V/: Send: MessageSvc.PbSendMsg(MessageSvc.PbSendMsg)[0m
[0m2023-10-20 08:53:36 V/: Recv: MessageSvc.PbSendMsg[0m
[0m2023-10-20 09:00:01 V/: Send: ImgStore.GroupPicUp(ImgStore.GroupPicUp)[0m
[0m2023-10-20 09:00:01 V/: Recv: ImgStore.GroupPicUp[0m
[0m2023-10-20 09:00:01 V/: Send: MessageSvc.PbSendMsg(MessageSvc.PbSendMsg)[0m
[0m2023-10-20 09:00:02 V/: Recv: MessageSvc.PbSendMsg[0m
[0m2023-10-20 09:13:51 V/: Send: ImgStore.GroupPicUp(ImgStore.GroupPicUp)[0m
[0m2023-10-20 09:13:51 V/: Recv: ImgStore.GroupPicUp[0m
[0m2023-10-20 09:13:51 V/: [Highway] Uploading group image to 106.55.123.135:14000, size=102.23 KiB[0m
[0m2023-10-20 09:13:52 V/: [Highway] Uploading group image: succeed at 148 KiB/s[0m
[0m2023-10-20 09:13:52 V/: Send: ImgStore.GroupPicUp(ImgStore.GroupPicUp)[0m
[0m2023-10-20 09:13:52 V/: Recv: ImgStore.GroupPicUp[0m
[0m2023-10-20 09:13:52 V/: Send: MessageSvc.PbSendMsg(MessageSvc.PbSendMsg)[0m
[0m2023-10-20 09:13:53 V/: Recv: MessageSvc.PbSendMsg[0m
[0m2023-10-20 09:15:58 V/: Send: ImgStore.GroupPicUp(ImgStore.GroupPicUp)[0m
[0m2023-10-20 09:15:58 V/: Recv: ImgStore.GroupPicUp[0m
[0m2023-10-20 09:15:58 V/: [Highway] Uploading group image to 106.55.123.135:14000, size=83.16 KiB[0m
[0m2023-10-20 09:15:58 V/: [Highway] Uploading group image: succeed at 129 KiB/s[0m
[0m2023-10-20 09:15:58 V/: Send: ImgStore.GroupPicUp(ImgStore.GroupPicUp)[0m
[0m2023-10-20 09:15:58 V/: Recv: ImgStore.GroupPicUp[0m
[0m2023-10-20 09:15:58 V/: Send: MessageSvc.PbSendMsg(MessageSvc.PbSendMsg)[0m
[0m2023-10-20 09:15:59 V/: Recv: MessageSvc.PbSendMsg[0m
[0m2023-10-20 09:21:38 V/: Send: ImgStore.GroupPicUp(ImgStore.GroupPicUp)[0m
[0m2023-10-20 09:21:38 V/: Recv: ImgStore.GroupPicUp[0m
[0m2023-10-20 09:21:38 V/: [Highway] Uploading group image to 106.55.123.135:14000, size=73.38 KiB[0m
[0m2023-10-20 09:21:39 V/: [Highway] Uploading group image: succeed at 108 KiB/s[0m
[0m2023-10-20 09:21:39 V/: Send: ImgStore.GroupPicUp(ImgStore.GroupPicUp)[0m
[0m2023-10-20 09:21:39 V/: Recv: ImgStore.GroupPicUp[0m
[0m2023-10-20 09:21:39 V/: Send: MessageSvc.PbSendMsg(MessageSvc.PbSendMsg)[0m
[0m2023-10-20 09:21:39 V/: Recv: MessageSvc.PbSendMsg[0m
[0m2023-10-20 09:22:03 V/: Send: ImgStore.GroupPicUp(ImgStore.GroupPicUp)[0m
[0m2023-10-20 09:22:03 V/: Recv: ImgStore.GroupPicUp[0m
[0m2023-10-20 09:22:03 V/: [Highway] Uploading group image to 106.55.123.135:14000, size=39.14 KiB[0m
[0m2023-10-20 09:22:03 V/: [Highway] Uploading group image: succeed at 92 KiB/s[0m
[0m2023-10-20 09:22:03 V/: Send: ImgStore.GroupPicUp(ImgStore.GroupPicUp)[0m
[0m2023-10-20 09:22:03 V/: Recv: ImgStore.GroupPicUp[0m
[0m2023-10-20 09:22:03 V/: Send: MessageSvc.PbSendMsg(MessageSvc.PbSendMsg)[0m
[0m2023-10-20 09:22:04 V/: Recv: MessageSvc.PbSendMsg[0m
[0m2023-10-20 09:23:29 V/: Send: MessageSvc.PbSendMsg(MessageSvc.PbSendMsg)[0m
[0m2023-10-20 09:23:29 V/: Recv: MessageSvc.PbSendMsg[0m
[0m2023-10-20 09:27:28 V/: Send: MessageSvc.PbSendMsg(MessageSvc.PbSendMsg)[0m
[0m2023-10-20 09:27:29 V/: Recv: MessageSvc.PbSendMsg[0m
[0m2023-10-20 09:28:06 V/: Send: MessageSvc.PbSendMsg(MessageSvc.PbSendMsg)[0m
[0m2023-10-20 09:28:07 V/: Recv: MessageSvc.PbSendMsg[0m
[0m2023-10-20 09:28:37 V/: Send: MessageSvc.PbSendMsg(MessageSvc.PbSendMsg)[0m
[0m2023-10-20 09:28:37 V/: Recv: MessageSvc.PbSendMsg[0m
[0m2023-10-20 09:28:56 V/: Send: MessageSvc.PbSendMsg(MessageSvc.PbSendMsg)[0m
[0m2023-10-20 09:28:57 V/: Recv: MessageSvc.PbSendMsg[0m
[0m2023-10-20 09:29:21 V/: Send: ImgStore.GroupPicUp(ImgStore.GroupPicUp)[0m
[0m2023-10-20 09:29:21 V/: Recv: ImgStore.GroupPicUp[0m
[0m2023-10-20 09:29:21 V/: Send: ImgStore.GroupPicUp(ImgStore.GroupPicUp)[0m
[0m2023-10-20 09:29:22 V/: Recv: ImgStore.GroupPicUp[0m
[0m2023-10-20 09:29:22 V/: Send: MessageSvc.PbSendMsg(MessageSvc.PbSendMsg)[0m
[0m2023-10-20 09:29:22 V/: Recv: MessageSvc.PbSendMsg[0m
[0m2023-10-20 09:29:54 V/: Send: ImgStore.GroupPicUp(ImgStore.GroupPicUp)[0m
[0m2023-10-20 09:29:54 V/: Recv: ImgStore.GroupPicUp[0m
[0m2023-10-20 09:29:54 V/: [Highway] Uploading group image to 106.55.123.135:14000, size=58.75 KiB[0m
[0m2023-10-20 09:29:54 V/: [Highway] Uploading group image: succeed at 133 KiB/s[0m
[0m2023-10-20 09:29:54 V/: Send: ImgStore.GroupPicUp(ImgStore.GroupPicUp)[0m
[0m2023-10-20 09:29:54 V/: Recv: ImgStore.GroupPicUp[0m
[0m2023-10-20 09:29:54 V/: Send: MessageSvc.PbSendMsg(MessageSvc.PbSendMsg)[0m
[0m2023-10-20 09:29:54 V/: Recv: MessageSvc.PbSendMsg[0m
[0m2023-10-20 09:33:02 V/: Send: MessageSvc.PbSendMsg(MessageSvc.PbSendMsg)[0m
[0m2023-10-20 09:33:02 V/: Recv: MessageSvc.PbSendMsg[0m
[0m2023-10-20 09:33:05 V/: Send: PbMessageSvc.PbMsgWithDraw(PbMsgWithDraw(group=453553841, seq=766266, rand=25893880))[0m
[0m2023-10-20 09:33:06 V/: Recv: PbMessageSvc.PbMsgWithDraw[0m
[0m2023-10-20 09:33:07 V/: Send: MessageSvc.PbSendMsg(MessageSvc.PbSendMsg)[0m
[0m2023-10-20 09:33:08 V/: Recv: MessageSvc.PbSendMsg[0m
[0m2023-10-20 09:35:35 V/: Send: ProfileService.Pb.ReqSystemMsgNew.Group(ProfileService.Pb.ReqSystemMsgNew.Group)[0m
[0m2023-10-20 09:35:36 V/: Recv: ProfileService.Pb.ReqSystemMsgNew.Group[0m
[0m2023-10-20 09:43:26 V/: Send: MessageSvc.PbSendMsg(MessageSvc.PbSendMsg)[0m
[0m2023-10-20 09:43:26 V/: Recv: MessageSvc.PbSendMsg[0m
[0m2023-10-20 09:43:37 V/: Send: ImgStore.GroupPicUp(ImgStore.GroupPicUp)[0m
[0m2023-10-20 09:43:37 V/: Recv: ImgStore.GroupPicUp[0m
[0m2023-10-20 09:43:37 V/: [Highway] Uploading group image to 106.55.123.135:14000, size=13.72 KiB[0m
[0m2023-10-20 09:43:37 V/: [Highway] Uploading group image: succeed at 67 KiB/s[0m
[0m2023-10-20 09:43:37 V/: Send: ImgStore.GroupPicUp(ImgStore.GroupPicUp)[0m
[0m2023-10-20 09:43:37 V/: Recv: ImgStore.GroupPicUp[0m
[0m2023-10-20 09:43:37 V/: Send: MessageSvc.PbSendMsg(MessageSvc.PbSendMsg)[0m
[0m2023-10-20 09:43:37 V/: Recv: MessageSvc.PbSendMsg[0m
[0m2023-10-20 09:44:18 V/: Send: MessageSvc.PbSendMsg(MessageSvc.PbSendMsg)[0m
[0m2023-10-20 09:44:19 V/: Recv: MessageSvc.PbSendMsg[0m
[0m2023-10-20 09:45:26 V/: Send: MessageSvc.PbSendMsg(MessageSvc.PbSendMsg)[0m
[0m2023-10-20 09:45:26 V/: Recv: MessageSvc.PbSendMsg[0m
[0m2023-10-20 09:45:30 V/: Send: PbMessageSvc.PbMsgWithDraw(PbMsgWithDraw(group=453553841, seq=766294, rand=121246506))[0m
[0m2023-10-20 09:45:30 V/: Recv: PbMessageSvc.PbMsgWithDraw[0m
[0m2023-10-20 09:45:31 V/: Send: MessageSvc.PbSendMsg(MessageSvc.PbSendMsg)[0m
[0m2023-10-20 09:45:32 V/: Recv: MessageSvc.PbSendMsg[0m
[0m2023-10-20 09:52:47 V/: Send: MessageSvc.PbSendMsg(MessageSvc.PbSendMsg)[0m
[0m2023-10-20 09:52:47 V/: Recv: MessageSvc.PbSendMsg[0m
[0m2023-10-20 09:52:55 V/: Send: PbMessageSvc.PbMsgWithDraw(PbMsgWithDraw(group=453553841, seq=766309, rand=2049320273))[0m
[0m2023-10-20 09:52:56 V/: Recv: PbMessageSvc.PbMsgWithDraw[0m
[0m2023-10-20 09:52:57 V/: Send: MessageSvc.PbSendMsg(MessageSvc.PbSendMsg)[0m
[0m2023-10-20 09:52:57 V/: Recv: MessageSvc.PbSendMsg[0m
[0m2023-10-20 09:54:17 V/: Send: ImgStore.GroupPicUp(ImgStore.GroupPicUp)[0m
[0m2023-10-20 09:54:17 V/: Recv: ImgStore.GroupPicUp[0m
[0m2023-10-20 09:54:17 V/: [Highway] Uploading group image to 106.55.123.135:14000, size=1614.63 KiB[0m
[0m2023-10-20 09:54:26 V/: [Highway] Uploading group image: succeed at 170 KiB/s[0m
[0m2023-10-20 09:54:26 V/: Send: ImgStore.GroupPicUp(ImgStore.GroupPicUp)[0m
[0m2023-10-20 09:54:26 V/: Recv: ImgStore.GroupPicUp[0m
[0m2023-10-20 09:54:26 V/: Send: MessageSvc.PbSendMsg(MessageSvc.PbSendMsg)[0m
[0m2023-10-20 09:54:27 V/: Recv: MessageSvc.PbSendMsg[0m
[0m2023-10-20 09:57:36 V/: Send: MessageSvc.PbSendMsg(MessageSvc.PbSendMsg)[0m
[0m2023-10-20 09:57:37 V/: Recv: MessageSvc.PbSendMsg[0m
[0m2023-10-20 09:57:45 V/: Send: MessageSvc.PbSendMsg(MessageSvc.PbSendMsg)[0m
[0m2023-10-20 09:57:45 V/: Recv: MessageSvc.PbSendMsg[0m
[0m2023-10-20 10:00:01 V/: Send: ImgStore.GroupPicUp(ImgStore.GroupPicUp)[0m
[0m2023-10-20 10:00:01 V/: Recv: ImgStore.GroupPicUp[0m
[0m2023-10-20 10:00:01 V/: Send: MessageSvc.PbSendMsg(MessageSvc.PbSendMsg)[0m
[0m2023-10-20 10:00:02 V/: Recv: MessageSvc.PbSendMsg[0m
[0m2023-10-20 10:41:46 V/: Send: ImgStore.GroupPicUp(ImgStore.GroupPicUp)[0m
[0m2023-10-20 10:41:46 V/: Recv: ImgStore.GroupPicUp[0m
[0m2023-10-20 10:41:46 V/: [Highway] Uploading group image to 106.55.123.135:14000, size=39.88 KiB[0m
[0m2023-10-20 10:41:47 V/: [Highway] Uploading group image: succeed at 106 KiB/s[0m
[0m2023-10-20 10:41:47 V/: Send: ImgStore.GroupPicUp(ImgStore.GroupPicUp)[0m
[0m2023-10-20 10:41:47 V/: Recv: ImgStore.GroupPicUp[0m
[0m2023-10-20 10:41:47 V/: Send: MessageSvc.PbSendMsg(MessageSvc.PbSendMsg)[0m
[0m2023-10-20 10:41:47 V/: Recv: MessageSvc.PbSendMsg[0m
[0m2023-10-20 11:00:01 V/: Send: ImgStore.GroupPicUp(ImgStore.GroupPicUp)[0m
[0m2023-10-20 11:00:01 V/: Recv: ImgStore.GroupPicUp[0m
[0m2023-10-20 11:00:01 V/: Send: MessageSvc.PbSendMsg(MessageSvc.PbSendMsg)[0m
[0m2023-10-20 11:00:01 V/: Recv: MessageSvc.PbSendMsg[0m
[0m2023-10-20 12:00:01 V/: Send: ImgStore.GroupPicUp(ImgStore.GroupPicUp)[0m
[0m2023-10-20 12:00:01 V/: Recv: ImgStore.GroupPicUp[0m
[0m2023-10-20 12:00:01 V/: Send: MessageSvc.PbSendMsg(MessageSvc.PbSendMsg)[0m
[0m2023-10-20 12:00:01 V/: Recv: MessageSvc.PbSendMsg[0m
[0m2023-10-20 12:29:58 V/: Send: MultiMsg.ApplyUp(MultiMsg.ApplyUp)[0m
[0m2023-10-20 12:29:58 V/: [Highway] Uploading forward message to 106.55.123.135:14000, size=1.38 KiB[0m
[0m2023-10-20 12:29:58 V/: Recv: MultiMsg.ApplyUp[0m
[0m2023-10-20 12:29:58 V/: [Highway] Uploading forward message: succeed at 11 KiB/s[0m
[0m2023-10-20 12:29:58 V/: Send: MessageSvc.PbSendMsg(MessageSvc.PbSendMsg)[0m
[0m2023-10-20 12:29:58 V/: Recv: MessageSvc.PbSendMsg[0m
[0m2023-10-20 12:30:13 V/: Send: ImgStore.GroupPicUp(ImgStore.GroupPicUp)[0m
[0m2023-10-20 12:30:14 V/: [Highway] Uploading group image to 106.55.123.135:14000, size=224.85 KiB[0m
[0m2023-10-20 12:30:14 V/: Recv: ImgStore.GroupPicUp[0m
[0m2023-10-20 12:30:15 V/: [Highway] Uploading group image: succeed at 159 KiB/s[0m
[0m2023-10-20 12:30:15 V/: Send: MessageSvc.PbSendMsg(MessageSvc.PbSendMsg)[0m
[0m2023-10-20 12:30:16 V/: Recv: MessageSvc.PbSendMsg[0m
[0m2023-10-20 12:30:39 V/: Send: ImgStore.GroupPicUp(ImgStore.GroupPicUp)[0m
[0m2023-10-20 12:30:40 V/: [Highway] Uploading group image to 106.55.123.135:14000, size=3165.07 KiB[0m
[0m2023-10-20 12:30:40 V/: Recv: ImgStore.GroupPicUp[0m
[0m2023-10-20 12:30:58 V/: [Highway] Uploading group image: succeed at 176 KiB/s[0m
[0m2023-10-20 12:30:58 V/: Send: MessageSvc.PbSendMsg(MessageSvc.PbSendMsg)[0m
[0m2023-10-20 12:30:58 V/: Send: ImgStore.GroupPicUp(ImgStore.GroupPicUp)[0m
[0m2023-10-20 12:30:58 V/: [Highway] Uploading group image to 106.55.123.135:14000, size=163.74 KiB[0m
[0m2023-10-20 12:30:58 V/: Recv: ImgStore.GroupPicUp[0m
[0m2023-10-20 12:30:58 V/: Recv: MessageSvc.PbSendMsg[0m
[0m2023-10-20 12:30:59 V/: [Highway] Uploading group image: succeed at 144 KiB/s[0m
[0m2023-10-20 12:30:59 V/: Send: MessageSvc.PbSendMsg(MessageSvc.PbSendMsg)[0m
[0m2023-10-20 12:30:59 V/: Recv: MessageSvc.PbSendMsg[0m
[0m2023-10-20 12:31:51 V/: Send: ImgStore.GroupPicUp(ImgStore.GroupPicUp)[0m
[0m2023-10-20 12:31:51 V/: [Highway] Uploading group image to 106.55.123.135:14000, size=3368.42 KiB[0m
[0m2023-10-20 12:31:51 V/: Recv: ImgStore.GroupPicUp[0m
[0m2023-10-20 12:32:11 V/: [Highway] Uploading group image: succeed at 175 KiB/s[0m
[0m2023-10-20 12:32:11 V/: Send: MessageSvc.PbSendMsg(MessageSvc.PbSendMsg)[0m
[0m2023-10-20 12:32:11 V/: Recv: MessageSvc.PbSendMsg[0m
[0m2023-10-20 12:32:17 V/: Send: ImgStore.GroupPicUp(ImgStore.GroupPicUp)[0m
[0m2023-10-20 12:32:17 V/: [Highway] Uploading group image to 106.55.123.135:14000, size=1144.05 KiB[0m
[0m2023-10-20 12:32:17 V/: Recv: ImgStore.GroupPicUp[0m
[0m2023-10-20 12:32:25 V/: [Highway] Uploading group image: succeed at 154 KiB/s[0m
[0m2023-10-20 12:32:25 V/: Send: MessageSvc.PbSendMsg(MessageSvc.PbSendMsg)[0m
[0m2023-10-20 12:32:26 V/: Recv: MessageSvc.PbSendMsg[0m
[0m2023-10-20 12:33:12 V/: Send: MessageSvc.PbSendMsg(MessageSvc.PbSendMsg)[0m
[0m2023-10-20 12:33:13 V/: Recv: MessageSvc.PbSendMsg[0m
[0m2023-10-20 12:35:40 V/: Send: ProfileService.Pb.ReqSystemMsgNew.Group(ProfileService.Pb.ReqSystemMsgNew.Group)[0m
[0m2023-10-20 12:35:41 V/: Recv: ProfileService.Pb.ReqSystemMsgNew.Group[0m
[0m2023-10-20 12:36:56 V/: Send: ImgStore.GroupPicUp(ImgStore.GroupPicUp)[0m
[0m2023-10-20 12:36:57 V/: [Highway] Uploading group image to 106.55.123.135:14000, size=2315.81 KiB[0m
[0m2023-10-20 12:36:57 V/: Recv: ImgStore.GroupPicUp[0m
[0m2023-10-20 12:37:10 V/: [Highway] Uploading group image: succeed at 177 KiB/s[0m
[0m2023-10-20 12:37:10 V/: Send: MessageSvc.PbSendMsg(MessageSvc.PbSendMsg)[0m
[0m2023-10-20 12:37:10 V/: Recv: MessageSvc.PbSendMsg[0m
[0m2023-10-20 12:37:41 V/: Send: ImgStore.GroupPicUp(ImgStore.GroupPicUp)[0m
[0m2023-10-20 12:37:41 V/: [Highway] Uploading group image to 106.55.123.135:14000, size=2080.22 KiB[0m
[0m2023-10-20 12:37:41 V/: Recv: ImgStore.GroupPicUp[0m
[0m2023-10-20 12:37:53 V/: [Highway] Uploading group image: succeed at 173 KiB/s[0m
[0m2023-10-20 12:37:53 V/: Send: MessageSvc.PbSendMsg(MessageSvc.PbSendMsg)[0m
[0m2023-10-20 12:37:54 V/: Recv: MessageSvc.PbSendMsg[0m
[0m2023-10-20 12:38:08 V/: Send: ImgStore.GroupPicUp(ImgStore.GroupPicUp)[0m
[0m2023-10-20 12:38:08 V/: [Highway] Uploading group image to 106.55.123.135:14000, size=46.67 KiB[0m
[0m2023-10-20 12:38:08 V/: Recv: ImgStore.GroupPicUp[0m
[0m2023-10-20 12:38:09 V/: [Highway] Uploading group image: succeed at 102 KiB/s[0m
[0m2023-10-20 12:38:09 V/: Send: MessageSvc.PbSendMsg(MessageSvc.PbSendMsg)[0m
[0m2023-10-20 12:38:09 V/: Recv: MessageSvc.PbSendMsg[0m
[0m2023-10-20 12:38:40 V/: Send: ImgStore.GroupPicUp(ImgStore.GroupPicUp)[0m
[0m2023-10-20 12:38:40 V/: [Highway] Uploading group image to 106.55.123.135:14000, size=2189.95 KiB[0m
[0m2023-10-20 12:38:40 V/: Recv: ImgStore.GroupPicUp[0m
[0m2023-10-20 12:38:50 V/: Send: MultiMsg.ApplyUp(MultiMsg.ApplyUp)[0m
[0m2023-10-20 12:38:50 V/: [Highway] Uploading forward message to 106.55.123.135:14000, size=1.38 KiB[0m
[0m2023-10-20 12:38:50 V/: Recv: MultiMsg.ApplyUp[0m
[0m2023-10-20 12:38:50 V/: [Highway] Uploading forward message: succeed at 12 KiB/s[0m
[0m2023-10-20 12:38:50 V/: Send: MessageSvc.PbSendMsg(MessageSvc.PbSendMsg)[0m
[0m2023-10-20 12:38:50 V/: Recv: MessageSvc.PbSendMsg[0m
[0m2023-10-20 12:38:53 V/: [Highway] Uploading group image: succeed at 169 KiB/s[0m
[0m2023-10-20 12:38:53 V/: Send: MessageSvc.PbSendMsg(MessageSvc.PbSendMsg)[0m
[0m2023-10-20 12:38:54 V/: Recv: MessageSvc.PbSendMsg[0m
[0m2023-10-20 12:39:33 V/: Send: ImgStore.GroupPicUp(ImgStore.GroupPicUp)[0m
[0m2023-10-20 12:39:33 V/: [Highway] Uploading group image to 106.55.123.135:14000, size=2685.84 KiB[0m
[0m2023-10-20 12:39:33 V/: Recv: ImgStore.GroupPicUp[0m
[0m2023-10-20 12:39:48 V/: [Highway] Uploading group image: succeed at 173 KiB/s[0m
[0m2023-10-20 12:39:48 V/: Send: MessageSvc.PbSendMsg(MessageSvc.PbSendMsg)[0m
[0m2023-10-20 12:39:49 V/: Recv: MessageSvc.PbSendMsg[0m
[0m2023-10-20 12:40:20 V/: Send: ImgStore.GroupPicUp(ImgStore.GroupPicUp)[0m
[0m2023-10-20 12:40:20 V/: [Highway] Uploading group image to 106.55.123.135:14000, size=1249.09 KiB[0m
[0m2023-10-20 12:40:20 V/: Recv: ImgStore.GroupPicUp[0m
[0m2023-10-20 12:40:28 V/: [Highway] Uploading group image: succeed at 164 KiB/s[0m
[0m2023-10-20 12:40:28 V/: Send: MessageSvc.PbSendMsg(MessageSvc.PbSendMsg)[0m
[0m2023-10-20 12:40:29 V/: Recv: MessageSvc.PbSendMsg[0m
[0m2023-10-20 12:47:00 V/: Send: MessageSvc.PbSendMsg(MessageSvc.PbSendMsg)[0m
[0m2023-10-20 12:47:01 V/: Recv: MessageSvc.PbSendMsg[0m
[0m2023-10-20 12:48:21 V/: Send: MessageSvc.PbSendMsg(MessageSvc.PbSendMsg)[0m
[0m2023-10-20 12:48:21 V/: Recv: MessageSvc.PbSendMsg[0m
[0m2023-10-20 12:50:59 V/: Send: MessageSvc.PbSendMsg(MessageSvc.PbSendMsg)[0m
[0m2023-10-20 12:50:59 V/: Recv: MessageSvc.PbSendMsg[0m
[0m2023-10-20 12:51:11 V/: Send: MessageSvc.PbSendMsg(MessageSvc.PbSendMsg)[0m
[0m2023-10-20 12:51:11 V/: Recv: MessageSvc.PbSendMsg[0m
[0m2023-10-20 12:51:57 V/: Send: MessageSvc.PbSendMsg(MessageSvc.PbSendMsg)[0m
[0m2023-10-20 12:51:57 V/: Recv: MessageSvc.PbSendMsg[0m
[0m2023-10-20 12:52:07 V/: Send: MessageSvc.PbSendMsg(MessageSvc.PbSendMsg)[0m
[0m2023-10-20 12:52:07 V/: Recv: MessageSvc.PbSendMsg[0m
[0m2023-10-20 12:52:43 V/: Send: MessageSvc.PbSendMsg(MessageSvc.PbSendMsg)[0m
[0m2023-10-20 12:52:43 V/: Recv: MessageSvc.PbSendMsg[0m
[0m2023-10-20 12:53:10 V/: Send: MessageSvc.PbSendMsg(MessageSvc.PbSendMsg)[0m
[0m2023-10-20 12:53:10 V/: Recv: MessageSvc.PbSendMsg[0m
[0m2023-10-20 12:53:14 V/: Send: PbMessageSvc.PbMsgWithDraw(PbMsgWithDraw(group=453553841, seq=766592, rand=1569872610))[0m
[0m2023-10-20 12:53:15 V/: Recv: PbMessageSvc.PbMsgWithDraw[0m
[0m2023-10-20 12:53:16 V/: Send: MessageSvc.PbSendMsg(MessageSvc.PbSendMsg)[0m
[0m2023-10-20 12:53:17 V/: Recv: MessageSvc.PbSendMsg[0m
[0m2023-10-20 12:54:31 V/: Send: MessageSvc.PbSendMsg(MessageSvc.PbSendMsg)[0m
[0m2023-10-20 12:54:31 V/: Recv: MessageSvc.PbSendMsg[0m
[0m2023-10-20 12:54:52 V/: Send: MessageSvc.PbSendMsg(MessageSvc.PbSendMsg)[0m
[0m2023-10-20 12:54:52 V/: Recv: MessageSvc.PbSendMsg[0m
[0m2023-10-20 12:55:50 V/: Send: MessageSvc.PbSendMsg(MessageSvc.PbSendMsg)[0m
[0m2023-10-20 12:55:50 V/: Recv: MessageSvc.PbSendMsg[0m
[0m2023-10-20 12:57:30 V/: Send: MessageSvc.PbSendMsg(MessageSvc.PbSendMsg)[0m
[0m2023-10-20 12:57:30 V/: Recv: MessageSvc.PbSendMsg[0m
[0m2023-10-20 13:00:02 V/: Send: ImgStore.GroupPicUp(ImgStore.GroupPicUp)[0m
[0m2023-10-20 13:00:02 V/: Recv: ImgStore.GroupPicUp[0m
[0m2023-10-20 13:00:02 V/: Send: MessageSvc.PbSendMsg(MessageSvc.PbSendMsg)[0m
[0m2023-10-20 13:00:02 V/: Recv: MessageSvc.PbSendMsg[0m
[0m2023-10-20 13:01:34 V/: Send: ImgStore.GroupPicUp(ImgStore.GroupPicUp)[0m
[0m2023-10-20 13:01:34 V/: [Highway] Uploading group image to 106.55.123.135:14000, size=326.78 KiB[0m
[0m2023-10-20 13:01:34 V/: Recv: ImgStore.GroupPicUp[0m
[0m2023-10-20 13:01:36 V/: [Highway] Uploading group image: succeed at 150 KiB/s[0m
[0m2023-10-20 13:01:36 V/: Send: MessageSvc.PbSendMsg(MessageSvc.PbSendMsg)[0m
[0m2023-10-20 13:01:37 V/: Recv: MessageSvc.PbSendMsg[0m
[0m2023-10-20 13:05:11 V/: Send: ImgStore.GroupPicUp(ImgStore.GroupPicUp)[0m
[0m2023-10-20 13:05:11 V/: Recv: ImgStore.GroupPicUp[0m
[0m2023-10-20 13:05:11 V/: Send: ImgStore.GroupPicUp(ImgStore.GroupPicUp)[0m
[0m2023-10-20 13:05:11 V/: Recv: ImgStore.GroupPicUp[0m
[0m2023-10-20 13:05:11 V/: Send: MessageSvc.PbSendMsg(MessageSvc.PbSendMsg)[0m
[0m2023-10-20 13:05:12 V/: Recv: MessageSvc.PbSendMsg[0m
[0m2023-10-20 13:08:53 V/: Send: MessageSvc.PbSendMsg(MessageSvc.PbSendMsg)[0m
[0m2023-10-20 13:08:53 V/: Recv: MessageSvc.PbSendMsg[0m
[0m2023-10-20 13:09:16 V/: Send: ImgStore.GroupPicUp(ImgStore.GroupPicUp)[0m
[0m2023-10-20 13:09:16 V/: Recv: ImgStore.GroupPicUp[0m
[0m2023-10-20 13:09:16 V/: [Highway] Uploading group image to 106.55.123.135:14000, size=337.04 KiB[0m
[0m2023-10-20 13:09:18 V/: [Highway] Uploading group image: succeed at 157 KiB/s[0m
[0m2023-10-20 13:09:18 V/: Send: ImgStore.GroupPicUp(ImgStore.GroupPicUp)[0m
[0m2023-10-20 13:09:18 V/: Recv: ImgStore.GroupPicUp[0m
[0m2023-10-20 13:09:18 V/: Send: MessageSvc.PbSendMsg(MessageSvc.PbSendMsg)[0m
[0m2023-10-20 13:09:19 V/: Recv: MessageSvc.PbSendMsg[0m
[0m2023-10-20 13:09:48 V/: Send: MessageSvc.PbSendMsg(MessageSvc.PbSendMsg)[0m
[0m2023-10-20 13:09:48 V/: Recv: MessageSvc.PbSendMsg[0m
[0m2023-10-20 13:25:29 V/: Send: ImgStore.GroupPicUp(ImgStore.GroupPicUp)[0m
[0m2023-10-20 13:25:30 V/: Recv: ImgStore.GroupPicUp[0m
[0m2023-10-20 13:25:30 V/: [Highway] Uploading group image to 106.55.123.135:14000, size=50.02 KiB[0m
[0m2023-10-20 13:25:30 V/: [Highway] Uploading group image: succeed at 110 KiB/s[0m
[0m2023-10-20 13:25:30 V/: Send: MessageSvc.PbSendMsg(MessageSvc.PbSendMsg)[0m
[0m2023-10-20 13:25:30 V/: Recv: MessageSvc.PbSendMsg[0m
[0m2023-10-20 14:00:01 V/: Send: ImgStore.GroupPicUp(ImgStore.GroupPicUp)[0m
[0m2023-10-20 14:00:01 V/: Recv: ImgStore.GroupPicUp[0m
[0m2023-10-20 14:00:01 V/: Send: MessageSvc.PbSendMsg(MessageSvc.PbSendMsg)[0m
[0m2023-10-20 14:00:02 V/: Recv: MessageSvc.PbSendMsg[0m
[0m2023-10-20 15:00:02 V/: Send: ImgStore.GroupPicUp(ImgStore.GroupPicUp)[0m
[0m2023-10-20 15:00:02 V/: Recv: ImgStore.GroupPicUp[0m
[0m2023-10-20 15:00:02 V/: Send: MessageSvc.PbSendMsg(MessageSvc.PbSendMsg)[0m
[0m2023-10-20 15:00:02 V/: Recv: MessageSvc.PbSendMsg[0m
[0m2023-10-20 16:00:03 V/: Send: ImgStore.GroupPicUp(ImgStore.GroupPicUp)[0m
[0m2023-10-20 16:00:03 V/: Recv: ImgStore.GroupPicUp[0m
[0m2023-10-20 16:00:03 V/: Send: MessageSvc.PbSendMsg(MessageSvc.PbSendMsg)[0m
[0m2023-10-20 16:00:03 V/: Recv: MessageSvc.PbSendMsg[0m
[0m2023-10-20 16:09:22 V/: Send: ImgStore.GroupPicUp(ImgStore.GroupPicUp)[0m
[0m2023-10-20 16:09:22 V/: Recv: ImgStore.GroupPicUp[0m
[0m2023-10-20 16:09:22 V/: [Highway] Uploading group image to 106.55.123.135:14000, size=173.12 KiB[0m
[0m2023-10-20 16:09:23 V/: [Highway] Uploading group image: succeed at 145 KiB/s[0m
[0m2023-10-20 16:09:23 V/: Send: MessageSvc.PbSendMsg(MessageSvc.PbSendMsg)[0m
[0m2023-10-20 16:09:23 V/: Recv: MessageSvc.PbSendMsg[0m
[0m2023-10-20 16:15:10 V/: Send: ImgStore.GroupPicUp(ImgStore.GroupPicUp)[0m
[0m2023-10-20 16:15:10 V/: Recv: ImgStore.GroupPicUp[0m
[0m2023-10-20 16:15:10 V/: Send: ImgStore.GroupPicUp(ImgStore.GroupPicUp)[0m
[0m2023-10-20 16:15:10 V/: Recv: ImgStore.GroupPicUp[0m
[0m2023-10-20 16:15:10 V/: Send: MessageSvc.PbSendMsg(MessageSvc.PbSendMsg)[0m
[0m2023-10-20 16:15:11 V/: Recv: MessageSvc.PbSendMsg[0m
[0m2023-10-20 16:16:52 V/: Send: MessageSvc.PbSendMsg(MessageSvc.PbSendMsg)[0m
[0m2023-10-20 16:16:52 V/: Recv: MessageSvc.PbSendMsg[0m
[0m2023-10-20 16:16:56 V/: Send: PbMessageSvc.PbMsgWithDraw(PbMsgWithDraw(group=453553841, seq=767031, rand=1651055962))[0m
[0m2023-10-20 16:16:56 V/: Recv: PbMessageSvc.PbMsgWithDraw[0m
[0m2023-10-20 16:17:00 V/: Send: MessageSvc.PbSendMsg(MessageSvc.PbSendMsg)[0m
[0m2023-10-20 16:17:00 V/: Recv: MessageSvc.PbSendMsg[0m
[0m2023-10-20 16:21:06 V/: Send: MessageSvc.PbSendMsg(MessageSvc.PbSendMsg)[0m
[0m2023-10-20 16:21:06 V/: Recv: MessageSvc.PbSendMsg[0m
[0m2023-10-20 16:23:38 V/: Send: MessageSvc.PbSendMsg(MessageSvc.PbSendMsg)[0m
[0m2023-10-20 16:23:38 V/: Recv: MessageSvc.PbSendMsg[0m
[0m2023-10-20 16:23:43 V/: Send: PbMessageSvc.PbMsgWithDraw(PbMsgWithDraw(group=453553841, seq=767039, rand=439890003))[0m
[0m2023-10-20 16:23:43 V/: Recv: PbMessageSvc.PbMsgWithDraw[0m
[0m2023-10-20 16:23:45 V/: Send: MessageSvc.PbSendMsg(MessageSvc.PbSendMsg)[0m
[0m2023-10-20 16:23:46 V/: Recv: MessageSvc.PbSendMsg[0m
[0m2023-10-20 16:40:57 V/: Send: MessageSvc.PbSendMsg(MessageSvc.PbSendMsg)[0m
[0m2023-10-20 16:40:58 V/: Recv: MessageSvc.PbSendMsg[0m
[0m2023-10-20 16:47:09 V/: Send: MessageSvc.PbSendMsg(MessageSvc.PbSendMsg)[0m
[0m2023-10-20 16:47:09 V/: Recv: MessageSvc.PbSendMsg[0m
[0m2023-10-20 16:48:26 V/: Send: MessageSvc.PbSendMsg(MessageSvc.PbSendMsg)[0m
[0m2023-10-20 16:48:27 V/: Recv: MessageSvc.PbSendMsg[0m
[0m2023-10-20 16:48:29 V/: Send: PbMessageSvc.PbMsgWithDraw(PbMsgWithDraw(group=453553841, seq=767077, rand=769866178))[0m
[0m2023-10-20 16:48:29 V/: Recv: PbMessageSvc.PbMsgWithDraw[0m
[0m2023-10-20 16:48:31 V/: Send: MessageSvc.PbSendMsg(MessageSvc.PbSendMsg)[0m
[0m2023-10-20 16:48:32 V/: Recv: MessageSvc.PbSendMsg[0m
[0m2023-10-20 16:51:26 V/: Send: MessageSvc.PbSendMsg(MessageSvc.PbSendMsg)[0m
[0m2023-10-20 16:51:26 V/: Recv: MessageSvc.PbSendMsg[0m
[0m2023-10-20 16:51:28 V/: Send: PbMessageSvc.PbMsgWithDraw(PbMsgWithDraw(group=453553841, seq=767085, rand=694105927))[0m
[0m2023-10-20 16:51:28 V/: Recv: PbMessageSvc.PbMsgWithDraw[0m
[0m2023-10-20 16:51:30 V/: Send: MessageSvc.PbSendMsg(MessageSvc.PbSendMsg)[0m
[0m2023-10-20 16:51:30 V/: Recv: MessageSvc.PbSendMsg[0m
[0m2023-10-20 17:00:03 V/: Send: ImgStore.GroupPicUp(ImgStore.GroupPicUp)[0m
[0m2023-10-20 17:00:03 V/: Recv: ImgStore.GroupPicUp[0m
[0m2023-10-20 17:00:03 V/: Send: MessageSvc.PbSendMsg(MessageSvc.PbSendMsg)[0m
[0m2023-10-20 17:00:03 V/: Recv: MessageSvc.PbSendMsg[0m
[0m2023-10-20 17:30:23 V/: Send: ImgStore.GroupPicUp(ImgStore.GroupPicUp)[0m
[0m2023-10-20 17:30:23 V/: Recv: ImgStore.GroupPicUp[0m
[0m2023-10-20 17:30:23 V/: [Highway] Uploading group image to 106.55.123.135:14000, size=113.69 KiB[0m
[0m2023-10-20 17:30:24 V/: [Highway] Uploading group image: succeed at 125 KiB/s[0m
[0m2023-10-20 17:30:24 V/: Send: MessageSvc.PbSendMsg(MessageSvc.PbSendMsg)[0m
[0m2023-10-20 17:30:25 V/: Recv: MessageSvc.PbSendMsg[0m
[0m2023-10-20 18:00:01 V/: Send: ImgStore.GroupPicUp(ImgStore.GroupPicUp)[0m
[0m2023-10-20 18:00:02 V/: Recv: ImgStore.GroupPicUp[0m
[0m2023-10-20 18:00:02 V/: Send: MessageSvc.PbSendMsg(MessageSvc.PbSendMsg)[0m
[0m2023-10-20 18:00:02 V/: Recv: MessageSvc.PbSendMsg[0m
[0m2023-10-20 18:01:48 V/: Send: ImgStore.GroupPicUp(ImgStore.GroupPicUp)[0m
[0m2023-10-20 18:01:48 V/: Recv: ImgStore.GroupPicUp[0m
[0m2023-10-20 18:01:48 V/: [Highway] Uploading group image to 106.55.123.135:14000, size=23.7 KiB[0m
[0m2023-10-20 18:01:49 V/: [Highway] Uploading group image: succeed at 93 KiB/s[0m
[0m2023-10-20 18:01:49 V/: Send: ImgStore.GroupPicUp(ImgStore.GroupPicUp)[0m
[0m2023-10-20 18:01:49 V/: Recv: ImgStore.GroupPicUp[0m
[0m2023-10-20 18:01:49 V/: Send: MessageSvc.PbSendMsg(MessageSvc.PbSendMsg)[0m
[0m2023-10-20 18:01:49 V/: Recv: MessageSvc.PbSendMsg[0m
[0m2023-10-20 18:21:54 V/: Send: ImgStore.GroupPicUp(ImgStore.GroupPicUp)[0m
[0m2023-10-20 18:21:54 V/: Recv: ImgStore.GroupPicUp[0m
[0m2023-10-20 18:21:54 V/: Send: ImgStore.GroupPicUp(ImgStore.GroupPicUp)[0m
[0m2023-10-20 18:21:54 V/: Recv: ImgStore.GroupPicUp[0m
[0m2023-10-20 18:21:54 V/: Send: MessageSvc.PbSendMsg(MessageSvc.PbSendMsg)[0m
[0m2023-10-20 18:21:54 V/: Recv: MessageSvc.PbSendMsg[0m
[0m2023-10-20 18:25:27 V/: Send: ImgStore.GroupPicUp(ImgStore.GroupPicUp)[0m
[0m2023-10-20 18:25:27 V/: Recv: ImgStore.GroupPicUp[0m
[0m2023-10-20 18:25:27 V/: [Highway] Uploading group image to 106.55.123.135:14000, size=3.7 KiB[0m
[0m2023-10-20 18:25:27 V/: [Highway] Uploading group image: succeed at 19 KiB/s[0m
[0m2023-10-20 18:25:27 V/: Send: ImgStore.GroupPicUp(ImgStore.GroupPicUp)[0m
[0m2023-10-20 18:25:27 V/: Recv: ImgStore.GroupPicUp[0m
[0m2023-10-20 18:25:27 V/: Send: MessageSvc.PbSendMsg(MessageSvc.PbSendMsg)[0m
[0m2023-10-20 18:25:27 V/: Recv: MessageSvc.PbSendMsg[0m
[0m2023-10-20 18:28:46 V/: Send: MessageSvc.PbSendMsg(MessageSvc.PbSendMsg)[0m
[0m2023-10-20 18:28:46 V/: Recv: MessageSvc.PbSendMsg[0m
[0m2023-10-20 18:28:58 V/: Send: PbMessageSvc.PbMsgWithDraw(PbMsgWithDraw(group=453553841, seq=767182, rand=967263697))[0m
[0m2023-10-20 18:28:58 V/: Recv: PbMessageSvc.PbMsgWithDraw[0m
[0m2023-10-20 18:29:00 V/: Send: MessageSvc.PbSendMsg(MessageSvc.PbSendMsg)[0m
[0m2023-10-20 18:29:00 V/: Recv: MessageSvc.PbSendMsg[0m
[0m2023-10-20 18:30:37 V/: Send: ImgStore.GroupPicUp(ImgStore.GroupPicUp)[0m
[0m2023-10-20 18:30:37 V/: Recv: ImgStore.GroupPicUp[0m
[0m2023-10-20 18:30:37 V/: [Highway] Uploading group image to 106.55.123.135:14000, size=35.01 KiB[0m
[0m2023-10-20 18:30:38 V/: [Highway] Uploading group image: succeed at 82 KiB/s[0m
[0m2023-10-20 18:30:38 V/: Send: ImgStore.GroupPicUp(ImgStore.GroupPicUp)[0m
[0m2023-10-20 18:30:38 V/: Recv: ImgStore.GroupPicUp[0m
[0m2023-10-20 18:30:38 V/: Send: MessageSvc.PbSendMsg(MessageSvc.PbSendMsg)[0m
[0m2023-10-20 18:30:38 V/: Recv: MessageSvc.PbSendMsg[0m
[0m2023-10-20 18:47:21 V/: Send: ImgStore.GroupPicUp(ImgStore.GroupPicUp)[0m
[0m2023-10-20 18:47:22 V/: Recv: ImgStore.GroupPicUp[0m
[0m2023-10-20 18:47:22 V/: [Highway] Uploading group image to 106.55.123.135:14000, size=68.09 KiB[0m
[0m2023-10-20 18:47:22 V/: [Highway] Uploading group image: succeed at 130 KiB/s[0m
[0m2023-10-20 18:47:22 V/: Send: ImgStore.GroupPicUp(ImgStore.GroupPicUp)[0m
[0m2023-10-20 18:47:22 V/: Recv: ImgStore.GroupPicUp[0m
[0m2023-10-20 18:47:22 V/: Send: MessageSvc.PbSendMsg(MessageSvc.PbSendMsg)[0m
[0m2023-10-20 18:47:23 V/: Recv: MessageSvc.PbSendMsg[0m
[0m2023-10-20 19:00:02 V/: Send: ImgStore.GroupPicUp(ImgStore.GroupPicUp)[0m
[0m2023-10-20 19:00:02 V/: Recv: ImgStore.GroupPicUp[0m
[0m2023-10-20 19:00:02 V/: Send: MessageSvc.PbSendMsg(MessageSvc.PbSendMsg)[0m
[0m2023-10-20 19:00:02 V/: Recv: MessageSvc.PbSendMsg[0m
[0m2023-10-20 20:00:06 V/: Send: ImgStore.GroupPicUp(ImgStore.GroupPicUp)[0m
[0m2023-10-20 20:00:06 V/: Recv: ImgStore.GroupPicUp[0m
[0m2023-10-20 20:00:06 V/: Send: MessageSvc.PbSendMsg(MessageSvc.PbSendMsg)[0m
[0m2023-10-20 20:00:07 V/: Recv: MessageSvc.PbSendMsg[0m
[0m2023-10-20 20:26:48 V/: Send: ImgStore.GroupPicUp(ImgStore.GroupPicUp)[0m
[0m2023-10-20 20:26:48 V/: Recv: ImgStore.GroupPicUp[0m
[0m2023-10-20 20:26:48 V/: [Highway] Uploading group image to 106.55.123.135:14000, size=67.32 KiB[0m
[0m2023-10-20 20:26:49 V/: [Highway] Uploading group image: succeed at 119 KiB/s[0m
[0m2023-10-20 20:26:49 V/: Send: ImgStore.GroupPicUp(ImgStore.GroupPicUp)[0m
[0m2023-10-20 20:26:49 V/: Recv: ImgStore.GroupPicUp[0m
[0m2023-10-20 20:26:49 V/: Send: MessageSvc.PbSendMsg(MessageSvc.PbSendMsg)[0m
[0m2023-10-20 20:26:49 V/: Recv: MessageSvc.PbSendMsg[0m
[0m2023-10-20 20:36:14 V/: Send: ImgStore.GroupPicUp(ImgStore.GroupPicUp)[0m
[0m2023-10-20 20:36:14 V/: Recv: ImgStore.GroupPicUp[0m
[0m2023-10-20 20:36:14 V/: [Highway] Uploading group image to 106.55.123.135:14000, size=38.67 KiB[0m
[0m2023-10-20 20:36:14 V/: [Highway] Uploading group image: succeed at 111 KiB/s[0m
[0m2023-10-20 20:36:14 V/: Send: ImgStore.GroupPicUp(ImgStore.GroupPicUp)[0m
[0m2023-10-20 20:36:14 V/: Recv: ImgStore.GroupPicUp[0m
[0m2023-10-20 20:36:14 V/: Send: MessageSvc.PbSendMsg(MessageSvc.PbSendMsg)[0m
[0m2023-10-20 20:36:15 V/: Recv: MessageSvc.PbSendMsg[0m
[0m2023-10-20 20:36:36 V/: Send: ImgStore.GroupPicUp(ImgStore.GroupPicUp)[0m
[0m2023-10-20 20:36:36 V/: Recv: ImgStore.GroupPicUp[0m
[0m2023-10-20 20:36:36 V/: Send: ImgStore.GroupPicUp(ImgStore.GroupPicUp)[0m
[0m2023-10-20 20:36:37 V/: Recv: ImgStore.GroupPicUp[0m
[0m2023-10-20 20:36:37 V/: Send: MessageSvc.PbSendMsg(MessageSvc.PbSendMsg)[0m
[0m2023-10-20 20:36:37 V/: Recv: MessageSvc.PbSendMsg[0m
[0m2023-10-20 21:00:03 V/: Send: ImgStore.GroupPicUp(ImgStore.GroupPicUp)[0m
[0m2023-10-20 21:00:03 V/: Recv: ImgStore.GroupPicUp[0m
[0m2023-10-20 21:00:03 V/: Send: MessageSvc.PbSendMsg(MessageSvc.PbSendMsg)[0m
[0m2023-10-20 21:00:04 V/: Recv: MessageSvc.PbSendMsg[0m
[0m2023-10-20 21:30:38 V/: Send: ImgStore.GroupPicUp(ImgStore.GroupPicUp)[0m
[0m2023-10-20 21:30:38 V/: Recv: ImgStore.GroupPicUp[0m
[0m2023-10-20 21:30:38 V/: [Highway] Uploading group image to 106.55.123.135:14000, size=247.54 KiB[0m
[0m2023-10-20 21:30:40 V/: [Highway] Uploading group image: succeed at 148 KiB/s[0m
[0m2023-10-20 21:30:40 V/: Send: MessageSvc.PbSendMsg(MessageSvc.PbSendMsg)[0m
[0m2023-10-20 21:30:40 V/: Recv: MessageSvc.PbSendMsg[0m
[0m2023-10-20 21:38:13 V/: Send: ImgStore.GroupPicUp(ImgStore.GroupPicUp)[0m
[0m2023-10-20 21:38:13 V/: Recv: ImgStore.GroupPicUp[0m
[0m2023-10-20 21:38:13 V/: [Highway] Uploading group image to 106.55.123.135:14000, size=160.4 KiB[0m
[0m2023-10-20 21:38:14 V/: [Highway] Uploading group image: succeed at 127 KiB/s[0m
[0m2023-10-20 21:38:14 V/: Send: MessageSvc.PbSendMsg(MessageSvc.PbSendMsg)[0m
[0m2023-10-20 21:38:14 V/: Recv: MessageSvc.PbSendMsg[0m
[0m2023-10-20 21:41:41 V/: Send: ImgStore.GroupPicUp(ImgStore.GroupPicUp)[0m
[0m2023-10-20 21:41:41 V/: [Highway] Uploading group image to 106.55.123.135:14000, size=260.69 KiB[0m
[0m2023-10-20 21:41:41 V/: Recv: ImgStore.GroupPicUp[0m
[0m2023-10-20 21:41:43 V/: [Highway] Uploading group image: succeed at 154 KiB/s[0m
[0m2023-10-20 21:41:43 V/: Send: MessageSvc.PbSendMsg(MessageSvc.PbSendMsg)[0m
[0m2023-10-20 21:41:43 V/: Recv: MessageSvc.PbSendMsg[0m
[0m2023-10-20 22:00:07 V/: Send: ImgStore.GroupPicUp(ImgStore.GroupPicUp)[0m
[0m2023-10-20 22:00:07 V/: Recv: ImgStore.GroupPicUp[0m
[0m2023-10-20 22:00:07 V/: Send: MessageSvc.PbSendMsg(MessageSvc.PbSendMsg)[0m
[0m2023-10-20 22:00:07 V/: Recv: MessageSvc.PbSendMsg[0m
[0m2023-10-20 22:30:26 V/: Send: wtlogin.exchange_emp(15:refresh-keys)[0m
[0m2023-10-20 22:30:26 V/: Recv: wtlogin.exchange_emp[0m
[92m2023-10-20 22:30:26 I/: Scheduled key refresh in 23h 55min 0.0s.[0m
[0m2023-10-20 23:00:01 V/: Send: ImgStore.GroupPicUp(ImgStore.GroupPicUp)[0m
[0m2023-10-20 23:00:01 V/: Recv: ImgStore.GroupPicUp[0m
[0m2023-10-20 23:00:01 V/: Send: MessageSvc.PbSendMsg(MessageSvc.PbSendMsg)[0m
[0m2023-10-20 23:00:01 V/: Recv: MessageSvc.PbSendMsg[0m
