[0m2023-03-12 22:20:05 V/Net 1276766640: Invalidate caches because hash file not available.[0m
[0m2023-03-12 22:20:05 V/Net 1276766640: No server list cached.[0m
[92m2023-03-12 22:20:05 I/Net 1276766640: ECDH key is invalid, start to fetch ecdh public key from server.[0m
[92m2023-03-12 22:20:05 I/Net 1276766640: Successfully fetched ecdh public key from server.[0m
[0m2023-03-12 22:20:05 V/Net 1276766640: Send: wtlogin.login(9:password-login)[0m
[0m2023-03-12 22:20:06 V/Net 1276766640: Recv: wtlogin.login[0m
[0m2023-03-12 22:20:44 V/Net 1276766640: Send: wtlogin.login(2:submit-slider)[0m
[0m2023-03-12 22:20:44 V/Net 1276766640: Recv: wtlogin.login[0m
[93m2023-03-12 22:20:44 W/Net 1276766640: Exception in resumeConnection.
net.mamoe.mirai.internal.network.components.LoginFailedExceptionAsNetworkException: Error(bot=Bot(1276766640), code=45, title=ç¦æ­¢ç™»å½•, message=ç™»å½•å¤±è´¥ï¼Œå»ºè®®å‡çº§æœ€æ–°ç‰ˆæœ¬åé‡è¯•ï¼Œæˆ–é€šè¿‡é—®é¢˜åé¦ˆä¸æˆ‘ä»¬è”ç³»ã€‚, errorInfo=)
	at net.mamoe.mirai.internal.network.handler.CommonNetworkHandler$StateConnecting$startState$2.invokeSuspend(CommonNetworkHandler.kt:248)
	at kotlin.coroutines.jvm.internal.BaseContinuationImpl.resumeWith(ContinuationImpl.kt:33)
	at kotlinx.coroutines.internal.ScopeCoroutine.afterResume(Scopes.kt:33)
	at kotlinx.coroutines.AbstractCoroutine.resumeWith(AbstractCoroutine.kt:102)
	at kotlin.coroutines.jvm.internal.BaseContinuationImpl.resumeWith(ContinuationImpl.kt:46)
	at kotlinx.coroutines.DispatchedTask.run(DispatchedTask.kt:106)
	at kotlinx.coroutines.scheduling.CoroutineScheduler.runSafely(CoroutineScheduler.kt:570)
	at kotlinx.coroutines.scheduling.CoroutineScheduler$Worker.executeTask(CoroutineScheduler.kt:750)
	at kotlinx.coroutines.scheduling.CoroutineScheduler$Worker.runWorker(CoroutineScheduler.kt:677)
	at kotlinx.coroutines.scheduling.CoroutineScheduler$Worker.run(CoroutineScheduler.kt:664)
Caused by: net.mamoe.mirai.network.WrongPasswordException: Error(bot=Bot(1276766640), code=45, title=ç¦æ­¢ç™»å½•, message=ç™»å½•å¤±è´¥ï¼Œå»ºè®®å‡çº§æœ€æ–°ç‰ˆæœ¬åé‡è¯•ï¼Œæˆ–é€šè¿‡é—®é¢˜åé¦ˆä¸æˆ‘ä»¬è”ç³»ã€‚, errorInfo=)
	at net.mamoe.mirai.internal.network.components.SsoProcessorImpl$SlowLoginImpl.doLogin(SsoProcessor.kt:331)
	at net.mamoe.mirai.internal.network.components.SsoProcessorImpl$SlowLoginImpl$doLogin$1.invokeSuspend(SsoProcessor.kt)
	... 9 more
[0m
[93m2023-03-12 22:20:44 W/Net 1276766640: Network selector received exception, closing bot. (net.mamoe.mirai.internal.network.components.LoginFailedExceptionAsNetworkException: Error(bot=Bot(1276766640), code=45, title=ç¦æ­¢ç™»å½•, message=ç™»å½•å¤±è´¥ï¼Œå»ºè®®å‡çº§æœ€æ–°ç‰ˆæœ¬åé‡è¯•ï¼Œæˆ–é€šè¿‡é—®é¢˜åé¦ˆä¸æˆ‘ä»¬è”ç³»ã€‚, errorInfo=))[0m
