[0m2023-10-22 00:00:01 V/: Send: ImgStore.GroupPicUp(ImgStore.GroupPicUp)[0m
[0m2023-10-22 00:00:01 V/: Recv: ImgStore.GroupPicUp[0m
[0m2023-10-22 00:00:01 V/: Send: MessageSvc.PbSendMsg(MessageSvc.PbSendMsg)[0m
[0m2023-10-22 00:00:02 V/: Recv: MessageSvc.PbSendMsg[0m
[0m2023-10-22 07:00:01 V/: Send: MessageSvc.PbSendMsg(MessageSvc.PbSendMsg)[0m
[0m2023-10-22 07:00:01 V/: Recv: MessageSvc.PbSendMsg[0m
[0m2023-10-22 07:00:01 V/: Send: ImgStore.GroupPicUp(ImgStore.GroupPicUp)[0m
[0m2023-10-22 07:00:02 V/: Recv: ImgStore.GroupPicUp[0m
[0m2023-10-22 07:00:02 V/: Send: MessageSvc.PbSendMsg(MessageSvc.PbSendMsg)[0m
[0m2023-10-22 07:00:02 V/: Recv: MessageSvc.PbSendMsg[0m
[0m2023-10-22 08:00:02 V/: Send: ImgStore.GroupPicUp(ImgStore.GroupPicUp)[0m
[0m2023-10-22 08:00:02 V/: Recv: ImgStore.GroupPicUp[0m
[0m2023-10-22 08:00:02 V/: Send: MessageSvc.PbSendMsg(MessageSvc.PbSendMsg)[0m
[0m2023-10-22 08:00:02 V/: Recv: MessageSvc.PbSendMsg[0m
[0m2023-10-22 08:00:03 V/: Send: ImgStore.GroupPicUp(ImgStore.GroupPicUp)[0m
[0m2023-10-22 08:00:03 V/: Recv: ImgStore.GroupPicUp[0m
[0m2023-10-22 08:00:03 V/: Send: MessageSvc.PbSendMsg(MessageSvc.PbSendMsg)[0m
[0m2023-10-22 08:00:04 V/: Recv: MessageSvc.PbSendMsg[0m
[0m2023-10-22 09:00:02 V/: Send: ImgStore.GroupPicUp(ImgStore.GroupPicUp)[0m
[0m2023-10-22 09:00:02 V/: Recv: ImgStore.GroupPicUp[0m
[0m2023-10-22 09:00:02 V/: Send: MessageSvc.PbSendMsg(MessageSvc.PbSendMsg)[0m
[0m2023-10-22 09:00:03 V/: Recv: MessageSvc.PbSendMsg[0m
[0m2023-10-22 09:46:48 V/: Send: ImgStore.GroupPicUp(ImgStore.GroupPicUp)[0m
[0m2023-10-22 09:46:48 V/: Recv: ImgStore.GroupPicUp[0m
[0m2023-10-22 09:46:48 V/: [Highway] Uploading group image to 106.55.123.135:14000, size=179.91 KiB[0m
[0m2023-10-22 09:46:49 V/: [Highway] Uploading group image: succeed at 155 KiB/s[0m
[0m2023-10-22 09:46:49 V/: Send: MessageSvc.PbSendMsg(MessageSvc.PbSendMsg)[0m
[0m2023-10-22 09:46:49 V/: Recv: MessageSvc.PbSendMsg[0m
[0m2023-10-22 10:00:02 V/: Send: ImgStore.GroupPicUp(ImgStore.GroupPicUp)[0m
[0m2023-10-22 10:00:02 V/: Recv: ImgStore.GroupPicUp[0m
[0m2023-10-22 10:00:02 V/: Send: MessageSvc.PbSendMsg(MessageSvc.PbSendMsg)[0m
[0m2023-10-22 10:00:02 V/: Recv: MessageSvc.PbSendMsg[0m
[0m2023-10-22 10:51:01 V/: Send: ImgStore.GroupPicUp(ImgStore.GroupPicUp)[0m
[0m2023-10-22 10:51:01 V/: Recv: ImgStore.GroupPicUp[0m
[0m2023-10-22 10:51:01 V/: [Highway] Uploading group image to 106.55.123.135:14000, size=118.43 KiB[0m
[0m2023-10-22 10:51:02 V/: [Highway] Uploading group image: succeed at 117 KiB/s[0m
[0m2023-10-22 10:51:02 V/: Send: MessageSvc.PbSendMsg(MessageSvc.PbSendMsg)[0m
[0m2023-10-22 10:51:03 V/: Recv: MessageSvc.PbSendMsg[0m
[0m2023-10-22 11:00:01 V/: Send: ImgStore.GroupPicUp(ImgStore.GroupPicUp)[0m
[0m2023-10-22 11:00:01 V/: Recv: ImgStore.GroupPicUp[0m
[0m2023-10-22 11:00:01 V/: Send: MessageSvc.PbSendMsg(MessageSvc.PbSendMsg)[0m
[0m2023-10-22 11:00:01 V/: Recv: MessageSvc.PbSendMsg[0m
[0m2023-10-22 11:43:29 V/: Send: ImgStore.GroupPicUp(ImgStore.GroupPicUp)[0m
[0m2023-10-22 11:43:29 V/: [Highway] Uploading group image to 106.55.123.135:14000, size=2413.39 KiB[0m
[0m2023-10-22 11:43:29 V/: Recv: ImgStore.GroupPicUp[0m
[0m2023-10-22 11:43:43 V/: [Highway] Uploading group image: succeed at 164 KiB/s[0m
[0m2023-10-22 11:43:43 V/: Send: MessageSvc.PbSendMsg(MessageSvc.PbSendMsg)[0m
[0m2023-10-22 11:43:44 V/: Recv: MessageSvc.PbSendMsg[0m
[0m2023-10-22 12:00:01 V/: Send: ImgStore.GroupPicUp(ImgStore.GroupPicUp)[0m
[0m2023-10-22 12:00:02 V/: Recv: ImgStore.GroupPicUp[0m
[0m2023-10-22 12:00:02 V/: Send: MessageSvc.PbSendMsg(MessageSvc.PbSendMsg)[0m
[0m2023-10-22 12:00:02 V/: Recv: MessageSvc.PbSendMsg[0m
[0m2023-10-22 13:00:01 V/: Send: ImgStore.GroupPicUp(ImgStore.GroupPicUp)[0m
[0m2023-10-22 13:00:01 V/: Recv: ImgStore.GroupPicUp[0m
[0m2023-10-22 13:00:01 V/: Send: MessageSvc.PbSendMsg(MessageSvc.PbSendMsg)[0m
[0m2023-10-22 13:00:01 V/: Recv: MessageSvc.PbSendMsg[0m
[0m2023-10-22 14:00:03 V/: Send: ImgStore.GroupPicUp(ImgStore.GroupPicUp)[0m
[0m2023-10-22 14:00:03 V/: Recv: ImgStore.GroupPicUp[0m
[0m2023-10-22 14:00:03 V/: Send: MessageSvc.PbSendMsg(MessageSvc.PbSendMsg)[0m
[0m2023-10-22 14:00:03 V/: Recv: MessageSvc.PbSendMsg[0m
[0m2023-10-22 15:00:06 V/: Send: ImgStore.GroupPicUp(ImgStore.GroupPicUp)[0m
[0m2023-10-22 15:00:06 V/: Recv: ImgStore.GroupPicUp[0m
[0m2023-10-22 15:00:06 V/: Send: MessageSvc.PbSendMsg(MessageSvc.PbSendMsg)[0m
[0m2023-10-22 15:00:06 V/: Recv: MessageSvc.PbSendMsg[0m
[0m2023-10-22 15:00:52 V/: Send: ImgStore.GroupPicUp(ImgStore.GroupPicUp)[0m
[0m2023-10-22 15:00:52 V/: Recv: ImgStore.GroupPicUp[0m
[0m2023-10-22 15:00:52 V/: [Highway] Uploading group image to 106.55.123.135:14000, size=191.0 KiB[0m
[0m2023-10-22 15:00:54 V/: [Highway] Uploading group image: succeed at 145 KiB/s[0m
[0m2023-10-22 15:00:54 V/: Send: MessageSvc.PbSendMsg(MessageSvc.PbSendMsg)[0m
[0m2023-10-22 15:00:54 V/: Recv: MessageSvc.PbSendMsg[0m
[0m2023-10-22 16:00:02 V/: Send: ImgStore.GroupPicUp(ImgStore.GroupPicUp)[0m
[0m2023-10-22 16:00:02 V/: Recv: ImgStore.GroupPicUp[0m
[0m2023-10-22 16:00:02 V/: Send: MessageSvc.PbSendMsg(MessageSvc.PbSendMsg)[0m
[0m2023-10-22 16:00:02 V/: Recv: MessageSvc.PbSendMsg[0m
[0m2023-10-22 16:03:17 V/: Send: ImgStore.GroupPicUp(ImgStore.GroupPicUp)[0m
[0m2023-10-22 16:03:17 V/: Recv: ImgStore.GroupPicUp[0m
[0m2023-10-22 16:03:17 V/: Send: ImgStore.GroupPicUp(ImgStore.GroupPicUp)[0m
[0m2023-10-22 16:03:17 V/: Recv: ImgStore.GroupPicUp[0m
[0m2023-10-22 16:03:17 V/: Send: MessageSvc.PbSendMsg(MessageSvc.PbSendMsg)[0m
[0m2023-10-22 16:03:18 V/: Recv: MessageSvc.PbSendMsg[0m
[0m2023-10-22 16:33:50 V/: Send: MessageSvc.PbSendMsg(MessageSvc.PbSendMsg)[0m
[0m2023-10-22 16:33:50 V/: Recv: MessageSvc.PbSendMsg[0m
[0m2023-10-22 16:34:19 V/: Send: ImgStore.GroupPicUp(ImgStore.GroupPicUp)[0m
[0m2023-10-22 16:34:19 V/: Recv: ImgStore.GroupPicUp[0m
[0m2023-10-22 16:34:19 V/: Send: ImgStore.GroupPicUp(ImgStore.GroupPicUp)[0m
[0m2023-10-22 16:34:20 V/: Recv: ImgStore.GroupPicUp[0m
[0m2023-10-22 16:34:20 V/: Send: MessageSvc.PbSendMsg(MessageSvc.PbSendMsg)[0m
[0m2023-10-22 16:34:20 V/: Recv: MessageSvc.PbSendMsg[0m
[0m2023-10-22 16:34:28 V/: Send: ImgStore.GroupPicUp(ImgStore.GroupPicUp)[0m
[0m2023-10-22 16:34:28 V/: Recv: ImgStore.GroupPicUp[0m
[0m2023-10-22 16:34:28 V/: Send: ImgStore.GroupPicUp(ImgStore.GroupPicUp)[0m
[0m2023-10-22 16:34:28 V/: Recv: ImgStore.GroupPicUp[0m
[0m2023-10-22 16:34:28 V/: Send: MessageSvc.PbSendMsg(MessageSvc.PbSendMsg)[0m
[0m2023-10-22 16:34:28 V/: Recv: MessageSvc.PbSendMsg[0m
[0m2023-10-22 16:42:46 V/: Send: MessageSvc.PbSendMsg(MessageSvc.PbSendMsg)[0m
[0m2023-10-22 16:42:46 V/: Recv: MessageSvc.PbSendMsg[0m
[0m2023-10-22 16:42:51 V/: Send: PbMessageSvc.PbMsgWithDraw(PbMsgWithDraw(group=453553841, seq=768941, rand=21955069))[0m
[0m2023-10-22 16:42:51 V/: Recv: PbMessageSvc.PbMsgWithDraw[0m
[0m2023-10-22 16:42:52 V/: Send: MessageSvc.PbSendMsg(MessageSvc.PbSendMsg)[0m
[0m2023-10-22 16:42:53 V/: Recv: MessageSvc.PbSendMsg[0m
[0m2023-10-22 16:43:18 V/: Send: ImgStore.GroupPicUp(ImgStore.GroupPicUp)[0m
[0m2023-10-22 16:43:19 V/: Recv: ImgStore.GroupPicUp[0m
[0m2023-10-22 16:43:19 V/: [Highway] Uploading group image to 106.55.123.135:14000, size=315.3 KiB[0m
[0m2023-10-22 16:43:21 V/: [Highway] Uploading group image: succeed at 136 KiB/s[0m
[0m2023-10-22 16:43:21 V/: Send: ImgStore.GroupPicUp(ImgStore.GroupPicUp)[0m
[0m2023-10-22 16:43:21 V/: Recv: ImgStore.GroupPicUp[0m
[0m2023-10-22 16:43:21 V/: Send: MessageSvc.PbSendMsg(MessageSvc.PbSendMsg)[0m
[0m2023-10-22 16:43:22 V/: Recv: MessageSvc.PbSendMsg[0m
[0m2023-10-22 16:56:09 V/: Send: MessageSvc.PbSendMsg(MessageSvc.PbSendMsg)[0m
[0m2023-10-22 16:56:10 V/: Recv: MessageSvc.PbSendMsg[0m
[0m2023-10-22 16:56:36 V/: Send: PbMessageSvc.PbMsgWithDraw(PbMsgWithDraw(group=453553841, seq=768951, rand=1469710722))[0m
[0m2023-10-22 16:56:36 V/: Recv: PbMessageSvc.PbMsgWithDraw[0m
[0m2023-10-22 16:56:38 V/: Send: MessageSvc.PbSendMsg(MessageSvc.PbSendMsg)[0m
[0m2023-10-22 16:56:38 V/: Recv: MessageSvc.PbSendMsg[0m
[0m2023-10-22 17:00:02 V/: Send: ImgStore.GroupPicUp(ImgStore.GroupPicUp)[0m
[0m2023-10-22 17:00:03 V/: Recv: ImgStore.GroupPicUp[0m
[0m2023-10-22 17:00:03 V/: Send: MessageSvc.PbSendMsg(MessageSvc.PbSendMsg)[0m
[0m2023-10-22 17:00:03 V/: Recv: MessageSvc.PbSendMsg[0m
[0m2023-10-22 17:01:47 V/: Send: MessageSvc.PbSendMsg(MessageSvc.PbSendMsg)[0m
[0m2023-10-22 17:01:47 V/: Recv: MessageSvc.PbSendMsg[0m
[0m2023-10-22 17:01:50 V/: Send: PbMessageSvc.PbMsgWithDraw(PbMsgWithDraw(group=453553841, seq=768957, rand=77191108))[0m
[0m2023-10-22 17:01:50 V/: Recv: PbMessageSvc.PbMsgWithDraw[0m
[0m2023-10-22 17:01:51 V/: Send: MessageSvc.PbSendMsg(MessageSvc.PbSendMsg)[0m
[0m2023-10-22 17:01:51 V/: Recv: MessageSvc.PbSendMsg[0m
[0m2023-10-22 17:13:58 V/: Send: ImgStore.GroupPicUp(ImgStore.GroupPicUp)[0m
[0m2023-10-22 17:13:58 V/: Recv: ImgStore.GroupPicUp[0m
[0m2023-10-22 17:13:58 V/: [Highway] Uploading group image to 106.55.123.135:14000, size=22.33 KiB[0m
[0m2023-10-22 17:13:58 V/: [Highway] Uploading group image: succeed at 71 KiB/s[0m
[0m2023-10-22 17:13:58 V/: Send: ImgStore.GroupPicUp(ImgStore.GroupPicUp)[0m
[0m2023-10-22 17:13:59 V/: Recv: ImgStore.GroupPicUp[0m
[0m2023-10-22 17:13:59 V/: Send: MessageSvc.PbSendMsg(MessageSvc.PbSendMsg)[0m
[0m2023-10-22 17:13:59 V/: Recv: MessageSvc.PbSendMsg[0m
[0m2023-10-22 17:19:14 V/: Send: ProfileService.Pb.ReqSystemMsgNew.Group(ProfileService.Pb.ReqSystemMsgNew.Group)[0m
[0m2023-10-22 17:19:14 V/: Recv: ProfileService.Pb.ReqSystemMsgNew.Group[0m
[0m2023-10-22 18:00:05 V/: Send: ImgStore.GroupPicUp(ImgStore.GroupPicUp)[0m
[0m2023-10-22 18:00:05 V/: Recv: ImgStore.GroupPicUp[0m
[0m2023-10-22 18:00:05 V/: Send: MessageSvc.PbSendMsg(MessageSvc.PbSendMsg)[0m
[0m2023-10-22 18:00:05 V/: Recv: MessageSvc.PbSendMsg[0m
[0m2023-10-22 18:07:12 V/: Send: ImgStore.GroupPicUp(ImgStore.GroupPicUp)[0m
[0m2023-10-22 18:07:12 V/: Recv: ImgStore.GroupPicUp[0m
[0m2023-10-22 18:07:12 V/: [Highway] Uploading group image to 106.55.123.135:14000, size=248.23 KiB[0m
[0m2023-10-22 18:07:14 V/: [Highway] Uploading group image: succeed at 150 KiB/s[0m
[0m2023-10-22 18:07:14 V/: Send: MessageSvc.PbSendMsg(MessageSvc.PbSendMsg)[0m
[0m2023-10-22 18:07:14 V/: Recv: MessageSvc.PbSendMsg[0m
[0m2023-10-22 19:00:03 V/: Send: ImgStore.GroupPicUp(ImgStore.GroupPicUp)[0m
[0m2023-10-22 19:00:03 V/: Recv: ImgStore.GroupPicUp[0m
[0m2023-10-22 19:00:03 V/: Send: MessageSvc.PbSendMsg(MessageSvc.PbSendMsg)[0m
[0m2023-10-22 19:00:04 V/: Recv: MessageSvc.PbSendMsg[0m
[0m2023-10-22 19:01:08 V/: Send: ImgStore.GroupPicUp(ImgStore.GroupPicUp)[0m
[0m2023-10-22 19:01:08 V/: Recv: ImgStore.GroupPicUp[0m
[0m2023-10-22 19:01:08 V/: [Highway] Uploading group image to 106.55.123.135:14000, size=225.34 KiB[0m
[0m2023-10-22 19:01:10 V/: [Highway] Uploading group image: succeed at 148 KiB/s[0m
[0m2023-10-22 19:01:10 V/: Send: MessageSvc.PbSendMsg(MessageSvc.PbSendMsg)[0m
[0m2023-10-22 19:01:10 V/: Recv: MessageSvc.PbSendMsg[0m
[0m2023-10-22 20:00:01 V/: Send: ImgStore.GroupPicUp(ImgStore.GroupPicUp)[0m
[0m2023-10-22 20:00:02 V/: Recv: ImgStore.GroupPicUp[0m
[0m2023-10-22 20:00:02 V/: Send: MessageSvc.PbSendMsg(MessageSvc.PbSendMsg)[0m
[0m2023-10-22 20:00:02 V/: Recv: MessageSvc.PbSendMsg[0m
[0m2023-10-22 20:45:28 V/: Send: ImgStore.GroupPicUp(ImgStore.GroupPicUp)[0m
[0m2023-10-22 20:45:28 V/: [Highway] Uploading group image to 106.55.123.135:14000, size=225.33 KiB[0m
[0m2023-10-22 20:45:28 V/: Recv: ImgStore.GroupPicUp[0m
[0m2023-10-22 20:45:30 V/: [Highway] Uploading group image: succeed at 145 KiB/s[0m
[0m2023-10-22 20:45:30 V/: Send: MessageSvc.PbSendMsg(MessageSvc.PbSendMsg)[0m
[0m2023-10-22 20:45:30 V/: Recv: MessageSvc.PbSendMsg[0m
[0m2023-10-22 20:45:40 V/: Send: ImgStore.GroupPicUp(ImgStore.GroupPicUp)[0m
[0m2023-10-22 20:45:40 V/: [Highway] Uploading group image to 106.55.123.135:14000, size=215.71 KiB[0m
[0m2023-10-22 20:45:40 V/: Recv: ImgStore.GroupPicUp[0m
[0m2023-10-22 20:45:41 V/: [Highway] Uploading group image: succeed at 145 KiB/s[0m
[0m2023-10-22 20:45:41 V/: Send: MessageSvc.PbSendMsg(MessageSvc.PbSendMsg)[0m
[0m2023-10-22 20:45:42 V/: Recv: MessageSvc.PbSendMsg[0m
[0m2023-10-22 21:00:03 V/: Send: ImgStore.GroupPicUp(ImgStore.GroupPicUp)[0m
[0m2023-10-22 21:00:03 V/: Recv: ImgStore.GroupPicUp[0m
[0m2023-10-22 21:00:03 V/: Send: MessageSvc.PbSendMsg(MessageSvc.PbSendMsg)[0m
[0m2023-10-22 21:00:04 V/: Recv: MessageSvc.PbSendMsg[0m
[0m2023-10-22 22:00:03 V/: Send: ImgStore.GroupPicUp(ImgStore.GroupPicUp)[0m
[0m2023-10-22 22:00:03 V/: Recv: ImgStore.GroupPicUp[0m
[0m2023-10-22 22:00:03 V/: Send: MessageSvc.PbSendMsg(MessageSvc.PbSendMsg)[0m
[0m2023-10-22 22:00:04 V/: Recv: MessageSvc.PbSendMsg[0m
[0m2023-10-22 22:20:28 V/: Send: wtlogin.exchange_emp(15:refresh-keys)[0m
[0m2023-10-22 22:20:28 V/: Recv: wtlogin.exchange_emp[0m
[92m2023-10-22 22:20:28 I/: Scheduled key refresh in 23h 55min 0.0s.[0m
[0m2023-10-22 22:38:19 V/: Send: MessageSvc.PbSendMsg(MessageSvc.PbSendMsg)[0m
[0m2023-10-22 22:38:19 V/: Recv: MessageSvc.PbSendMsg[0m
[0m2023-10-22 22:38:31 V/: Send: PbMessageSvc.PbMsgWithDraw(PbMsgWithDraw(group=453553841, seq=769495, rand=193201238))[0m
[0m2023-10-22 22:38:31 V/: Recv: PbMessageSvc.PbMsgWithDraw[0m
[0m2023-10-22 22:38:32 V/: Send: MessageSvc.PbSendMsg(MessageSvc.PbSendMsg)[0m
[0m2023-10-22 22:38:33 V/: Recv: MessageSvc.PbSendMsg[0m
[0m2023-10-22 22:42:22 V/: Send: ImgStore.GroupPicUp(ImgStore.GroupPicUp)[0m
[0m2023-10-22 22:42:23 V/: Recv: ImgStore.GroupPicUp[0m
[0m2023-10-22 22:42:23 V/: Send: ImgStore.GroupPicUp(ImgStore.GroupPicUp)[0m
[0m2023-10-22 22:42:23 V/: Recv: ImgStore.GroupPicUp[0m
[0m2023-10-22 22:42:23 V/: Send: MessageSvc.PbSendMsg(MessageSvc.PbSendMsg)[0m
[0m2023-10-22 22:42:23 V/: Recv: MessageSvc.PbSendMsg[0m
[0m2023-10-22 23:00:02 V/: Send: ImgStore.GroupPicUp(ImgStore.GroupPicUp)[0m
[0m2023-10-22 23:00:02 V/: Recv: ImgStore.GroupPicUp[0m
[0m2023-10-22 23:00:02 V/: Send: MessageSvc.PbSendMsg(MessageSvc.PbSendMsg)[0m
[0m2023-10-22 23:00:03 V/: Recv: MessageSvc.PbSendMsg[0m
