[0m2023-10-21 00:00:02 V/: Send: ImgStore.GroupPicUp(ImgStore.GroupPicUp)[0m
[0m2023-10-21 00:00:02 V/: Recv: ImgStore.GroupPicUp[0m
[0m2023-10-21 00:00:02 V/: Send: MessageSvc.PbSendMsg(MessageSvc.PbSendMsg)[0m
[0m2023-10-21 00:00:03 V/: Recv: MessageSvc.PbSendMsg[0m
[0m2023-10-21 00:55:04 V/: Send: ImgStore.GroupPicUp(ImgStore.GroupPicUp)[0m
[0m2023-10-21 00:55:04 V/: Recv: ImgStore.GroupPicUp[0m
[0m2023-10-21 00:55:04 V/: Send: ImgStore.GroupPicUp(ImgStore.GroupPicUp)[0m
[0m2023-10-21 00:55:04 V/: Recv: ImgStore.GroupPicUp[0m
[0m2023-10-21 00:55:05 V/: Send: MessageSvc.PbSendMsg(MessageSvc.PbSendMsg)[0m
[0m2023-10-21 00:55:05 V/: Recv: MessageSvc.PbSendMsg[0m
[0m2023-10-21 00:58:03 V/: Send: ImgStore.GroupPicUp(ImgStore.GroupPicUp)[0m
[0m2023-10-21 00:58:03 V/: Recv: ImgStore.GroupPicUp[0m
[0m2023-10-21 00:58:03 V/: [Highway] Uploading group image to 106.55.123.135:14000, size=105.77 KiB[0m
[0m2023-10-21 00:58:04 V/: [Highway] Uploading group image: succeed at 137 KiB/s[0m
[0m2023-10-21 00:58:04 V/: Send: ImgStore.GroupPicUp(ImgStore.GroupPicUp)[0m
[0m2023-10-21 00:58:04 V/: Recv: ImgStore.GroupPicUp[0m
[0m2023-10-21 00:58:04 V/: Send: MessageSvc.PbSendMsg(MessageSvc.PbSendMsg)[0m
[0m2023-10-21 00:58:04 V/: Recv: MessageSvc.PbSendMsg[0m
[0m2023-10-21 01:00:12 V/: Send: ImgStore.GroupPicUp(ImgStore.GroupPicUp)[0m
[0m2023-10-21 01:00:13 V/: Recv: ImgStore.GroupPicUp[0m
[0m2023-10-21 01:00:13 V/: [Highway] Uploading group image to 106.55.123.135:14000, size=59.46 KiB[0m
[0m2023-10-21 01:00:13 V/: [Highway] Uploading group image: succeed at 135 KiB/s[0m
[0m2023-10-21 01:00:13 V/: Send: MessageSvc.PbSendMsg(MessageSvc.PbSendMsg)[0m
[0m2023-10-21 01:00:13 V/: Recv: MessageSvc.PbSendMsg[0m
[0m2023-10-21 01:05:41 V/: Send: MessageSvc.PbSendMsg(MessageSvc.PbSendMsg)[0m
[0m2023-10-21 01:05:41 V/: Recv: MessageSvc.PbSendMsg[0m
[0m2023-10-21 01:05:53 V/: Send: ImgStore.GroupPicUp(ImgStore.GroupPicUp)[0m
[0m2023-10-21 01:05:53 V/: Recv: ImgStore.GroupPicUp[0m
[0m2023-10-21 01:05:53 V/: Send: ImgStore.GroupPicUp(ImgStore.GroupPicUp)[0m
[0m2023-10-21 01:05:53 V/: Recv: ImgStore.GroupPicUp[0m
[0m2023-10-21 01:05:53 V/: Send: MessageSvc.PbSendMsg(MessageSvc.PbSendMsg)[0m
[0m2023-10-21 01:05:53 V/: Recv: MessageSvc.PbSendMsg[0m
[0m2023-10-21 01:06:21 V/: Send: ImgStore.GroupPicUp(ImgStore.GroupPicUp)[0m
[0m2023-10-21 01:06:21 V/: Recv: ImgStore.GroupPicUp[0m
[0m2023-10-21 01:06:21 V/: Send: ImgStore.GroupPicUp(ImgStore.GroupPicUp)[0m
[0m2023-10-21 01:06:21 V/: Recv: ImgStore.GroupPicUp[0m
[0m2023-10-21 01:06:21 V/: Send: MessageSvc.PbSendMsg(MessageSvc.PbSendMsg)[0m
[0m2023-10-21 01:06:21 V/: Recv: MessageSvc.PbSendMsg[0m
[0m2023-10-21 07:00:00 V/: Send: MessageSvc.PbSendMsg(MessageSvc.PbSendMsg)[0m
[0m2023-10-21 07:00:01 V/: Recv: MessageSvc.PbSendMsg[0m
[0m2023-10-21 07:00:01 V/: Send: ImgStore.GroupPicUp(ImgStore.GroupPicUp)[0m
[0m2023-10-21 07:00:01 V/: Recv: ImgStore.GroupPicUp[0m
[0m2023-10-21 07:00:01 V/: Send: MessageSvc.PbSendMsg(MessageSvc.PbSendMsg)[0m
[0m2023-10-21 07:00:02 V/: Recv: MessageSvc.PbSendMsg[0m
[0m2023-10-21 08:00:01 V/: Send: ImgStore.GroupPicUp(ImgStore.GroupPicUp)[0m
[0m2023-10-21 08:00:01 V/: Recv: ImgStore.GroupPicUp[0m
[0m2023-10-21 08:00:01 V/: Send: MessageSvc.PbSendMsg(MessageSvc.PbSendMsg)[0m
[0m2023-10-21 08:00:02 V/: Recv: MessageSvc.PbSendMsg[0m
[0m2023-10-21 08:00:03 V/: Send: ImgStore.GroupPicUp(ImgStore.GroupPicUp)[0m
[0m2023-10-21 08:00:03 V/: Recv: ImgStore.GroupPicUp[0m
[0m2023-10-21 08:00:03 V/: Send: MessageSvc.PbSendMsg(MessageSvc.PbSendMsg)[0m
[0m2023-10-21 08:00:04 V/: Recv: MessageSvc.PbSendMsg[0m
[0m2023-10-21 09:00:02 V/: Send: ImgStore.GroupPicUp(ImgStore.GroupPicUp)[0m
[0m2023-10-21 09:00:02 V/: Recv: ImgStore.GroupPicUp[0m
[0m2023-10-21 09:00:02 V/: Send: MessageSvc.PbSendMsg(MessageSvc.PbSendMsg)[0m
[0m2023-10-21 09:00:02 V/: Recv: MessageSvc.PbSendMsg[0m
[0m2023-10-21 09:31:01 V/: Send: ProfileService.Pb.ReqSystemMsgNew.Group(ProfileService.Pb.ReqSystemMsgNew.Group)[0m
[0m2023-10-21 09:31:01 V/: Recv: ProfileService.Pb.ReqSystemMsgNew.Group[0m
[0m2023-10-21 09:49:10 V/: Send: ImgStore.GroupPicUp(ImgStore.GroupPicUp)[0m
[0m2023-10-21 09:49:10 V/: Recv: ImgStore.GroupPicUp[0m
[0m2023-10-21 09:49:10 V/: [Highway] Uploading group image to 106.55.123.135:14000, size=114.48 KiB[0m
[0m2023-10-21 09:49:11 V/: [Highway] Uploading group image: succeed at 133 KiB/s[0m
[0m2023-10-21 09:49:11 V/: Send: MessageSvc.PbSendMsg(MessageSvc.PbSendMsg)[0m
[0m2023-10-21 09:49:11 V/: Recv: MessageSvc.PbSendMsg[0m
[0m2023-10-21 10:00:01 V/: Send: ImgStore.GroupPicUp(ImgStore.GroupPicUp)[0m
[0m2023-10-21 10:00:01 V/: Recv: ImgStore.GroupPicUp[0m
[0m2023-10-21 10:00:01 V/: Send: MessageSvc.PbSendMsg(MessageSvc.PbSendMsg)[0m
[0m2023-10-21 10:00:02 V/: Recv: MessageSvc.PbSendMsg[0m
[0m2023-10-21 10:53:36 V/: Send: MessageSvc.PbSendMsg(MessageSvc.PbSendMsg)[0m
[0m2023-10-21 10:53:36 V/: Recv: MessageSvc.PbSendMsg[0m
[0m2023-10-21 10:53:40 V/: Send: PbMessageSvc.PbMsgWithDraw(PbMsgWithDraw(group=453553841, seq=767613, rand=1882142367))[0m
[0m2023-10-21 10:53:40 V/: Recv: PbMessageSvc.PbMsgWithDraw[0m
[0m2023-10-21 10:53:42 V/: Send: MessageSvc.PbSendMsg(MessageSvc.PbSendMsg)[0m
[0m2023-10-21 10:53:42 V/: Recv: MessageSvc.PbSendMsg[0m
[0m2023-10-21 11:00:01 V/: Send: ImgStore.GroupPicUp(ImgStore.GroupPicUp)[0m
[0m2023-10-21 11:00:01 V/: Recv: ImgStore.GroupPicUp[0m
[0m2023-10-21 11:00:01 V/: Send: MessageSvc.PbSendMsg(MessageSvc.PbSendMsg)[0m
[0m2023-10-21 11:00:02 V/: Recv: MessageSvc.PbSendMsg[0m
[0m2023-10-21 12:00:02 V/: Send: ImgStore.GroupPicUp(ImgStore.GroupPicUp)[0m
[0m2023-10-21 12:00:02 V/: Recv: ImgStore.GroupPicUp[0m
[0m2023-10-21 12:00:02 V/: Send: MessageSvc.PbSendMsg(MessageSvc.PbSendMsg)[0m
[0m2023-10-21 12:00:03 V/: Recv: MessageSvc.PbSendMsg[0m
[0m2023-10-21 12:04:02 V/: Send: ImgStore.GroupPicUp(ImgStore.GroupPicUp)[0m
[0m2023-10-21 12:04:02 V/: Recv: ImgStore.GroupPicUp[0m
[0m2023-10-21 12:04:02 V/: [Highway] Uploading group image to 106.55.123.135:14000, size=155.77 KiB[0m
[0m2023-10-21 12:04:03 V/: [Highway] Uploading group image: succeed at 138 KiB/s[0m
[0m2023-10-21 12:04:03 V/: Send: MessageSvc.PbSendMsg(MessageSvc.PbSendMsg)[0m
[0m2023-10-21 12:04:04 V/: Recv: MessageSvc.PbSendMsg[0m
[0m2023-10-21 12:21:54 V/: Send: ImgStore.GroupPicUp(ImgStore.GroupPicUp)[0m
[0m2023-10-21 12:21:55 V/: Recv: ImgStore.GroupPicUp[0m
[0m2023-10-21 12:21:55 V/: [Highway] Uploading group image to 106.55.123.135:14000, size=9.41 KiB[0m
[0m2023-10-21 12:21:55 V/: [Highway] Uploading group image: succeed at 46 KiB/s[0m
[0m2023-10-21 12:21:55 V/: Send: ImgStore.GroupPicUp(ImgStore.GroupPicUp)[0m
[0m2023-10-21 12:21:55 V/: Recv: ImgStore.GroupPicUp[0m
[0m2023-10-21 12:21:55 V/: Send: MessageSvc.PbSendMsg(MessageSvc.PbSendMsg)[0m
[0m2023-10-21 12:21:55 V/: Recv: MessageSvc.PbSendMsg[0m
[0m2023-10-21 12:22:05 V/: Send: MessageSvc.PbSendMsg(MessageSvc.PbSendMsg)[0m
[0m2023-10-21 12:22:05 V/: Recv: MessageSvc.PbSendMsg[0m
[0m2023-10-21 12:22:20 V/: Send: ImgStore.GroupPicUp(ImgStore.GroupPicUp)[0m
[0m2023-10-21 12:22:20 V/: Recv: ImgStore.GroupPicUp[0m
[0m2023-10-21 12:22:20 V/: [Highway] Uploading group image to 106.55.123.135:14000, size=72.48 KiB[0m
[0m2023-10-21 12:22:20 V/: [Highway] Uploading group image: succeed at 115 KiB/s[0m
[0m2023-10-21 12:22:20 V/: Send: ImgStore.GroupPicUp(ImgStore.GroupPicUp)[0m
[0m2023-10-21 12:22:21 V/: Recv: ImgStore.GroupPicUp[0m
[0m2023-10-21 12:22:21 V/: Send: MessageSvc.PbSendMsg(MessageSvc.PbSendMsg)[0m
[0m2023-10-21 12:22:21 V/: Recv: MessageSvc.PbSendMsg[0m
[0m2023-10-21 12:23:10 V/: Send: MessageSvc.PbSendMsg(MessageSvc.PbSendMsg)[0m
[0m2023-10-21 12:23:10 V/: Recv: MessageSvc.PbSendMsg[0m
[0m2023-10-21 12:23:17 V/: Send: ImgStore.GroupPicUp(ImgStore.GroupPicUp)[0m
[0m2023-10-21 12:23:17 V/: Recv: ImgStore.GroupPicUp[0m
[0m2023-10-21 12:23:17 V/: [Highway] Uploading group image to 106.55.123.135:14000, size=374.64 KiB[0m
[0m2023-10-21 12:23:20 V/: [Highway] Uploading group image: succeed at 156 KiB/s[0m
[0m2023-10-21 12:23:20 V/: Send: ImgStore.GroupPicUp(ImgStore.GroupPicUp)[0m
[0m2023-10-21 12:23:20 V/: Recv: ImgStore.GroupPicUp[0m
[0m2023-10-21 12:23:20 V/: Send: MessageSvc.PbSendMsg(MessageSvc.PbSendMsg)[0m
[0m2023-10-21 12:23:20 V/: Recv: MessageSvc.PbSendMsg[0m
[0m2023-10-21 12:23:28 V/: Send: MessageSvc.PbSendMsg(MessageSvc.PbSendMsg)[0m
[0m2023-10-21 12:23:28 V/: Recv: MessageSvc.PbSendMsg[0m
[0m2023-10-21 12:25:57 V/: Send: ImgStore.GroupPicUp(ImgStore.GroupPicUp)[0m
[0m2023-10-21 12:25:57 V/: Recv: ImgStore.GroupPicUp[0m
[0m2023-10-21 12:25:57 V/: Send: ImgStore.GroupPicUp(ImgStore.GroupPicUp)[0m
[0m2023-10-21 12:25:57 V/: Recv: ImgStore.GroupPicUp[0m
[0m2023-10-21 12:25:57 V/: Send: MessageSvc.PbSendMsg(MessageSvc.PbSendMsg)[0m
[0m2023-10-21 12:25:58 V/: Recv: MessageSvc.PbSendMsg[0m
[0m2023-10-21 12:26:10 V/: Send: ImgStore.GroupPicUp(ImgStore.GroupPicUp)[0m
[0m2023-10-21 12:26:10 V/: Recv: ImgStore.GroupPicUp[0m
[0m2023-10-21 12:26:10 V/: Send: ImgStore.GroupPicUp(ImgStore.GroupPicUp)[0m
[0m2023-10-21 12:26:10 V/: Recv: ImgStore.GroupPicUp[0m
[0m2023-10-21 12:26:10 V/: Send: MessageSvc.PbSendMsg(MessageSvc.PbSendMsg)[0m
[0m2023-10-21 12:26:11 V/: Recv: MessageSvc.PbSendMsg[0m
[0m2023-10-21 12:51:13 V/: Send: ImgStore.GroupPicUp(ImgStore.GroupPicUp)[0m
[0m2023-10-21 12:51:13 V/: Recv: ImgStore.GroupPicUp[0m
[0m2023-10-21 12:51:13 V/: [Highway] Uploading group image to 106.55.123.135:14000, size=41.21 KiB[0m
[0m2023-10-21 12:51:13 V/: [Highway] Uploading group image: succeed at 114 KiB/s[0m
[0m2023-10-21 12:51:13 V/: Send: ImgStore.GroupPicUp(ImgStore.GroupPicUp)[0m
[0m2023-10-21 12:51:14 V/: Recv: ImgStore.GroupPicUp[0m
[0m2023-10-21 12:51:14 V/: Send: MessageSvc.PbSendMsg(MessageSvc.PbSendMsg)[0m
[0m2023-10-21 12:51:14 V/: Recv: MessageSvc.PbSendMsg[0m
[0m2023-10-21 13:00:03 V/: Send: ImgStore.GroupPicUp(ImgStore.GroupPicUp)[0m
[0m2023-10-21 13:00:03 V/: Recv: ImgStore.GroupPicUp[0m
[0m2023-10-21 13:00:03 V/: Send: MessageSvc.PbSendMsg(MessageSvc.PbSendMsg)[0m
[0m2023-10-21 13:00:04 V/: Recv: MessageSvc.PbSendMsg[0m
[0m2023-10-21 14:00:05 V/: Send: ImgStore.GroupPicUp(ImgStore.GroupPicUp)[0m
[0m2023-10-21 14:00:05 V/: Recv: ImgStore.GroupPicUp[0m
[0m2023-10-21 14:00:05 V/: Send: MessageSvc.PbSendMsg(MessageSvc.PbSendMsg)[0m
[0m2023-10-21 14:00:05 V/: Recv: MessageSvc.PbSendMsg[0m
[0m2023-10-21 15:00:02 V/: Send: ImgStore.GroupPicUp(ImgStore.GroupPicUp)[0m
[0m2023-10-21 15:00:02 V/: Recv: ImgStore.GroupPicUp[0m
[0m2023-10-21 15:00:02 V/: Send: MessageSvc.PbSendMsg(MessageSvc.PbSendMsg)[0m
[0m2023-10-21 15:00:03 V/: Recv: MessageSvc.PbSendMsg[0m
[0m2023-10-21 16:00:02 V/: Send: ImgStore.GroupPicUp(ImgStore.GroupPicUp)[0m
[0m2023-10-21 16:00:02 V/: Recv: ImgStore.GroupPicUp[0m
[0m2023-10-21 16:00:02 V/: Send: MessageSvc.PbSendMsg(MessageSvc.PbSendMsg)[0m
[0m2023-10-21 16:00:02 V/: Recv: MessageSvc.PbSendMsg[0m
[0m2023-10-21 17:00:04 V/: Send: ImgStore.GroupPicUp(ImgStore.GroupPicUp)[0m
[0m2023-10-21 17:00:04 V/: Recv: ImgStore.GroupPicUp[0m
[0m2023-10-21 17:00:04 V/: Send: MessageSvc.PbSendMsg(MessageSvc.PbSendMsg)[0m
[0m2023-10-21 17:00:05 V/: Recv: MessageSvc.PbSendMsg[0m
[0m2023-10-21 17:00:50 V/: Recv: OnlinePush.PbPushTransMsg[0m
[0m2023-10-21 17:00:56 V/: Recv: OnlinePush.PbPushTransMsg[0m
[0m2023-10-21 17:30:18 V/: Send: ImgStore.GroupPicUp(ImgStore.GroupPicUp)[0m
[0m2023-10-21 17:30:18 V/: Recv: ImgStore.GroupPicUp[0m
[0m2023-10-21 17:30:18 V/: [Highway] Uploading group image to 106.55.123.135:14000, size=218.08 KiB[0m
[0m2023-10-21 17:30:20 V/: [Highway] Uploading group image: succeed at 131 KiB/s[0m
[0m2023-10-21 17:30:20 V/: Send: MessageSvc.PbSendMsg(MessageSvc.PbSendMsg)[0m
[0m2023-10-21 17:30:20 V/: Recv: MessageSvc.PbSendMsg[0m
[0m2023-10-21 17:44:29 V/: Recv: OnlinePush.PbPushTransMsg[0m
[0m2023-10-21 17:55:21 V/: Send: ImgStore.GroupPicUp(ImgStore.GroupPicUp)[0m
[0m2023-10-21 17:55:21 V/: Recv: ImgStore.GroupPicUp[0m
[0m2023-10-21 17:55:21 V/: [Highway] Uploading group image to 106.55.123.135:14000, size=211.23 KiB[0m
[0m2023-10-21 17:55:22 V/: [Highway] Uploading group image: succeed at 145 KiB/s[0m
[0m2023-10-21 17:55:22 V/: Send: MessageSvc.PbSendMsg(MessageSvc.PbSendMsg)[0m
[0m2023-10-21 17:55:23 V/: Recv: MessageSvc.PbSendMsg[0m
[0m2023-10-21 18:00:02 V/: Send: ImgStore.GroupPicUp(ImgStore.GroupPicUp)[0m
[0m2023-10-21 18:00:02 V/: Recv: ImgStore.GroupPicUp[0m
[0m2023-10-21 18:00:02 V/: Send: MessageSvc.PbSendMsg(MessageSvc.PbSendMsg)[0m
[0m2023-10-21 18:00:02 V/: Recv: MessageSvc.PbSendMsg[0m
[0m2023-10-21 19:00:01 V/: Send: ImgStore.GroupPicUp(ImgStore.GroupPicUp)[0m
[0m2023-10-21 19:00:01 V/: Recv: ImgStore.GroupPicUp[0m
[0m2023-10-21 19:00:01 V/: Send: MessageSvc.PbSendMsg(MessageSvc.PbSendMsg)[0m
[0m2023-10-21 19:00:02 V/: Recv: MessageSvc.PbSendMsg[0m
[0m2023-10-21 19:42:12 V/: Send: ImgStore.GroupPicUp(ImgStore.GroupPicUp)[0m
[0m2023-10-21 19:42:12 V/: [Highway] Uploading group image to 106.55.123.135:14000, size=307.9 KiB[0m
[0m2023-10-21 19:42:12 V/: Recv: ImgStore.GroupPicUp[0m
[0m2023-10-21 19:42:14 V/: [Highway] Uploading group image: succeed at 138 KiB/s[0m
[0m2023-10-21 19:42:14 V/: Send: MessageSvc.PbSendMsg(MessageSvc.PbSendMsg)[0m
[0m2023-10-21 19:42:15 V/: Recv: MessageSvc.PbSendMsg[0m
[0m2023-10-21 20:00:01 V/: Send: ImgStore.GroupPicUp(ImgStore.GroupPicUp)[0m
[0m2023-10-21 20:00:01 V/: Recv: ImgStore.GroupPicUp[0m
[0m2023-10-21 20:00:01 V/: Send: MessageSvc.PbSendMsg(MessageSvc.PbSendMsg)[0m
[0m2023-10-21 20:00:02 V/: Recv: MessageSvc.PbSendMsg[0m
[0m2023-10-21 20:34:02 V/: Send: MessageSvc.PbSendMsg(MessageSvc.PbSendMsg)[0m
[0m2023-10-21 20:34:03 V/: Recv: MessageSvc.PbSendMsg[0m
[0m2023-10-21 20:34:07 V/: Send: PbMessageSvc.PbMsgWithDraw(PbMsgWithDraw(group=453553841, seq=768159, rand=1010447816))[0m
[0m2023-10-21 20:34:07 V/: Recv: PbMessageSvc.PbMsgWithDraw[0m
[0m2023-10-21 20:34:09 V/: Send: MessageSvc.PbSendMsg(MessageSvc.PbSendMsg)[0m
[0m2023-10-21 20:34:09 V/: Recv: MessageSvc.PbSendMsg[0m
[0m2023-10-21 21:00:04 V/: Send: ImgStore.GroupPicUp(ImgStore.GroupPicUp)[0m
[0m2023-10-21 21:00:04 V/: Recv: ImgStore.GroupPicUp[0m
[0m2023-10-21 21:00:04 V/: Send: MessageSvc.PbSendMsg(MessageSvc.PbSendMsg)[0m
[0m2023-10-21 21:00:05 V/: Recv: MessageSvc.PbSendMsg[0m
[0m2023-10-21 22:00:02 V/: Send: ImgStore.GroupPicUp(ImgStore.GroupPicUp)[0m
[0m2023-10-21 22:00:02 V/: Recv: ImgStore.GroupPicUp[0m
[0m2023-10-21 22:00:02 V/: Send: MessageSvc.PbSendMsg(MessageSvc.PbSendMsg)[0m
[0m2023-10-21 22:00:02 V/: Recv: MessageSvc.PbSendMsg[0m
[0m2023-10-21 22:25:27 V/: Send: wtlogin.exchange_emp(15:refresh-keys)[0m
[0m2023-10-21 22:25:27 V/: Recv: wtlogin.exchange_emp[0m
[92m2023-10-21 22:25:27 I/: Scheduled key refresh in 23h 55min 0.0s.[0m
[0m2023-10-21 22:45:32 V/: Send: ProfileService.Pb.ReqSystemMsgNew.Group(ProfileService.Pb.ReqSystemMsgNew.Group)[0m
[0m2023-10-21 22:45:33 V/: Recv: ProfileService.Pb.ReqSystemMsgNew.Group[0m
[0m2023-10-21 22:45:33 V/: Recv: ProfileService.Pb.ReqSystemMsgNew.Group[0m
[0m2023-10-21 22:45:33 V/: Recv: ProfileService.Pb.ReqSystemMsgNew.Group[0m
[0m2023-10-21 22:45:33 V/: Recv: ProfileService.Pb.ReqSystemMsgNew.Group[0m
[0m2023-10-21 23:00:02 V/: Send: ImgStore.GroupPicUp(ImgStore.GroupPicUp)[0m
[0m2023-10-21 23:00:02 V/: Recv: ImgStore.GroupPicUp[0m
[0m2023-10-21 23:00:02 V/: Send: MessageSvc.PbSendMsg(MessageSvc.PbSendMsg)[0m
[0m2023-10-21 23:00:03 V/: Recv: MessageSvc.PbSendMsg[0m
